----------------- Options ---------------
               batch_size: 1                             
                    beta1: 0.5                           
          checkpoints_dir: ./checkpoints                 
           continue_train: False                         
                crop_size: 256                           
                 dataroot: ./datasets/ict2celeb          	[default: None]
             dataset_mode: unaligned                     
                direction: AtoB                          
              display_env: main                          
             display_freq: 400                           
               display_id: 1                             
            display_ncols: 4                             
             display_port: 8097                          
           display_server: http://localhost              
          display_winsize: 256                           
                    epoch: latest                        
              epoch_count: 1                             
                 gan_mode: lsgan                         
                  gpu_ids: 1                             	[default: 0]
                init_gain: 0.02                          
                init_type: normal                        
                 input_nc: 3                             
                  isTrain: True                          	[default: None]
                 lambda_A: 10.0                          
                 lambda_B: 10.0                          
          lambda_identity: 0.5                           
                load_iter: 0                             	[default: 0]
                load_size: 286                           
                       lr: 0.0002                        
           lr_decay_iters: 50                            
                lr_policy: linear                        
         max_dataset_size: inf                           
                    model: cycle_gan                     
                 n_epochs: 100                           
           n_epochs_decay: 100                           
               n_layers_D: 3                             
                     name: ict2celeb                     	[default: experiment_name]
                      ndf: 64                            
                     netD: basic                         
                     netG: resnet_9blocks                
                      ngf: 64                            
               no_dropout: True                          
                  no_flip: False                         
                  no_html: False                         
                     norm: instance                      
              num_threads: 4                             
                output_nc: 3                             
                    phase: train                         
                pool_size: 50                            
               preprocess: resize_and_crop               
               print_freq: 100                           
             save_by_iter: False                         
          save_epoch_freq: 5                             
         save_latest_freq: 5000                          
           serial_batches: False                         
                   suffix:                               
         update_html_freq: 1000                          
                  verbose: False                         
----------------- End -------------------
dataset [UnalignedDataset] was created
The number of training images = 317
initialize network with normal
initialize network with normal
initialize network with normal
initialize network with normal
model [CycleGANModel] was created
---------- Networks initialized -------------
[Network G_A] Total number of parameters : 11.378 M
[Network G_B] Total number of parameters : 11.378 M
[Network D_A] Total number of parameters : 2.765 M
[Network D_B] Total number of parameters : 2.765 M
-----------------------------------------------
/usr/lib/python3/dist-packages/requests/__init__.py:80: RequestsDependencyWarning: urllib3 (1.26.3) or chardet (3.0.4) doesn't match a supported version!
  RequestsDependencyWarning)
Setting up a new session...
create web directory ./checkpoints/ict2celeb/web...
/usr/local/lib/python3.6/dist-packages/torch/optim/lr_scheduler.py:82: UserWarning: Detected call of `lr_scheduler.step()` before `optimizer.step()`. In PyTorch 1.1.0 and later, you should call them in the opposite order: `optimizer.step()` before `lr_scheduler.step()`.  Failure to do this will result in PyTorch skipping the first value of the learning rate schedule.See more details at https://pytorch.org/docs/stable/optim.html#how-to-adjust-learning-rate
  "https://pytorch.org/docs/stable/optim.html#how-to-adjust-learning-rate", UserWarning)
learning rate 0.0002000 -> 0.0002000
(epoch: 1, iters: 100, time: 0.261, data: 0.861) D_A: 0.328 G_A: 0.409 cycle_A: 1.059 idt_A: 1.145 D_B: 0.251 G_B: 0.244 cycle_B: 2.466 idt_B: 0.514 
(epoch: 1, iters: 200, time: 0.262, data: 0.001) D_A: 0.246 G_A: 0.552 cycle_A: 1.358 idt_A: 0.679 D_B: 0.149 G_B: 0.480 cycle_B: 1.965 idt_B: 0.496 
(epoch: 1, iters: 300, time: 0.264, data: 0.001) D_A: 0.191 G_A: 0.409 cycle_A: 0.896 idt_A: 0.694 D_B: 0.125 G_B: 1.002 cycle_B: 1.634 idt_B: 0.379 
End of epoch 1 / 200 	 Time Taken: 84 sec
learning rate 0.0002000 -> 0.0002000
(epoch: 2, iters: 83, time: 0.818, data: 0.001) D_A: 0.370 G_A: 1.011 cycle_A: 1.091 idt_A: 1.020 D_B: 0.085 G_B: 0.484 cycle_B: 1.985 idt_B: 0.388 
(epoch: 2, iters: 183, time: 0.264, data: 0.001) D_A: 0.333 G_A: 0.803 cycle_A: 1.236 idt_A: 1.118 D_B: 0.175 G_B: 0.327 cycle_B: 2.412 idt_B: 0.497 
(epoch: 2, iters: 283, time: 0.265, data: 0.001) D_A: 0.128 G_A: 0.747 cycle_A: 1.025 idt_A: 1.076 D_B: 0.169 G_B: 0.349 cycle_B: 2.705 idt_B: 0.493 
End of epoch 2 / 200 	 Time Taken: 83 sec
learning rate 0.0002000 -> 0.0002000
(epoch: 3, iters: 66, time: 0.265, data: 0.001) D_A: 0.174 G_A: 0.279 cycle_A: 1.138 idt_A: 1.937 D_B: 0.271 G_B: 0.242 cycle_B: 3.985 idt_B: 0.491 
(epoch: 3, iters: 166, time: 0.638, data: 0.001) D_A: 0.094 G_A: 0.255 cycle_A: 1.132 idt_A: 1.036 D_B: 0.156 G_B: 0.577 cycle_B: 2.970 idt_B: 0.534 
(epoch: 3, iters: 266, time: 0.265, data: 0.001) D_A: 0.151 G_A: 0.838 cycle_A: 0.760 idt_A: 1.245 D_B: 0.123 G_B: 1.049 cycle_B: 3.046 idt_B: 0.371 
End of epoch 3 / 200 	 Time Taken: 84 sec
learning rate 0.0002000 -> 0.0002000
(epoch: 4, iters: 49, time: 0.267, data: 0.001) D_A: 0.118 G_A: 0.541 cycle_A: 1.404 idt_A: 0.855 D_B: 0.130 G_B: 1.271 cycle_B: 1.940 idt_B: 0.590 
(epoch: 4, iters: 149, time: 0.266, data: 0.001) D_A: 0.058 G_A: 0.550 cycle_A: 2.642 idt_A: 1.053 D_B: 0.179 G_B: 0.343 cycle_B: 2.622 idt_B: 1.076 
(epoch: 4, iters: 249, time: 0.570, data: 0.001) D_A: 0.104 G_A: 1.021 cycle_A: 0.926 idt_A: 0.700 D_B: 0.060 G_B: 0.956 cycle_B: 1.670 idt_B: 0.387 
End of epoch 4 / 200 	 Time Taken: 84 sec
learning rate 0.0002000 -> 0.0002000
(epoch: 5, iters: 32, time: 0.266, data: 0.002) D_A: 0.218 G_A: 0.133 cycle_A: 1.064 idt_A: 0.498 D_B: 0.210 G_B: 0.997 cycle_B: 1.480 idt_B: 0.525 
(epoch: 5, iters: 132, time: 0.267, data: 0.001) D_A: 0.339 G_A: 0.426 cycle_A: 0.957 idt_A: 1.091 D_B: 0.186 G_B: 0.447 cycle_B: 1.568 idt_B: 0.452 
(epoch: 5, iters: 232, time: 0.269, data: 0.001) D_A: 0.368 G_A: 0.153 cycle_A: 1.119 idt_A: 1.159 D_B: 0.146 G_B: 0.897 cycle_B: 2.290 idt_B: 0.512 
saving the model at the end of epoch 5, iters 1585
End of epoch 5 / 200 	 Time Taken: 87 sec
learning rate 0.0002000 -> 0.0002000
(epoch: 6, iters: 15, time: 0.658, data: 0.001) D_A: 0.127 G_A: 1.478 cycle_A: 0.686 idt_A: 0.541 D_B: 0.255 G_B: 0.270 cycle_B: 1.183 idt_B: 0.306 
(epoch: 6, iters: 115, time: 0.268, data: 0.001) D_A: 0.225 G_A: 0.591 cycle_A: 1.057 idt_A: 0.538 D_B: 0.170 G_B: 0.400 cycle_B: 1.663 idt_B: 0.489 
(epoch: 6, iters: 215, time: 0.266, data: 0.001) D_A: 0.291 G_A: 0.459 cycle_A: 1.130 idt_A: 0.670 D_B: 0.338 G_B: 0.229 cycle_B: 2.208 idt_B: 0.519 
(epoch: 6, iters: 315, time: 0.266, data: 0.001) D_A: 0.084 G_A: 0.793 cycle_A: 1.365 idt_A: 0.927 D_B: 0.048 G_B: 0.963 cycle_B: 2.124 idt_B: 0.610 
End of epoch 6 / 200 	 Time Taken: 85 sec
learning rate 0.0002000 -> 0.0002000
(epoch: 7, iters: 98, time: 0.587, data: 0.001) D_A: 0.162 G_A: 0.979 cycle_A: 1.608 idt_A: 0.557 D_B: 0.115 G_B: 0.238 cycle_B: 1.003 idt_B: 0.695 
(epoch: 7, iters: 198, time: 0.270, data: 0.001) D_A: 0.096 G_A: 1.328 cycle_A: 1.090 idt_A: 0.872 D_B: 0.036 G_B: 1.039 cycle_B: 2.245 idt_B: 0.427 
(epoch: 7, iters: 298, time: 0.270, data: 0.001) D_A: 0.154 G_A: 0.975 cycle_A: 0.669 idt_A: 0.532 D_B: 0.074 G_B: 0.512 cycle_B: 1.850 idt_B: 0.381 
End of epoch 7 / 200 	 Time Taken: 85 sec
learning rate 0.0002000 -> 0.0002000
(epoch: 8, iters: 81, time: 0.267, data: 0.001) D_A: 0.217 G_A: 0.748 cycle_A: 0.644 idt_A: 0.692 D_B: 0.228 G_B: 0.189 cycle_B: 1.907 idt_B: 0.335 
(epoch: 8, iters: 181, time: 0.576, data: 0.001) D_A: 0.235 G_A: 0.480 cycle_A: 1.144 idt_A: 0.840 D_B: 0.338 G_B: 0.852 cycle_B: 1.819 idt_B: 0.529 
(epoch: 8, iters: 281, time: 0.267, data: 0.001) D_A: 0.221 G_A: 0.332 cycle_A: 1.115 idt_A: 1.091 D_B: 0.248 G_B: 1.489 cycle_B: 2.265 idt_B: 0.526 
End of epoch 8 / 200 	 Time Taken: 85 sec
learning rate 0.0002000 -> 0.0002000
(epoch: 9, iters: 64, time: 0.271, data: 0.001) D_A: 0.095 G_A: 0.467 cycle_A: 1.113 idt_A: 0.718 D_B: 0.016 G_B: 0.998 cycle_B: 1.842 idt_B: 0.395 
(epoch: 9, iters: 164, time: 0.268, data: 0.001) D_A: 0.228 G_A: 0.331 cycle_A: 1.416 idt_A: 0.891 D_B: 0.249 G_B: 0.505 cycle_B: 3.386 idt_B: 0.728 
(epoch: 9, iters: 264, time: 0.646, data: 0.001) D_A: 0.273 G_A: 1.128 cycle_A: 1.868 idt_A: 0.870 D_B: 0.115 G_B: 0.624 cycle_B: 2.555 idt_B: 0.997 
End of epoch 9 / 200 	 Time Taken: 85 sec
learning rate 0.0002000 -> 0.0002000
(epoch: 10, iters: 47, time: 0.271, data: 0.001) D_A: 0.046 G_A: 0.102 cycle_A: 1.363 idt_A: 0.604 D_B: 0.270 G_B: 0.954 cycle_B: 0.993 idt_B: 0.651 
(epoch: 10, iters: 147, time: 0.267, data: 0.001) D_A: 0.522 G_A: 0.806 cycle_A: 0.571 idt_A: 1.017 D_B: 0.170 G_B: 0.037 cycle_B: 1.838 idt_B: 0.277 
(epoch: 10, iters: 247, time: 0.267, data: 0.001) D_A: 0.179 G_A: 0.377 cycle_A: 1.143 idt_A: 0.727 D_B: 0.156 G_B: 0.641 cycle_B: 1.492 idt_B: 0.466 
saving the model at the end of epoch 10, iters 3170
End of epoch 10 / 200 	 Time Taken: 87 sec
learning rate 0.0002000 -> 0.0002000
(epoch: 11, iters: 30, time: 0.612, data: 0.001) D_A: 0.270 G_A: 1.327 cycle_A: 1.433 idt_A: 1.142 D_B: 0.021 G_B: 0.822 cycle_B: 2.585 idt_B: 0.431 
(epoch: 11, iters: 130, time: 0.278, data: 0.001) D_A: 0.441 G_A: 0.858 cycle_A: 0.808 idt_A: 0.738 D_B: 0.042 G_B: 0.220 cycle_B: 1.526 idt_B: 0.369 
(epoch: 11, iters: 230, time: 0.268, data: 0.001) D_A: 0.307 G_A: 1.305 cycle_A: 0.857 idt_A: 0.518 D_B: 0.046 G_B: 0.452 cycle_B: 1.771 idt_B: 0.352 
End of epoch 11 / 200 	 Time Taken: 85 sec
learning rate 0.0002000 -> 0.0002000
(epoch: 12, iters: 13, time: 0.266, data: 0.001) D_A: 0.079 G_A: 1.074 cycle_A: 1.059 idt_A: 0.829 D_B: 0.250 G_B: 0.243 cycle_B: 1.246 idt_B: 0.527 
(epoch: 12, iters: 113, time: 0.703, data: 0.001) D_A: 0.175 G_A: 0.602 cycle_A: 1.020 idt_A: 1.474 D_B: 0.250 G_B: 0.404 cycle_B: 2.172 idt_B: 0.538 
(epoch: 12, iters: 213, time: 0.266, data: 0.001) D_A: 0.224 G_A: 0.460 cycle_A: 0.570 idt_A: 0.665 D_B: 0.252 G_B: 1.434 cycle_B: 1.149 idt_B: 0.264 
(epoch: 12, iters: 313, time: 0.272, data: 0.001) D_A: 0.184 G_A: 0.760 cycle_A: 0.775 idt_A: 0.743 D_B: 0.064 G_B: 0.251 cycle_B: 1.765 idt_B: 0.389 
End of epoch 12 / 200 	 Time Taken: 85 sec
learning rate 0.0002000 -> 0.0002000
(epoch: 13, iters: 96, time: 0.275, data: 0.001) D_A: 0.136 G_A: 0.267 cycle_A: 0.964 idt_A: 0.485 D_B: 0.154 G_B: 0.441 cycle_B: 1.818 idt_B: 0.420 
(epoch: 13, iters: 196, time: 0.646, data: 0.001) D_A: 0.037 G_A: 1.065 cycle_A: 1.055 idt_A: 0.773 D_B: 0.126 G_B: 1.215 cycle_B: 2.487 idt_B: 0.511 
(epoch: 13, iters: 296, time: 0.268, data: 0.001) D_A: 0.269 G_A: 0.581 cycle_A: 1.373 idt_A: 0.614 D_B: 0.152 G_B: 0.332 cycle_B: 0.996 idt_B: 0.663 
End of epoch 13 / 200 	 Time Taken: 85 sec
learning rate 0.0002000 -> 0.0002000
(epoch: 14, iters: 79, time: 0.270, data: 0.001) D_A: 0.067 G_A: 0.554 cycle_A: 0.793 idt_A: 0.637 D_B: 0.153 G_B: 0.899 cycle_B: 1.142 idt_B: 0.391 
(epoch: 14, iters: 179, time: 0.269, data: 0.001) D_A: 0.268 G_A: 0.288 cycle_A: 0.744 idt_A: 1.121 D_B: 0.134 G_B: 0.312 cycle_B: 1.592 idt_B: 0.299 
(epoch: 14, iters: 279, time: 0.635, data: 0.001) D_A: 0.136 G_A: 0.758 cycle_A: 0.888 idt_A: 0.876 D_B: 0.125 G_B: 0.482 cycle_B: 1.743 idt_B: 0.321 
End of epoch 14 / 200 	 Time Taken: 85 sec
learning rate 0.0002000 -> 0.0002000
(epoch: 15, iters: 62, time: 0.269, data: 0.001) D_A: 0.202 G_A: 0.217 cycle_A: 1.187 idt_A: 1.879 D_B: 0.091 G_B: 0.216 cycle_B: 4.621 idt_B: 0.520 
(epoch: 15, iters: 162, time: 0.270, data: 0.001) D_A: 0.331 G_A: 0.164 cycle_A: 1.949 idt_A: 0.850 D_B: 0.159 G_B: 0.806 cycle_B: 1.855 idt_B: 0.602 
(epoch: 15, iters: 262, time: 0.271, data: 0.001) D_A: 0.115 G_A: 1.011 cycle_A: 1.005 idt_A: 1.247 D_B: 0.083 G_B: 0.847 cycle_B: 3.292 idt_B: 0.326 
saving the model at the end of epoch 15, iters 4755
End of epoch 15 / 200 	 Time Taken: 87 sec
learning rate 0.0002000 -> 0.0002000
(epoch: 16, iters: 45, time: 0.631, data: 0.001) D_A: 0.169 G_A: 0.220 cycle_A: 1.231 idt_A: 0.562 D_B: 0.117 G_B: 0.236 cycle_B: 1.734 idt_B: 0.316 
(epoch: 16, iters: 145, time: 0.272, data: 0.001) D_A: 0.122 G_A: 0.171 cycle_A: 1.341 idt_A: 0.445 D_B: 0.136 G_B: 0.207 cycle_B: 1.328 idt_B: 0.707 
(epoch: 16, iters: 245, time: 0.266, data: 0.001) D_A: 0.109 G_A: 0.264 cycle_A: 0.680 idt_A: 0.738 D_B: 0.228 G_B: 0.396 cycle_B: 2.134 idt_B: 0.303 
saving the latest model (epoch 16, total_iters 5000)
End of epoch 16 / 200 	 Time Taken: 86 sec
learning rate 0.0002000 -> 0.0002000
(epoch: 17, iters: 28, time: 0.274, data: 0.001) D_A: 0.047 G_A: 0.620 cycle_A: 0.943 idt_A: 0.905 D_B: 0.185 G_B: 1.038 cycle_B: 2.174 idt_B: 0.467 
(epoch: 17, iters: 128, time: 0.656, data: 0.001) D_A: 0.182 G_A: 0.306 cycle_A: 1.560 idt_A: 0.887 D_B: 0.164 G_B: 1.339 cycle_B: 2.275 idt_B: 0.723 
