cuda:1
Train Epoch: 1 [0/60000 (0%)]	Loss: 550.596600
====> Epoch: 1 Average loss: 484.1251
torch.Size([16, 1, 28, 28])
====> Test set loss: 381.0698
save image: results/sample_1.png
Train Epoch: 2 [0/60000 (0%)]	Loss: 381.043125
====> Epoch: 2 Average loss: 326.3277
torch.Size([16, 1, 28, 28])
====> Test set loss: 281.8094
save image: results/sample_2.png
Train Epoch: 3 [0/60000 (0%)]	Loss: 281.425050
====> Epoch: 3 Average loss: 258.0663
torch.Size([16, 1, 28, 28])
====> Test set loss: 240.1786
save image: results/sample_3.png
Train Epoch: 4 [0/60000 (0%)]	Loss: 241.329225
====> Epoch: 4 Average loss: 235.3514
torch.Size([16, 1, 28, 28])
====> Test set loss: 226.4971
save image: results/sample_4.png
Train Epoch: 5 [0/60000 (0%)]	Loss: 226.652575
====> Epoch: 5 Average loss: 223.7051
torch.Size([16, 1, 28, 28])
====> Test set loss: 219.4196
save image: results/sample_5.png
Train Epoch: 6 [0/60000 (0%)]	Loss: 219.889500
====> Epoch: 6 Average loss: 217.8795
torch.Size([16, 1, 28, 28])
====> Test set loss: 215.6750
save image: results/sample_6.png
Train Epoch: 7 [0/60000 (0%)]	Loss: 216.508825
====> Epoch: 7 Average loss: 214.4095
torch.Size([16, 1, 28, 28])
====> Test set loss: 212.5502
save image: results/sample_7.png
Train Epoch: 8 [0/60000 (0%)]	Loss: 213.239250
====> Epoch: 8 Average loss: 211.2266
torch.Size([16, 1, 28, 28])
====> Test set loss: 209.0035
save image: results/sample_8.png
Train Epoch: 9 [0/60000 (0%)]	Loss: 209.617275
====> Epoch: 9 Average loss: 207.9732
torch.Size([16, 1, 28, 28])
====> Test set loss: 205.3778
save image: results/sample_9.png
Train Epoch: 10 [0/60000 (0%)]	Loss: 205.283813
====> Epoch: 10 Average loss: 204.2786
torch.Size([16, 1, 28, 28])
====> Test set loss: 201.5719
save image: results/sample_10.png
Train Epoch: 11 [0/60000 (0%)]	Loss: 201.799800
====> Epoch: 11 Average loss: 200.3152
torch.Size([16, 1, 28, 28])
====> Test set loss: 197.2603
save image: results/sample_11.png
Train Epoch: 12 [0/60000 (0%)]	Loss: 198.027588
====> Epoch: 12 Average loss: 196.2618
torch.Size([16, 1, 28, 28])
====> Test set loss: 193.0351
save image: results/sample_12.png
Train Epoch: 13 [0/60000 (0%)]	Loss: 194.833812
====> Epoch: 13 Average loss: 192.1489
torch.Size([16, 1, 28, 28])
====> Test set loss: 188.5661
save image: results/sample_13.png
Train Epoch: 14 [0/60000 (0%)]	Loss: 189.280175
====> Epoch: 14 Average loss: 187.3353
torch.Size([16, 1, 28, 28])
====> Test set loss: 183.2154
save image: results/sample_14.png
Train Epoch: 15 [0/60000 (0%)]	Loss: 183.892925
====> Epoch: 15 Average loss: 182.0585
torch.Size([16, 1, 28, 28])
====> Test set loss: 178.1896
save image: results/sample_15.png
Train Epoch: 16 [0/60000 (0%)]	Loss: 178.767875
====> Epoch: 16 Average loss: 177.4446
torch.Size([16, 1, 28, 28])
====> Test set loss: 173.9074
save image: results/sample_16.png
Train Epoch: 17 [0/60000 (0%)]	Loss: 174.768000
====> Epoch: 17 Average loss: 173.2794
torch.Size([16, 1, 28, 28])
====> Test set loss: 170.0599
save image: results/sample_17.png
Train Epoch: 18 [0/60000 (0%)]	Loss: 170.996375
====> Epoch: 18 Average loss: 169.6807
torch.Size([16, 1, 28, 28])
====> Test set loss: 166.6968
save image: results/sample_18.png
Train Epoch: 19 [0/60000 (0%)]	Loss: 167.601500
====> Epoch: 19 Average loss: 166.5235
torch.Size([16, 1, 28, 28])
====> Test set loss: 163.8974
save image: results/sample_19.png
Train Epoch: 20 [0/60000 (0%)]	Loss: 164.810387
====> Epoch: 20 Average loss: 163.8960
torch.Size([16, 1, 28, 28])
====> Test set loss: 161.4006
save image: results/sample_20.png
Train Epoch: 21 [0/60000 (0%)]	Loss: 162.063200
====> Epoch: 21 Average loss: 161.5048
torch.Size([16, 1, 28, 28])
====> Test set loss: 159.1642
save image: results/sample_21.png
Train Epoch: 22 [0/60000 (0%)]	Loss: 160.178687
====> Epoch: 22 Average loss: 159.2664
torch.Size([16, 1, 28, 28])
====> Test set loss: 156.8700
save image: results/sample_22.png
Train Epoch: 23 [0/60000 (0%)]	Loss: 157.653138
====> Epoch: 23 Average loss: 157.1661
torch.Size([16, 1, 28, 28])
====> Test set loss: 154.9958
save image: results/sample_23.png
Train Epoch: 24 [0/60000 (0%)]	Loss: 156.218562
====> Epoch: 24 Average loss: 155.2518
torch.Size([16, 1, 28, 28])
====> Test set loss: 153.1722
save image: results/sample_24.png
Train Epoch: 25 [0/60000 (0%)]	Loss: 154.389600
====> Epoch: 25 Average loss: 153.3922
torch.Size([16, 1, 28, 28])
====> Test set loss: 151.4939
save image: results/sample_25.png
Train Epoch: 26 [0/60000 (0%)]	Loss: 152.152675
====> Epoch: 26 Average loss: 151.6439
torch.Size([16, 1, 28, 28])
====> Test set loss: 149.6850
save image: results/sample_26.png
Train Epoch: 27 [0/60000 (0%)]	Loss: 151.387812
====> Epoch: 27 Average loss: 150.0081
torch.Size([16, 1, 28, 28])
====> Test set loss: 148.0142
save image: results/sample_27.png
Train Epoch: 28 [0/60000 (0%)]	Loss: 149.350675
====> Epoch: 28 Average loss: 148.4227
torch.Size([16, 1, 28, 28])
====> Test set loss: 146.4215
save image: results/sample_28.png
Train Epoch: 29 [0/60000 (0%)]	Loss: 147.129012
====> Epoch: 29 Average loss: 146.8687
torch.Size([16, 1, 28, 28])
====> Test set loss: 145.0320
save image: results/sample_29.png
Train Epoch: 30 [0/60000 (0%)]	Loss: 146.032050
====> Epoch: 30 Average loss: 145.4351
torch.Size([16, 1, 28, 28])
====> Test set loss: 143.5919
save image: results/sample_30.png
Train Epoch: 31 [0/60000 (0%)]	Loss: 144.635912
====> Epoch: 31 Average loss: 144.1288
torch.Size([16, 1, 28, 28])
====> Test set loss: 142.2788
save image: results/sample_31.png
Train Epoch: 32 [0/60000 (0%)]	Loss: 143.141537
====> Epoch: 32 Average loss: 142.8268
torch.Size([16, 1, 28, 28])
====> Test set loss: 141.0119
save image: results/sample_32.png
Train Epoch: 33 [0/60000 (0%)]	Loss: 142.157175
====> Epoch: 33 Average loss: 141.6441
torch.Size([16, 1, 28, 28])
====> Test set loss: 139.9562
save image: results/sample_33.png
Train Epoch: 34 [0/60000 (0%)]	Loss: 140.535400
====> Epoch: 34 Average loss: 140.4881
torch.Size([16, 1, 28, 28])
====> Test set loss: 138.8311
save image: results/sample_34.png
Train Epoch: 35 [0/60000 (0%)]	Loss: 139.727175
====> Epoch: 35 Average loss: 139.3997
torch.Size([16, 1, 28, 28])
====> Test set loss: 137.6958
save image: results/sample_35.png
Train Epoch: 36 [0/60000 (0%)]	Loss: 138.787125
====> Epoch: 36 Average loss: 138.2337
torch.Size([16, 1, 28, 28])
====> Test set loss: 136.4908
save image: results/sample_36.png
Train Epoch: 37 [0/60000 (0%)]	Loss: 137.846300
====> Epoch: 37 Average loss: 137.2386
torch.Size([16, 1, 28, 28])
====> Test set loss: 135.6063
save image: results/sample_37.png
Train Epoch: 38 [0/60000 (0%)]	Loss: 136.814700
====> Epoch: 38 Average loss: 136.2634
torch.Size([16, 1, 28, 28])
====> Test set loss: 134.6323
save image: results/sample_38.png
Train Epoch: 39 [0/60000 (0%)]	Loss: 134.965037
====> Epoch: 39 Average loss: 135.4210
torch.Size([16, 1, 28, 28])
====> Test set loss: 133.6862
save image: results/sample_39.png
Train Epoch: 40 [0/60000 (0%)]	Loss: 134.957700
====> Epoch: 40 Average loss: 134.4995
torch.Size([16, 1, 28, 28])
====> Test set loss: 132.8384
save image: results/sample_40.png
Train Epoch: 41 [0/60000 (0%)]	Loss: 134.106350
====> Epoch: 41 Average loss: 133.6550
torch.Size([16, 1, 28, 28])
====> Test set loss: 132.0499
save image: results/sample_41.png
Train Epoch: 42 [0/60000 (0%)]	Loss: 134.329625
====> Epoch: 42 Average loss: 132.8465
torch.Size([16, 1, 28, 28])
====> Test set loss: 131.3329
save image: results/sample_42.png
Train Epoch: 43 [0/60000 (0%)]	Loss: 133.184075
====> Epoch: 43 Average loss: 132.1234
torch.Size([16, 1, 28, 28])
====> Test set loss: 130.4438
save image: results/sample_43.png
Train Epoch: 44 [0/60000 (0%)]	Loss: 131.731300
====> Epoch: 44 Average loss: 131.3575
torch.Size([16, 1, 28, 28])
====> Test set loss: 129.8612
save image: results/sample_44.png
Train Epoch: 45 [0/60000 (0%)]	Loss: 130.938787
====> Epoch: 45 Average loss: 130.6886
torch.Size([16, 1, 28, 28])
====> Test set loss: 129.0778
save image: results/sample_45.png
Train Epoch: 46 [0/60000 (0%)]	Loss: 130.594988
====> Epoch: 46 Average loss: 130.0157
torch.Size([16, 1, 28, 28])
====> Test set loss: 128.5523
save image: results/sample_46.png
Train Epoch: 47 [0/60000 (0%)]	Loss: 129.768313
====> Epoch: 47 Average loss: 129.3834
torch.Size([16, 1, 28, 28])
====> Test set loss: 127.7815
save image: results/sample_47.png
Train Epoch: 48 [0/60000 (0%)]	Loss: 128.896312
====> Epoch: 48 Average loss: 128.7779
torch.Size([16, 1, 28, 28])
====> Test set loss: 127.2839
save image: results/sample_48.png
Train Epoch: 49 [0/60000 (0%)]	Loss: 128.261538
====> Epoch: 49 Average loss: 128.1844
torch.Size([16, 1, 28, 28])
====> Test set loss: 126.8060
save image: results/sample_49.png
Train Epoch: 50 [0/60000 (0%)]	Loss: 128.084400
====> Epoch: 50 Average loss: 127.6071
torch.Size([16, 1, 28, 28])
====> Test set loss: 126.0766
save image: results/sample_50.png
Train Epoch: 51 [0/60000 (0%)]	Loss: 127.386525
====> Epoch: 51 Average loss: 127.0768
torch.Size([16, 1, 28, 28])
====> Test set loss: 125.5387
save image: results/sample_51.png
Train Epoch: 52 [0/60000 (0%)]	Loss: 126.594437
====> Epoch: 52 Average loss: 126.5062
torch.Size([16, 1, 28, 28])
====> Test set loss: 125.0730
save image: results/sample_52.png
Train Epoch: 53 [0/60000 (0%)]	Loss: 126.471975
====> Epoch: 53 Average loss: 126.0596
torch.Size([16, 1, 28, 28])
====> Test set loss: 124.5599
save image: results/sample_53.png
Train Epoch: 54 [0/60000 (0%)]	Loss: 125.952787
====> Epoch: 54 Average loss: 125.5301
torch.Size([16, 1, 28, 28])
====> Test set loss: 124.1979
save image: results/sample_54.png
Train Epoch: 55 [0/60000 (0%)]	Loss: 125.646275
====> Epoch: 55 Average loss: 125.0227
torch.Size([16, 1, 28, 28])
====> Test set loss: 123.5598
save image: results/sample_55.png
Train Epoch: 56 [0/60000 (0%)]	Loss: 124.937150
====> Epoch: 56 Average loss: 124.5571
torch.Size([16, 1, 28, 28])
====> Test set loss: 123.0992
save image: results/sample_56.png
Train Epoch: 57 [0/60000 (0%)]	Loss: 124.466800
====> Epoch: 57 Average loss: 124.0593
torch.Size([16, 1, 28, 28])
====> Test set loss: 122.6040
save image: results/sample_57.png
Train Epoch: 58 [0/60000 (0%)]	Loss: 123.575200
====> Epoch: 58 Average loss: 123.6918
torch.Size([16, 1, 28, 28])
====> Test set loss: 122.2401
save image: results/sample_58.png
Train Epoch: 59 [0/60000 (0%)]	Loss: 123.759525
====> Epoch: 59 Average loss: 123.2466
torch.Size([16, 1, 28, 28])
====> Test set loss: 121.7322
save image: results/sample_59.png
Train Epoch: 60 [0/60000 (0%)]	Loss: 122.298525
====> Epoch: 60 Average loss: 122.8865
torch.Size([16, 1, 28, 28])
====> Test set loss: 121.4440
save image: results/sample_60.png
Train Epoch: 61 [0/60000 (0%)]	Loss: 122.319937
====> Epoch: 61 Average loss: 122.4480
torch.Size([16, 1, 28, 28])
====> Test set loss: 121.0181
save image: results/sample_61.png
Train Epoch: 62 [0/60000 (0%)]	Loss: 122.361100
====> Epoch: 62 Average loss: 122.1069
torch.Size([16, 1, 28, 28])
====> Test set loss: 120.7063
save image: results/sample_62.png
Train Epoch: 63 [0/60000 (0%)]	Loss: 121.395050
====> Epoch: 63 Average loss: 121.7571
torch.Size([16, 1, 28, 28])
====> Test set loss: 120.4356
save image: results/sample_63.png
Train Epoch: 64 [0/60000 (0%)]	Loss: 122.144450
====> Epoch: 64 Average loss: 121.3564
torch.Size([16, 1, 28, 28])
====> Test set loss: 120.1110
save image: results/sample_64.png
Train Epoch: 65 [0/60000 (0%)]	Loss: 121.322675
====> Epoch: 65 Average loss: 121.0728
torch.Size([16, 1, 28, 28])
====> Test set loss: 119.6778
save image: results/sample_65.png
Train Epoch: 66 [0/60000 (0%)]	Loss: 120.293750
====> Epoch: 66 Average loss: 120.7002
torch.Size([16, 1, 28, 28])
====> Test set loss: 119.3847
save image: results/sample_66.png
Train Epoch: 67 [0/60000 (0%)]	Loss: 120.850450
====> Epoch: 67 Average loss: 120.4128
torch.Size([16, 1, 28, 28])
====> Test set loss: 119.0368
save image: results/sample_67.png
Train Epoch: 68 [0/60000 (0%)]	Loss: 119.716775
====> Epoch: 68 Average loss: 120.1067
torch.Size([16, 1, 28, 28])
====> Test set loss: 118.7629
save image: results/sample_68.png
Train Epoch: 69 [0/60000 (0%)]	Loss: 119.752450
====> Epoch: 69 Average loss: 119.8339
torch.Size([16, 1, 28, 28])
====> Test set loss: 118.5960
save image: results/sample_69.png
Train Epoch: 70 [0/60000 (0%)]	Loss: 119.886638
====> Epoch: 70 Average loss: 119.6032
torch.Size([16, 1, 28, 28])
====> Test set loss: 118.3424
save image: results/sample_70.png
Train Epoch: 71 [0/60000 (0%)]	Loss: 119.203762
====> Epoch: 71 Average loss: 119.2703
torch.Size([16, 1, 28, 28])
====> Test set loss: 117.9802
save image: results/sample_71.png
Train Epoch: 72 [0/60000 (0%)]	Loss: 119.268338
====> Epoch: 72 Average loss: 118.9848
torch.Size([16, 1, 28, 28])
====> Test set loss: 117.7968
save image: results/sample_72.png
Train Epoch: 73 [0/60000 (0%)]	Loss: 118.845088
====> Epoch: 73 Average loss: 118.7515
torch.Size([16, 1, 28, 28])
====> Test set loss: 117.4840
save image: results/sample_73.png
Train Epoch: 74 [0/60000 (0%)]	Loss: 118.550175
====> Epoch: 74 Average loss: 118.4819
torch.Size([16, 1, 28, 28])
====> Test set loss: 117.2420
save image: results/sample_74.png
Train Epoch: 75 [0/60000 (0%)]	Loss: 118.128838
====> Epoch: 75 Average loss: 118.2768
torch.Size([16, 1, 28, 28])
====> Test set loss: 117.0412
save image: results/sample_75.png
Train Epoch: 76 [0/60000 (0%)]	Loss: 118.183963
====> Epoch: 76 Average loss: 118.0227
torch.Size([16, 1, 28, 28])
====> Test set loss: 116.7803
save image: results/sample_76.png
Train Epoch: 77 [0/60000 (0%)]	Loss: 117.844825
====> Epoch: 77 Average loss: 117.8271
torch.Size([16, 1, 28, 28])
====> Test set loss: 116.6737
save image: results/sample_77.png
Train Epoch: 78 [0/60000 (0%)]	Loss: 117.594625
====> Epoch: 78 Average loss: 117.5981
torch.Size([16, 1, 28, 28])
====> Test set loss: 116.4079
save image: results/sample_78.png
Train Epoch: 79 [0/60000 (0%)]	Loss: 117.198712
====> Epoch: 79 Average loss: 117.3958
torch.Size([16, 1, 28, 28])
====> Test set loss: 116.1644
save image: results/sample_79.png
Train Epoch: 80 [0/60000 (0%)]	Loss: 117.333125
====> Epoch: 80 Average loss: 117.2073
torch.Size([16, 1, 28, 28])
====> Test set loss: 115.9970
save image: results/sample_80.png
Train Epoch: 81 [0/60000 (0%)]	Loss: 117.270088
====> Epoch: 81 Average loss: 117.0116
torch.Size([16, 1, 28, 28])
====> Test set loss: 116.0342
save image: results/sample_81.png
Train Epoch: 82 [0/60000 (0%)]	Loss: 116.602937
====> Epoch: 82 Average loss: 116.9385
torch.Size([16, 1, 28, 28])
====> Test set loss: 115.6405
save image: results/sample_82.png
Train Epoch: 83 [0/60000 (0%)]	Loss: 116.574400
====> Epoch: 83 Average loss: 116.6387
torch.Size([16, 1, 28, 28])
====> Test set loss: 115.4834
save image: results/sample_83.png
Train Epoch: 84 [0/60000 (0%)]	Loss: 116.130413
====> Epoch: 84 Average loss: 116.4484
torch.Size([16, 1, 28, 28])
====> Test set loss: 115.3531
save image: results/sample_84.png
Train Epoch: 85 [0/60000 (0%)]	Loss: 116.603763
====> Epoch: 85 Average loss: 116.2990
torch.Size([16, 1, 28, 28])
====> Test set loss: 115.0978
save image: results/sample_85.png
Train Epoch: 86 [0/60000 (0%)]	Loss: 115.745262
====> Epoch: 86 Average loss: 116.0996
torch.Size([16, 1, 28, 28])
====> Test set loss: 114.9500
save image: results/sample_86.png
Train Epoch: 87 [0/60000 (0%)]	Loss: 115.852000
====> Epoch: 87 Average loss: 115.9748
torch.Size([16, 1, 28, 28])
====> Test set loss: 114.7761
save image: results/sample_87.png
Train Epoch: 88 [0/60000 (0%)]	Loss: 115.809675
====> Epoch: 88 Average loss: 115.7287
torch.Size([16, 1, 28, 28])
====> Test set loss: 114.6444
save image: results/sample_88.png
Train Epoch: 89 [0/60000 (0%)]	Loss: 115.142000
====> Epoch: 89 Average loss: 115.5936
torch.Size([16, 1, 28, 28])
====> Test set loss: 114.5317
save image: results/sample_89.png
Train Epoch: 90 [0/60000 (0%)]	Loss: 115.371375
====> Epoch: 90 Average loss: 115.4251
torch.Size([16, 1, 28, 28])
====> Test set loss: 114.3238
save image: results/sample_90.png
Train Epoch: 91 [0/60000 (0%)]	Loss: 115.554775
====> Epoch: 91 Average loss: 115.2931
torch.Size([16, 1, 28, 28])
====> Test set loss: 114.1784
save image: results/sample_91.png
Train Epoch: 92 [0/60000 (0%)]	Loss: 115.594325
====> Epoch: 92 Average loss: 115.1053
torch.Size([16, 1, 28, 28])
====> Test set loss: 113.9692
save image: results/sample_92.png
Train Epoch: 93 [0/60000 (0%)]	Loss: 115.171238
====> Epoch: 93 Average loss: 114.9817
torch.Size([16, 1, 28, 28])
====> Test set loss: 113.8672
save image: results/sample_93.png
Train Epoch: 94 [0/60000 (0%)]	Loss: 114.899287
====> Epoch: 94 Average loss: 114.8371
torch.Size([16, 1, 28, 28])
====> Test set loss: 113.8154
save image: results/sample_94.png
Train Epoch: 95 [0/60000 (0%)]	Loss: 114.287087
====> Epoch: 95 Average loss: 114.7241
torch.Size([16, 1, 28, 28])
====> Test set loss: 113.6789
save image: results/sample_95.png
Train Epoch: 96 [0/60000 (0%)]	Loss: 114.254037
====> Epoch: 96 Average loss: 114.5702
torch.Size([16, 1, 28, 28])
====> Test set loss: 113.4830
save image: results/sample_96.png
Train Epoch: 97 [0/60000 (0%)]	Loss: 114.292275
====> Epoch: 97 Average loss: 114.4610
torch.Size([16, 1, 28, 28])
====> Test set loss: 113.3100
save image: results/sample_97.png
Train Epoch: 98 [0/60000 (0%)]	Loss: 114.374225
====> Epoch: 98 Average loss: 114.3862
torch.Size([16, 1, 28, 28])
====> Test set loss: 113.2257
save image: results/sample_98.png
Train Epoch: 99 [0/60000 (0%)]	Loss: 114.342575
====> Epoch: 99 Average loss: 114.2215
torch.Size([16, 1, 28, 28])
====> Test set loss: 113.0871
save image: results/sample_99.png
Train Epoch: 100 [0/60000 (0%)]	Loss: 114.043312
====> Epoch: 100 Average loss: 114.0488
torch.Size([16, 1, 28, 28])
====> Test set loss: 113.0176
save image: results/sample_100.png
Train Epoch: 101 [0/60000 (0%)]	Loss: 114.173975
====> Epoch: 101 Average loss: 113.9071
torch.Size([16, 1, 28, 28])
====> Test set loss: 112.9011
save image: results/sample_101.png
Train Epoch: 102 [0/60000 (0%)]	Loss: 113.488625
====> Epoch: 102 Average loss: 113.8012
torch.Size([16, 1, 28, 28])
====> Test set loss: 112.7452
save image: results/sample_102.png
Train Epoch: 103 [0/60000 (0%)]	Loss: 113.587900
====> Epoch: 103 Average loss: 113.6764
torch.Size([16, 1, 28, 28])
====> Test set loss: 112.6053
save image: results/sample_103.png
Train Epoch: 104 [0/60000 (0%)]	Loss: 113.187900
====> Epoch: 104 Average loss: 113.5764
torch.Size([16, 1, 28, 28])
====> Test set loss: 112.5074
save image: results/sample_104.png
Train Epoch: 105 [0/60000 (0%)]	Loss: 113.493125
====> Epoch: 105 Average loss: 113.4794
torch.Size([16, 1, 28, 28])
====> Test set loss: 112.4302
save image: results/sample_105.png
Train Epoch: 106 [0/60000 (0%)]	Loss: 113.400262
====> Epoch: 106 Average loss: 113.4148
torch.Size([16, 1, 28, 28])
====> Test set loss: 112.4580
save image: results/sample_106.png
Train Epoch: 107 [0/60000 (0%)]	Loss: 113.368212
====> Epoch: 107 Average loss: 113.2865
torch.Size([16, 1, 28, 28])
====> Test set loss: 112.4210
save image: results/sample_107.png
Train Epoch: 108 [0/60000 (0%)]	Loss: 113.188012
====> Epoch: 108 Average loss: 113.2296
torch.Size([16, 1, 28, 28])
====> Test set loss: 112.0174
save image: results/sample_108.png
Train Epoch: 109 [0/60000 (0%)]	Loss: 113.070763
====> Epoch: 109 Average loss: 113.0583
torch.Size([16, 1, 28, 28])
====> Test set loss: 112.0316
save image: results/sample_109.png
Train Epoch: 110 [0/60000 (0%)]	Loss: 113.244700
====> Epoch: 110 Average loss: 112.9248
torch.Size([16, 1, 28, 28])
====> Test set loss: 112.0237
save image: results/sample_110.png
Train Epoch: 111 [0/60000 (0%)]	Loss: 113.208100
====> Epoch: 111 Average loss: 112.8133
torch.Size([16, 1, 28, 28])
====> Test set loss: 111.7793
save image: results/sample_111.png
Train Epoch: 112 [0/60000 (0%)]	Loss: 112.341138
====> Epoch: 112 Average loss: 112.6990
torch.Size([16, 1, 28, 28])
====> Test set loss: 111.7536
save image: results/sample_112.png
Train Epoch: 113 [0/60000 (0%)]	Loss: 112.622737
====> Epoch: 113 Average loss: 112.6167
torch.Size([16, 1, 28, 28])
====> Test set loss: 111.7223
save image: results/sample_113.png
Train Epoch: 114 [0/60000 (0%)]	Loss: 112.341450
====> Epoch: 114 Average loss: 112.5325
torch.Size([16, 1, 28, 28])
====> Test set loss: 111.5681
save image: results/sample_114.png
Train Epoch: 115 [0/60000 (0%)]	Loss: 112.927100
====> Epoch: 115 Average loss: 112.4209
torch.Size([16, 1, 28, 28])
====> Test set loss: 111.4317
save image: results/sample_115.png
Train Epoch: 116 [0/60000 (0%)]	Loss: 111.895863
====> Epoch: 116 Average loss: 112.2896
torch.Size([16, 1, 28, 28])
====> Test set loss: 111.4877
save image: results/sample_116.png
Train Epoch: 117 [0/60000 (0%)]	Loss: 111.929225
====> Epoch: 117 Average loss: 112.2830
torch.Size([16, 1, 28, 28])
====> Test set loss: 111.3261
save image: results/sample_117.png
Train Epoch: 118 [0/60000 (0%)]	Loss: 112.174175
====> Epoch: 118 Average loss: 112.1727
torch.Size([16, 1, 28, 28])
====> Test set loss: 111.2810
save image: results/sample_118.png
Train Epoch: 119 [0/60000 (0%)]	Loss: 112.340625
====> Epoch: 119 Average loss: 112.0642
torch.Size([16, 1, 28, 28])
====> Test set loss: 111.0970
save image: results/sample_119.png
Train Epoch: 120 [0/60000 (0%)]	Loss: 112.342038
====> Epoch: 120 Average loss: 111.9705
torch.Size([16, 1, 28, 28])
====> Test set loss: 110.9899
save image: results/sample_120.png
Train Epoch: 121 [0/60000 (0%)]	Loss: 112.173263
====> Epoch: 121 Average loss: 111.8952
torch.Size([16, 1, 28, 28])
====> Test set loss: 110.9318
save image: results/sample_121.png
Train Epoch: 122 [0/60000 (0%)]	Loss: 111.592713
====> Epoch: 122 Average loss: 111.8045
torch.Size([16, 1, 28, 28])
====> Test set loss: 110.8620
save image: results/sample_122.png
Train Epoch: 123 [0/60000 (0%)]	Loss: 111.792400
====> Epoch: 123 Average loss: 111.7250
torch.Size([16, 1, 28, 28])
====> Test set loss: 110.8655
save image: results/sample_123.png
Train Epoch: 124 [0/60000 (0%)]	Loss: 111.690175
====> Epoch: 124 Average loss: 111.6781
torch.Size([16, 1, 28, 28])
====> Test set loss: 110.7474
save image: results/sample_124.png
Train Epoch: 125 [0/60000 (0%)]	Loss: 111.157062
====> Epoch: 125 Average loss: 111.5980
torch.Size([16, 1, 28, 28])
====> Test set loss: 110.7052
save image: results/sample_125.png
Train Epoch: 126 [0/60000 (0%)]	Loss: 111.950300
====> Epoch: 126 Average loss: 111.5178
torch.Size([16, 1, 28, 28])
====> Test set loss: 110.5603
save image: results/sample_126.png
Train Epoch: 127 [0/60000 (0%)]	Loss: 111.031625
====> Epoch: 127 Average loss: 111.4558
torch.Size([16, 1, 28, 28])
====> Test set loss: 110.4866
save image: results/sample_127.png
Train Epoch: 128 [0/60000 (0%)]	Loss: 111.026575
====> Epoch: 128 Average loss: 111.3215
torch.Size([16, 1, 28, 28])
====> Test set loss: 110.4443
save image: results/sample_128.png
Train Epoch: 129 [0/60000 (0%)]	Loss: 111.375875
====> Epoch: 129 Average loss: 111.2629
torch.Size([16, 1, 28, 28])
====> Test set loss: 110.3679
save image: results/sample_129.png
Train Epoch: 130 [0/60000 (0%)]	Loss: 111.696250
====> Epoch: 130 Average loss: 111.1763
torch.Size([16, 1, 28, 28])
====> Test set loss: 110.2961
save image: results/sample_130.png
Train Epoch: 131 [0/60000 (0%)]	Loss: 110.975600
====> Epoch: 131 Average loss: 111.1848
torch.Size([16, 1, 28, 28])
====> Test set loss: 110.2652
save image: results/sample_131.png
Train Epoch: 132 [0/60000 (0%)]	Loss: 110.981500
====> Epoch: 132 Average loss: 111.0564
torch.Size([16, 1, 28, 28])
====> Test set loss: 110.1955
save image: results/sample_132.png
Train Epoch: 133 [0/60000 (0%)]	Loss: 111.120525
====> Epoch: 133 Average loss: 111.0116
torch.Size([16, 1, 28, 28])
====> Test set loss: 110.1236
save image: results/sample_133.png
Train Epoch: 134 [0/60000 (0%)]	Loss: 110.808063
====> Epoch: 134 Average loss: 110.9780
torch.Size([16, 1, 28, 28])
====> Test set loss: 110.0191
save image: results/sample_134.png
Train Epoch: 135 [0/60000 (0%)]	Loss: 110.881700
====> Epoch: 135 Average loss: 110.8779
torch.Size([16, 1, 28, 28])
====> Test set loss: 109.9955
save image: results/sample_135.png
Train Epoch: 136 [0/60000 (0%)]	Loss: 110.945450
====> Epoch: 136 Average loss: 110.7862
torch.Size([16, 1, 28, 28])
====> Test set loss: 109.8629
save image: results/sample_136.png
Train Epoch: 137 [0/60000 (0%)]	Loss: 110.386125
====> Epoch: 137 Average loss: 110.7155
torch.Size([16, 1, 28, 28])
====> Test set loss: 109.8481
save image: results/sample_137.png
Train Epoch: 138 [0/60000 (0%)]	Loss: 110.630200
====> Epoch: 138 Average loss: 110.6629
torch.Size([16, 1, 28, 28])
====> Test set loss: 109.7937
save image: results/sample_138.png
Train Epoch: 139 [0/60000 (0%)]	Loss: 110.161663
====> Epoch: 139 Average loss: 110.6026
torch.Size([16, 1, 28, 28])
====> Test set loss: 109.6892
save image: results/sample_139.png
Train Epoch: 140 [0/60000 (0%)]	Loss: 110.196525
====> Epoch: 140 Average loss: 110.5205
torch.Size([16, 1, 28, 28])
====> Test set loss: 109.6566
save image: results/sample_140.png
Train Epoch: 141 [0/60000 (0%)]	Loss: 110.822825
====> Epoch: 141 Average loss: 110.4820
torch.Size([16, 1, 28, 28])
====> Test set loss: 109.4925
save image: results/sample_141.png
Train Epoch: 142 [0/60000 (0%)]	Loss: 110.458187
====> Epoch: 142 Average loss: 110.4318
torch.Size([16, 1, 28, 28])
====> Test set loss: 109.5365
save image: results/sample_142.png
Train Epoch: 143 [0/60000 (0%)]	Loss: 110.158025
====> Epoch: 143 Average loss: 110.3102
torch.Size([16, 1, 28, 28])
====> Test set loss: 109.5114
save image: results/sample_143.png
Train Epoch: 144 [0/60000 (0%)]	Loss: 110.359800
====> Epoch: 144 Average loss: 110.2925
torch.Size([16, 1, 28, 28])
====> Test set loss: 109.3714
save image: results/sample_144.png
Train Epoch: 145 [0/60000 (0%)]	Loss: 110.085425
====> Epoch: 145 Average loss: 110.2449
torch.Size([16, 1, 28, 28])
====> Test set loss: 109.3443
save image: results/sample_145.png
Train Epoch: 146 [0/60000 (0%)]	Loss: 110.332088
====> Epoch: 146 Average loss: 110.1604
torch.Size([16, 1, 28, 28])
====> Test set loss: 109.3405
save image: results/sample_146.png
Train Epoch: 147 [0/60000 (0%)]	Loss: 110.367500
====> Epoch: 147 Average loss: 110.1087
torch.Size([16, 1, 28, 28])
====> Test set loss: 109.3305
save image: results/sample_147.png
Train Epoch: 148 [0/60000 (0%)]	Loss: 109.897850
====> Epoch: 148 Average loss: 110.1325
torch.Size([16, 1, 28, 28])
====> Test set loss: 109.2955
save image: results/sample_148.png
Train Epoch: 149 [0/60000 (0%)]	Loss: 109.876100
====> Epoch: 149 Average loss: 110.0050
torch.Size([16, 1, 28, 28])
====> Test set loss: 109.1803
save image: results/sample_149.png
Train Epoch: 150 [0/60000 (0%)]	Loss: 109.933813
====> Epoch: 150 Average loss: 109.9383
torch.Size([16, 1, 28, 28])
====> Test set loss: 109.1947
save image: results/sample_150.png
Train Epoch: 151 [0/60000 (0%)]	Loss: 110.180400
====> Epoch: 151 Average loss: 109.9009
torch.Size([16, 1, 28, 28])
====> Test set loss: 109.1487
save image: results/sample_151.png
Train Epoch: 152 [0/60000 (0%)]	Loss: 109.890062
====> Epoch: 152 Average loss: 109.8039
torch.Size([16, 1, 28, 28])
====> Test set loss: 109.0288
save image: results/sample_152.png
Train Epoch: 153 [0/60000 (0%)]	Loss: 109.875762
====> Epoch: 153 Average loss: 109.7724
torch.Size([16, 1, 28, 28])
====> Test set loss: 109.0417
save image: results/sample_153.png
Train Epoch: 154 [0/60000 (0%)]	Loss: 110.111788
====> Epoch: 154 Average loss: 109.7644
torch.Size([16, 1, 28, 28])
====> Test set loss: 108.9695
save image: results/sample_154.png
Train Epoch: 155 [0/60000 (0%)]	Loss: 109.798087
====> Epoch: 155 Average loss: 109.6664
torch.Size([16, 1, 28, 28])
====> Test set loss: 108.9615
save image: results/sample_155.png
Train Epoch: 156 [0/60000 (0%)]	Loss: 109.353013
====> Epoch: 156 Average loss: 109.6535
torch.Size([16, 1, 28, 28])
====> Test set loss: 108.8697
save image: results/sample_156.png
Train Epoch: 157 [0/60000 (0%)]	Loss: 109.946625
====> Epoch: 157 Average loss: 109.5555
torch.Size([16, 1, 28, 28])
====> Test set loss: 108.8401
save image: results/sample_157.png
Train Epoch: 158 [0/60000 (0%)]	Loss: 109.723825
====> Epoch: 158 Average loss: 109.5361
torch.Size([16, 1, 28, 28])
====> Test set loss: 108.8033
save image: results/sample_158.png
Train Epoch: 159 [0/60000 (0%)]	Loss: 109.189988
====> Epoch: 159 Average loss: 109.4384
torch.Size([16, 1, 28, 28])
====> Test set loss: 108.6734
save image: results/sample_159.png
Train Epoch: 160 [0/60000 (0%)]	Loss: 109.452163
====> Epoch: 160 Average loss: 109.4275
torch.Size([16, 1, 28, 28])
====> Test set loss: 108.6727
save image: results/sample_160.png
Train Epoch: 161 [0/60000 (0%)]	Loss: 109.476725
====> Epoch: 161 Average loss: 109.3442
torch.Size([16, 1, 28, 28])
====> Test set loss: 108.5791
save image: results/sample_161.png
Train Epoch: 162 [0/60000 (0%)]	Loss: 109.623413
====> Epoch: 162 Average loss: 109.2798
torch.Size([16, 1, 28, 28])
====> Test set loss: 108.5514
save image: results/sample_162.png
Train Epoch: 163 [0/60000 (0%)]	Loss: 109.763163
====> Epoch: 163 Average loss: 109.2906
torch.Size([16, 1, 28, 28])
====> Test set loss: 108.5381
save image: results/sample_163.png
Train Epoch: 164 [0/60000 (0%)]	Loss: 108.847025
====> Epoch: 164 Average loss: 109.2162
torch.Size([16, 1, 28, 28])
====> Test set loss: 108.4908
save image: results/sample_164.png
Train Epoch: 165 [0/60000 (0%)]	Loss: 109.466675
====> Epoch: 165 Average loss: 109.1704
torch.Size([16, 1, 28, 28])
====> Test set loss: 108.4668
save image: results/sample_165.png
Train Epoch: 166 [0/60000 (0%)]	Loss: 108.718662
====> Epoch: 166 Average loss: 109.0940
torch.Size([16, 1, 28, 28])
====> Test set loss: 108.3561
save image: results/sample_166.png
Train Epoch: 167 [0/60000 (0%)]	Loss: 109.227025
====> Epoch: 167 Average loss: 109.0569
torch.Size([16, 1, 28, 28])
====> Test set loss: 108.3748
save image: results/sample_167.png
Train Epoch: 168 [0/60000 (0%)]	Loss: 108.912487
====> Epoch: 168 Average loss: 109.0452
torch.Size([16, 1, 28, 28])
====> Test set loss: 108.3595
save image: results/sample_168.png
Train Epoch: 169 [0/60000 (0%)]	Loss: 109.594200
====> Epoch: 169 Average loss: 109.0748
torch.Size([16, 1, 28, 28])
====> Test set loss: 108.3008
save image: results/sample_169.png
Train Epoch: 170 [0/60000 (0%)]	Loss: 109.084563
====> Epoch: 170 Average loss: 109.0307
torch.Size([16, 1, 28, 28])
====> Test set loss: 108.2629
save image: results/sample_170.png
Train Epoch: 171 [0/60000 (0%)]	Loss: 109.264837
====> Epoch: 171 Average loss: 108.9511
torch.Size([16, 1, 28, 28])
====> Test set loss: 108.2504
save image: results/sample_171.png
Train Epoch: 172 [0/60000 (0%)]	Loss: 109.063125
====> Epoch: 172 Average loss: 108.8834
torch.Size([16, 1, 28, 28])
====> Test set loss: 108.2046
save image: results/sample_172.png
Train Epoch: 173 [0/60000 (0%)]	Loss: 109.172975
====> Epoch: 173 Average loss: 108.8714
torch.Size([16, 1, 28, 28])
====> Test set loss: 108.0789
save image: results/sample_173.png
Train Epoch: 174 [0/60000 (0%)]	Loss: 108.981600
====> Epoch: 174 Average loss: 108.8305
torch.Size([16, 1, 28, 28])
====> Test set loss: 107.9535
save image: results/sample_174.png
Train Epoch: 175 [0/60000 (0%)]	Loss: 108.645988
====> Epoch: 175 Average loss: 108.7101
torch.Size([16, 1, 28, 28])
====> Test set loss: 107.9987
save image: results/sample_175.png
Train Epoch: 176 [0/60000 (0%)]	Loss: 108.997800
====> Epoch: 176 Average loss: 108.6456
torch.Size([16, 1, 28, 28])
====> Test set loss: 107.9552
save image: results/sample_176.png
Train Epoch: 177 [0/60000 (0%)]	Loss: 108.498200
====> Epoch: 177 Average loss: 108.6087
torch.Size([16, 1, 28, 28])
====> Test set loss: 107.9179
save image: results/sample_177.png
Train Epoch: 178 [0/60000 (0%)]	Loss: 108.646575
====> Epoch: 178 Average loss: 108.5744
torch.Size([16, 1, 28, 28])
====> Test set loss: 107.9501
save image: results/sample_178.png
Train Epoch: 179 [0/60000 (0%)]	Loss: 108.546837
====> Epoch: 179 Average loss: 108.4985
torch.Size([16, 1, 28, 28])
====> Test set loss: 107.8876
save image: results/sample_179.png
Train Epoch: 180 [0/60000 (0%)]	Loss: 108.373775
====> Epoch: 180 Average loss: 108.4562
torch.Size([16, 1, 28, 28])
====> Test set loss: 107.7878
save image: results/sample_180.png
Train Epoch: 181 [0/60000 (0%)]	Loss: 107.975025
====> Epoch: 181 Average loss: 108.4476
torch.Size([16, 1, 28, 28])
====> Test set loss: 107.8033
save image: results/sample_181.png
Train Epoch: 182 [0/60000 (0%)]	Loss: 108.346625
====> Epoch: 182 Average loss: 108.4360
torch.Size([16, 1, 28, 28])
====> Test set loss: 107.7596
save image: results/sample_182.png
Train Epoch: 183 [0/60000 (0%)]	Loss: 108.539050
====> Epoch: 183 Average loss: 108.4053
torch.Size([16, 1, 28, 28])
====> Test set loss: 107.6627
save image: results/sample_183.png
Train Epoch: 184 [0/60000 (0%)]	Loss: 107.960250
====> Epoch: 184 Average loss: 108.3598
torch.Size([16, 1, 28, 28])
====> Test set loss: 107.6620
save image: results/sample_184.png
Train Epoch: 185 [0/60000 (0%)]	Loss: 108.171650
====> Epoch: 185 Average loss: 108.3353
torch.Size([16, 1, 28, 28])
====> Test set loss: 107.6945
save image: results/sample_185.png
Train Epoch: 186 [0/60000 (0%)]	Loss: 108.533200
====> Epoch: 186 Average loss: 108.3162
torch.Size([16, 1, 28, 28])
====> Test set loss: 107.7085
save image: results/sample_186.png
Train Epoch: 187 [0/60000 (0%)]	Loss: 108.213150
====> Epoch: 187 Average loss: 108.2597
torch.Size([16, 1, 28, 28])
====> Test set loss: 107.5850
save image: results/sample_187.png
Train Epoch: 188 [0/60000 (0%)]	Loss: 108.355550
====> Epoch: 188 Average loss: 108.2370
torch.Size([16, 1, 28, 28])
====> Test set loss: 107.5144
save image: results/sample_188.png
Train Epoch: 189 [0/60000 (0%)]	Loss: 108.101763
====> Epoch: 189 Average loss: 108.1551
torch.Size([16, 1, 28, 28])
====> Test set loss: 107.5828
save image: results/sample_189.png
Train Epoch: 190 [0/60000 (0%)]	Loss: 107.746437
====> Epoch: 190 Average loss: 108.1690
torch.Size([16, 1, 28, 28])
====> Test set loss: 107.4668
save image: results/sample_190.png
Train Epoch: 191 [0/60000 (0%)]	Loss: 108.340550
====> Epoch: 191 Average loss: 108.0740
torch.Size([16, 1, 28, 28])
====> Test set loss: 107.3946
save image: results/sample_191.png
Train Epoch: 192 [0/60000 (0%)]	Loss: 108.389650
====> Epoch: 192 Average loss: 108.0758
torch.Size([16, 1, 28, 28])
====> Test set loss: 107.4095
save image: results/sample_192.png
Train Epoch: 193 [0/60000 (0%)]	Loss: 108.144950
====> Epoch: 193 Average loss: 108.0173
torch.Size([16, 1, 28, 28])
====> Test set loss: 107.4177
save image: results/sample_193.png
Train Epoch: 194 [0/60000 (0%)]	Loss: 107.845313
====> Epoch: 194 Average loss: 107.9839
torch.Size([16, 1, 28, 28])
====> Test set loss: 107.2592
save image: results/sample_194.png
Train Epoch: 195 [0/60000 (0%)]	Loss: 107.853225
====> Epoch: 195 Average loss: 107.9380
torch.Size([16, 1, 28, 28])
====> Test set loss: 107.3197
save image: results/sample_195.png
Train Epoch: 196 [0/60000 (0%)]	Loss: 107.692825
====> Epoch: 196 Average loss: 107.9433
torch.Size([16, 1, 28, 28])
====> Test set loss: 107.4142
save image: results/sample_196.png
Train Epoch: 197 [0/60000 (0%)]	Loss: 107.908500
====> Epoch: 197 Average loss: 107.9103
torch.Size([16, 1, 28, 28])
====> Test set loss: 107.3057
save image: results/sample_197.png
Train Epoch: 198 [0/60000 (0%)]	Loss: 108.222688
====> Epoch: 198 Average loss: 107.8420
torch.Size([16, 1, 28, 28])
====> Test set loss: 107.2515
save image: results/sample_198.png
Train Epoch: 199 [0/60000 (0%)]	Loss: 108.014350
====> Epoch: 199 Average loss: 107.7965
torch.Size([16, 1, 28, 28])
====> Test set loss: 107.1646
save image: results/sample_199.png
Train Epoch: 200 [0/60000 (0%)]	Loss: 107.632850
====> Epoch: 200 Average loss: 107.7867
torch.Size([16, 1, 28, 28])
====> Test set loss: 107.1114
save image: results/sample_200.png
Train Epoch: 201 [0/60000 (0%)]	Loss: 107.997812
====> Epoch: 201 Average loss: 107.7458
torch.Size([16, 1, 28, 28])
====> Test set loss: 107.0897
save image: results/sample_201.png
Train Epoch: 202 [0/60000 (0%)]	Loss: 107.834788
====> Epoch: 202 Average loss: 107.7346
torch.Size([16, 1, 28, 28])
====> Test set loss: 107.0239
save image: results/sample_202.png
Train Epoch: 203 [0/60000 (0%)]	Loss: 107.902537
====> Epoch: 203 Average loss: 107.6460
torch.Size([16, 1, 28, 28])
====> Test set loss: 107.1181
save image: results/sample_203.png
Train Epoch: 204 [0/60000 (0%)]	Loss: 107.596350
====> Epoch: 204 Average loss: 107.6836
torch.Size([16, 1, 28, 28])
====> Test set loss: 107.3347
save image: results/sample_204.png
Train Epoch: 205 [0/60000 (0%)]	Loss: 108.116975
====> Epoch: 205 Average loss: 107.7583
torch.Size([16, 1, 28, 28])
====> Test set loss: 107.0019
save image: results/sample_205.png
Train Epoch: 206 [0/60000 (0%)]	Loss: 107.163888
====> Epoch: 206 Average loss: 107.5804
torch.Size([16, 1, 28, 28])
====> Test set loss: 106.9568
save image: results/sample_206.png
Train Epoch: 207 [0/60000 (0%)]	Loss: 107.881125
====> Epoch: 207 Average loss: 107.5489
torch.Size([16, 1, 28, 28])
====> Test set loss: 107.0024
save image: results/sample_207.png
Train Epoch: 208 [0/60000 (0%)]	Loss: 107.300900
====> Epoch: 208 Average loss: 107.5243
torch.Size([16, 1, 28, 28])
====> Test set loss: 107.0742
save image: results/sample_208.png
Train Epoch: 209 [0/60000 (0%)]	Loss: 108.061075
====> Epoch: 209 Average loss: 107.5517
torch.Size([16, 1, 28, 28])
====> Test set loss: 106.8195
save image: results/sample_209.png
Train Epoch: 210 [0/60000 (0%)]	Loss: 107.622125
====> Epoch: 210 Average loss: 107.4617
torch.Size([16, 1, 28, 28])
====> Test set loss: 106.9150
save image: results/sample_210.png
Train Epoch: 211 [0/60000 (0%)]	Loss: 107.445625
====> Epoch: 211 Average loss: 107.4197
torch.Size([16, 1, 28, 28])
====> Test set loss: 106.9738
save image: results/sample_211.png
Train Epoch: 212 [0/60000 (0%)]	Loss: 107.412437
====> Epoch: 212 Average loss: 107.4065
torch.Size([16, 1, 28, 28])
====> Test set loss: 106.8264
save image: results/sample_212.png
Train Epoch: 213 [0/60000 (0%)]	Loss: 107.782975
====> Epoch: 213 Average loss: 107.3729
torch.Size([16, 1, 28, 28])
====> Test set loss: 106.7340
save image: results/sample_213.png
Train Epoch: 214 [0/60000 (0%)]	Loss: 107.356250
====> Epoch: 214 Average loss: 107.2995
torch.Size([16, 1, 28, 28])
====> Test set loss: 106.7192
save image: results/sample_214.png
Train Epoch: 215 [0/60000 (0%)]	Loss: 107.113950
====> Epoch: 215 Average loss: 107.2752
torch.Size([16, 1, 28, 28])
====> Test set loss: 106.7725
save image: results/sample_215.png
Train Epoch: 216 [0/60000 (0%)]	Loss: 107.180612
====> Epoch: 216 Average loss: 107.2802
torch.Size([16, 1, 28, 28])
====> Test set loss: 106.7251
save image: results/sample_216.png
Train Epoch: 217 [0/60000 (0%)]	Loss: 107.596087
====> Epoch: 217 Average loss: 107.2532
torch.Size([16, 1, 28, 28])
====> Test set loss: 106.6711
save image: results/sample_217.png
Train Epoch: 218 [0/60000 (0%)]	Loss: 107.483788
====> Epoch: 218 Average loss: 107.2346
torch.Size([16, 1, 28, 28])
====> Test set loss: 106.6391
save image: results/sample_218.png
Train Epoch: 219 [0/60000 (0%)]	Loss: 106.765263
====> Epoch: 219 Average loss: 107.1770
torch.Size([16, 1, 28, 28])
====> Test set loss: 106.6506
save image: results/sample_219.png
Train Epoch: 220 [0/60000 (0%)]	Loss: 106.751325
====> Epoch: 220 Average loss: 107.1281
torch.Size([16, 1, 28, 28])
====> Test set loss: 106.5932
save image: results/sample_220.png
Train Epoch: 221 [0/60000 (0%)]	Loss: 107.661312
====> Epoch: 221 Average loss: 107.1211
torch.Size([16, 1, 28, 28])
====> Test set loss: 106.5653
save image: results/sample_221.png
Train Epoch: 222 [0/60000 (0%)]	Loss: 107.009812
====> Epoch: 222 Average loss: 107.0967
torch.Size([16, 1, 28, 28])
====> Test set loss: 106.5726
save image: results/sample_222.png
Train Epoch: 223 [0/60000 (0%)]	Loss: 107.328913
====> Epoch: 223 Average loss: 107.0839
torch.Size([16, 1, 28, 28])
====> Test set loss: 106.5740
save image: results/sample_223.png
Train Epoch: 224 [0/60000 (0%)]	Loss: 107.255888
====> Epoch: 224 Average loss: 107.0968
torch.Size([16, 1, 28, 28])
====> Test set loss: 106.5985
save image: results/sample_224.png
Train Epoch: 225 [0/60000 (0%)]	Loss: 107.056975
====> Epoch: 225 Average loss: 107.0711
torch.Size([16, 1, 28, 28])
====> Test set loss: 106.4067
save image: results/sample_225.png
Train Epoch: 226 [0/60000 (0%)]	Loss: 107.146900
====> Epoch: 226 Average loss: 106.9657
torch.Size([16, 1, 28, 28])
====> Test set loss: 106.5126
save image: results/sample_226.png
Train Epoch: 227 [0/60000 (0%)]	Loss: 107.215900
====> Epoch: 227 Average loss: 106.9815
torch.Size([16, 1, 28, 28])
====> Test set loss: 106.4465
save image: results/sample_227.png
Train Epoch: 228 [0/60000 (0%)]	Loss: 107.004375
====> Epoch: 228 Average loss: 106.9158
torch.Size([16, 1, 28, 28])
====> Test set loss: 106.3897
save image: results/sample_228.png
Train Epoch: 229 [0/60000 (0%)]	Loss: 107.224050
====> Epoch: 229 Average loss: 106.8674
torch.Size([16, 1, 28, 28])
====> Test set loss: 106.3241
save image: results/sample_229.png
Train Epoch: 230 [0/60000 (0%)]	Loss: 107.092388
====> Epoch: 230 Average loss: 106.8725
torch.Size([16, 1, 28, 28])
====> Test set loss: 106.3534
save image: results/sample_230.png
Train Epoch: 231 [0/60000 (0%)]	Loss: 106.910538
====> Epoch: 231 Average loss: 106.8545
torch.Size([16, 1, 28, 28])
====> Test set loss: 106.3138
save image: results/sample_231.png
Train Epoch: 232 [0/60000 (0%)]	Loss: 106.550462
====> Epoch: 232 Average loss: 106.8139
torch.Size([16, 1, 28, 28])
====> Test set loss: 106.2554
save image: results/sample_232.png
Train Epoch: 233 [0/60000 (0%)]	Loss: 106.641662
====> Epoch: 233 Average loss: 106.7703
torch.Size([16, 1, 28, 28])
====> Test set loss: 106.2310
save image: results/sample_233.png
Train Epoch: 234 [0/60000 (0%)]	Loss: 106.762100
====> Epoch: 234 Average loss: 106.7597
torch.Size([16, 1, 28, 28])
====> Test set loss: 106.3719
save image: results/sample_234.png
Train Epoch: 235 [0/60000 (0%)]	Loss: 106.805863
====> Epoch: 235 Average loss: 106.7619
torch.Size([16, 1, 28, 28])
====> Test set loss: 106.3137
save image: results/sample_235.png
Train Epoch: 236 [0/60000 (0%)]	Loss: 106.839587
====> Epoch: 236 Average loss: 106.7447
torch.Size([16, 1, 28, 28])
====> Test set loss: 106.2107
save image: results/sample_236.png
Train Epoch: 237 [0/60000 (0%)]	Loss: 106.755925
====> Epoch: 237 Average loss: 106.7388
torch.Size([16, 1, 28, 28])
====> Test set loss: 106.2230
save image: results/sample_237.png
Train Epoch: 238 [0/60000 (0%)]	Loss: 106.492175
====> Epoch: 238 Average loss: 106.6961
torch.Size([16, 1, 28, 28])
====> Test set loss: 106.1963
save image: results/sample_238.png
Train Epoch: 239 [0/60000 (0%)]	Loss: 106.885475
====> Epoch: 239 Average loss: 106.6958
torch.Size([16, 1, 28, 28])
====> Test set loss: 106.2490
save image: results/sample_239.png
Train Epoch: 240 [0/60000 (0%)]	Loss: 106.470400
====> Epoch: 240 Average loss: 106.6234
torch.Size([16, 1, 28, 28])
====> Test set loss: 106.1117
save image: results/sample_240.png
Train Epoch: 241 [0/60000 (0%)]	Loss: 106.513288
====> Epoch: 241 Average loss: 106.5861
torch.Size([16, 1, 28, 28])
====> Test set loss: 106.1719
save image: results/sample_241.png
Train Epoch: 242 [0/60000 (0%)]	Loss: 106.529400
====> Epoch: 242 Average loss: 106.6223
torch.Size([16, 1, 28, 28])
====> Test set loss: 106.1702
save image: results/sample_242.png
Train Epoch: 243 [0/60000 (0%)]	Loss: 106.275025
====> Epoch: 243 Average loss: 106.6096
torch.Size([16, 1, 28, 28])
====> Test set loss: 106.0460
save image: results/sample_243.png
Train Epoch: 244 [0/60000 (0%)]	Loss: 106.541400
====> Epoch: 244 Average loss: 106.5943
torch.Size([16, 1, 28, 28])
====> Test set loss: 106.2279
save image: results/sample_244.png
Train Epoch: 245 [0/60000 (0%)]	Loss: 106.585688
====> Epoch: 245 Average loss: 106.5440
torch.Size([16, 1, 28, 28])
====> Test set loss: 106.1060
save image: results/sample_245.png
Train Epoch: 246 [0/60000 (0%)]	Loss: 106.234875
====> Epoch: 246 Average loss: 106.4439
torch.Size([16, 1, 28, 28])
====> Test set loss: 106.1174
save image: results/sample_246.png
Train Epoch: 247 [0/60000 (0%)]	Loss: 106.380950
====> Epoch: 247 Average loss: 106.4252
torch.Size([16, 1, 28, 28])
====> Test set loss: 106.0813
save image: results/sample_247.png
Train Epoch: 248 [0/60000 (0%)]	Loss: 106.744275
====> Epoch: 248 Average loss: 106.4972
torch.Size([16, 1, 28, 28])
====> Test set loss: 106.1053
save image: results/sample_248.png
Train Epoch: 249 [0/60000 (0%)]	Loss: 106.680150
====> Epoch: 249 Average loss: 106.5373
torch.Size([16, 1, 28, 28])
====> Test set loss: 106.1084
save image: results/sample_249.png
Train Epoch: 250 [0/60000 (0%)]	Loss: 106.545113
====> Epoch: 250 Average loss: 106.4395
torch.Size([16, 1, 28, 28])
====> Test set loss: 105.9018
save image: results/sample_250.png
Train Epoch: 251 [0/60000 (0%)]	Loss: 106.657050
====> Epoch: 251 Average loss: 106.4016
torch.Size([16, 1, 28, 28])
====> Test set loss: 105.9569
save image: results/sample_251.png
Train Epoch: 252 [0/60000 (0%)]	Loss: 106.666275
====> Epoch: 252 Average loss: 106.3805
torch.Size([16, 1, 28, 28])
====> Test set loss: 105.9024
save image: results/sample_252.png
Train Epoch: 253 [0/60000 (0%)]	Loss: 106.555913
====> Epoch: 253 Average loss: 106.3636
torch.Size([16, 1, 28, 28])
====> Test set loss: 105.8273
save image: results/sample_253.png
Train Epoch: 254 [0/60000 (0%)]	Loss: 106.233500
====> Epoch: 254 Average loss: 106.2938
torch.Size([16, 1, 28, 28])
====> Test set loss: 105.8343
save image: results/sample_254.png
Train Epoch: 255 [0/60000 (0%)]	Loss: 106.043075
====> Epoch: 255 Average loss: 106.2997
torch.Size([16, 1, 28, 28])
====> Test set loss: 105.8754
save image: results/sample_255.png
Train Epoch: 256 [0/60000 (0%)]	Loss: 106.512425
====> Epoch: 256 Average loss: 106.2874
torch.Size([16, 1, 28, 28])
====> Test set loss: 105.8160
save image: results/sample_256.png
Train Epoch: 257 [0/60000 (0%)]	Loss: 105.866675
====> Epoch: 257 Average loss: 106.2166
torch.Size([16, 1, 28, 28])
====> Test set loss: 105.7621
save image: results/sample_257.png
Train Epoch: 258 [0/60000 (0%)]	Loss: 106.470737
====> Epoch: 258 Average loss: 106.2042
torch.Size([16, 1, 28, 28])
====> Test set loss: 105.9612
save image: results/sample_258.png
Train Epoch: 259 [0/60000 (0%)]	Loss: 106.332425
====> Epoch: 259 Average loss: 106.2378
torch.Size([16, 1, 28, 28])
====> Test set loss: 105.8919
save image: results/sample_259.png
Train Epoch: 260 [0/60000 (0%)]	Loss: 106.370037
====> Epoch: 260 Average loss: 106.2082
torch.Size([16, 1, 28, 28])
====> Test set loss: 105.9352
save image: results/sample_260.png
Train Epoch: 261 [0/60000 (0%)]	Loss: 106.394788
====> Epoch: 261 Average loss: 106.2066
torch.Size([16, 1, 28, 28])
====> Test set loss: 105.7306
save image: results/sample_261.png
Train Epoch: 262 [0/60000 (0%)]	Loss: 106.360313
====> Epoch: 262 Average loss: 106.1446
torch.Size([16, 1, 28, 28])
====> Test set loss: 105.7497
save image: results/sample_262.png
Train Epoch: 263 [0/60000 (0%)]	Loss: 106.495700
====> Epoch: 263 Average loss: 106.1383
torch.Size([16, 1, 28, 28])
====> Test set loss: 105.7692
save image: results/sample_263.png
Train Epoch: 264 [0/60000 (0%)]	Loss: 106.576225
====> Epoch: 264 Average loss: 106.1617
torch.Size([16, 1, 28, 28])
====> Test set loss: 105.6896
save image: results/sample_264.png
Train Epoch: 265 [0/60000 (0%)]	Loss: 106.340725
====> Epoch: 265 Average loss: 106.0670
torch.Size([16, 1, 28, 28])
====> Test set loss: 105.6693
save image: results/sample_265.png
Train Epoch: 266 [0/60000 (0%)]	Loss: 105.989000
====> Epoch: 266 Average loss: 106.0784
torch.Size([16, 1, 28, 28])
====> Test set loss: 105.7309
save image: results/sample_266.png
Train Epoch: 267 [0/60000 (0%)]	Loss: 106.058013
====> Epoch: 267 Average loss: 106.0473
torch.Size([16, 1, 28, 28])
====> Test set loss: 105.6003
save image: results/sample_267.png
Train Epoch: 268 [0/60000 (0%)]	Loss: 106.208012
====> Epoch: 268 Average loss: 105.9869
torch.Size([16, 1, 28, 28])
====> Test set loss: 105.6677
save image: results/sample_268.png
Train Epoch: 269 [0/60000 (0%)]	Loss: 105.963025
====> Epoch: 269 Average loss: 106.0123
torch.Size([16, 1, 28, 28])
====> Test set loss: 105.6613
save image: results/sample_269.png
Train Epoch: 270 [0/60000 (0%)]	Loss: 105.843000
====> Epoch: 270 Average loss: 105.9814
torch.Size([16, 1, 28, 28])
====> Test set loss: 105.6397
save image: results/sample_270.png
Train Epoch: 271 [0/60000 (0%)]	Loss: 105.984600
====> Epoch: 271 Average loss: 105.9282
torch.Size([16, 1, 28, 28])
====> Test set loss: 105.5747
save image: results/sample_271.png
Train Epoch: 272 [0/60000 (0%)]	Loss: 105.795750
====> Epoch: 272 Average loss: 105.9042
torch.Size([16, 1, 28, 28])
====> Test set loss: 105.5260
save image: results/sample_272.png
Train Epoch: 273 [0/60000 (0%)]	Loss: 105.731475
====> Epoch: 273 Average loss: 105.9089
torch.Size([16, 1, 28, 28])
====> Test set loss: 105.4625
save image: results/sample_273.png
Train Epoch: 274 [0/60000 (0%)]	Loss: 105.641762
====> Epoch: 274 Average loss: 105.8571
torch.Size([16, 1, 28, 28])
====> Test set loss: 105.5452
save image: results/sample_274.png
Train Epoch: 275 [0/60000 (0%)]	Loss: 106.081412
====> Epoch: 275 Average loss: 105.8897
torch.Size([16, 1, 28, 28])
====> Test set loss: 105.5545
save image: results/sample_275.png
Train Epoch: 276 [0/60000 (0%)]	Loss: 106.117725
====> Epoch: 276 Average loss: 105.8622
torch.Size([16, 1, 28, 28])
====> Test set loss: 105.4718
save image: results/sample_276.png
Train Epoch: 277 [0/60000 (0%)]	Loss: 105.828987
====> Epoch: 277 Average loss: 105.8374
torch.Size([16, 1, 28, 28])
====> Test set loss: 105.4422
save image: results/sample_277.png
Train Epoch: 278 [0/60000 (0%)]	Loss: 105.752212
====> Epoch: 278 Average loss: 105.8219
torch.Size([16, 1, 28, 28])
====> Test set loss: 105.5004
save image: results/sample_278.png
Train Epoch: 279 [0/60000 (0%)]	Loss: 105.462250
====> Epoch: 279 Average loss: 105.8073
torch.Size([16, 1, 28, 28])
====> Test set loss: 105.3623
save image: results/sample_279.png
Train Epoch: 280 [0/60000 (0%)]	Loss: 105.229400
====> Epoch: 280 Average loss: 105.7539
torch.Size([16, 1, 28, 28])
====> Test set loss: 105.4165
save image: results/sample_280.png
Train Epoch: 281 [0/60000 (0%)]	Loss: 105.994175
====> Epoch: 281 Average loss: 105.7610
torch.Size([16, 1, 28, 28])
====> Test set loss: 105.4061
save image: results/sample_281.png
Train Epoch: 282 [0/60000 (0%)]	Loss: 105.807925
====> Epoch: 282 Average loss: 105.7519
torch.Size([16, 1, 28, 28])
====> Test set loss: 105.3722
save image: results/sample_282.png
Train Epoch: 283 [0/60000 (0%)]	Loss: 105.264687
====> Epoch: 283 Average loss: 105.7454
torch.Size([16, 1, 28, 28])
====> Test set loss: 105.5112
save image: results/sample_283.png
Train Epoch: 284 [0/60000 (0%)]	Loss: 105.499837
====> Epoch: 284 Average loss: 105.7393
torch.Size([16, 1, 28, 28])
====> Test set loss: 105.4105
save image: results/sample_284.png
Train Epoch: 285 [0/60000 (0%)]	Loss: 105.716512
====> Epoch: 285 Average loss: 105.6653
torch.Size([16, 1, 28, 28])
====> Test set loss: 105.3659
save image: results/sample_285.png
Train Epoch: 286 [0/60000 (0%)]	Loss: 105.517625
====> Epoch: 286 Average loss: 105.6940
torch.Size([16, 1, 28, 28])
====> Test set loss: 105.4186
save image: results/sample_286.png
Train Epoch: 287 [0/60000 (0%)]	Loss: 105.736013
====> Epoch: 287 Average loss: 105.6352
torch.Size([16, 1, 28, 28])
====> Test set loss: 105.3407
save image: results/sample_287.png
Train Epoch: 288 [0/60000 (0%)]	Loss: 105.863012
====> Epoch: 288 Average loss: 105.6311
torch.Size([16, 1, 28, 28])
====> Test set loss: 105.2960
save image: results/sample_288.png
Train Epoch: 289 [0/60000 (0%)]	Loss: 105.589425
====> Epoch: 289 Average loss: 105.6238
torch.Size([16, 1, 28, 28])
====> Test set loss: 105.2756
save image: results/sample_289.png
Train Epoch: 290 [0/60000 (0%)]	Loss: 105.721025
====> Epoch: 290 Average loss: 105.6075
torch.Size([16, 1, 28, 28])
====> Test set loss: 105.2546
save image: results/sample_290.png
Train Epoch: 291 [0/60000 (0%)]	Loss: 105.187275
====> Epoch: 291 Average loss: 105.5634
torch.Size([16, 1, 28, 28])
====> Test set loss: 105.2428
save image: results/sample_291.png
Train Epoch: 292 [0/60000 (0%)]	Loss: 104.952538
====> Epoch: 292 Average loss: 105.5621
torch.Size([16, 1, 28, 28])
====> Test set loss: 105.1997
save image: results/sample_292.png
Train Epoch: 293 [0/60000 (0%)]	Loss: 105.587275
====> Epoch: 293 Average loss: 105.5219
torch.Size([16, 1, 28, 28])
====> Test set loss: 105.1748
save image: results/sample_293.png
Train Epoch: 294 [0/60000 (0%)]	Loss: 105.568962
====> Epoch: 294 Average loss: 105.5345
torch.Size([16, 1, 28, 28])
====> Test set loss: 105.2799
save image: results/sample_294.png
Train Epoch: 295 [0/60000 (0%)]	Loss: 105.619525
====> Epoch: 295 Average loss: 105.5509
torch.Size([16, 1, 28, 28])
====> Test set loss: 105.3685
save image: results/sample_295.png
Train Epoch: 296 [0/60000 (0%)]	Loss: 105.338400
====> Epoch: 296 Average loss: 105.4864
torch.Size([16, 1, 28, 28])
====> Test set loss: 105.1956
save image: results/sample_296.png
Train Epoch: 297 [0/60000 (0%)]	Loss: 105.178038
====> Epoch: 297 Average loss: 105.4478
torch.Size([16, 1, 28, 28])
====> Test set loss: 105.2798
save image: results/sample_297.png
Train Epoch: 298 [0/60000 (0%)]	Loss: 105.630912
====> Epoch: 298 Average loss: 105.4425
torch.Size([16, 1, 28, 28])
====> Test set loss: 105.1913
save image: results/sample_298.png
Train Epoch: 299 [0/60000 (0%)]	Loss: 105.299537
====> Epoch: 299 Average loss: 105.4471
torch.Size([16, 1, 28, 28])
====> Test set loss: 105.1012
save image: results/sample_299.png
Train Epoch: 300 [0/60000 (0%)]	Loss: 105.734062
====> Epoch: 300 Average loss: 105.4528
torch.Size([16, 1, 28, 28])
====> Test set loss: 105.2921
save image: results/sample_300.png
Train Epoch: 301 [0/60000 (0%)]	Loss: 105.677513
====> Epoch: 301 Average loss: 105.4359
torch.Size([16, 1, 28, 28])
====> Test set loss: 105.1402
save image: results/sample_301.png
Train Epoch: 302 [0/60000 (0%)]	Loss: 105.570750
====> Epoch: 302 Average loss: 105.4560
torch.Size([16, 1, 28, 28])
====> Test set loss: 105.1928
save image: results/sample_302.png
Train Epoch: 303 [0/60000 (0%)]	Loss: 105.553575
====> Epoch: 303 Average loss: 105.3988
torch.Size([16, 1, 28, 28])
====> Test set loss: 105.1871
save image: results/sample_303.png
Train Epoch: 304 [0/60000 (0%)]	Loss: 105.489288
====> Epoch: 304 Average loss: 105.3646
torch.Size([16, 1, 28, 28])
====> Test set loss: 105.0405
save image: results/sample_304.png
Train Epoch: 305 [0/60000 (0%)]	Loss: 105.098175
====> Epoch: 305 Average loss: 105.3301
torch.Size([16, 1, 28, 28])
====> Test set loss: 105.0670
save image: results/sample_305.png
Train Epoch: 306 [0/60000 (0%)]	Loss: 105.120275
====> Epoch: 306 Average loss: 105.3756
torch.Size([16, 1, 28, 28])
====> Test set loss: 105.0508
save image: results/sample_306.png
Train Epoch: 307 [0/60000 (0%)]	Loss: 105.607862
====> Epoch: 307 Average loss: 105.3121
torch.Size([16, 1, 28, 28])
====> Test set loss: 104.9211
save image: results/sample_307.png
Train Epoch: 308 [0/60000 (0%)]	Loss: 105.285450
====> Epoch: 308 Average loss: 105.2824
torch.Size([16, 1, 28, 28])
====> Test set loss: 104.8820
save image: results/sample_308.png
Train Epoch: 309 [0/60000 (0%)]	Loss: 105.327775
====> Epoch: 309 Average loss: 105.2962
torch.Size([16, 1, 28, 28])
====> Test set loss: 105.0484
save image: results/sample_309.png
Train Epoch: 310 [0/60000 (0%)]	Loss: 105.515388
====> Epoch: 310 Average loss: 105.2915
torch.Size([16, 1, 28, 28])
====> Test set loss: 105.0797
save image: results/sample_310.png
Train Epoch: 311 [0/60000 (0%)]	Loss: 105.472875
====> Epoch: 311 Average loss: 105.2764
torch.Size([16, 1, 28, 28])
====> Test set loss: 105.0093
save image: results/sample_311.png
Train Epoch: 312 [0/60000 (0%)]	Loss: 105.200275
====> Epoch: 312 Average loss: 105.2363
torch.Size([16, 1, 28, 28])
====> Test set loss: 105.0300
save image: results/sample_312.png
Train Epoch: 313 [0/60000 (0%)]	Loss: 104.826813
====> Epoch: 313 Average loss: 105.2099
torch.Size([16, 1, 28, 28])
====> Test set loss: 104.9415
save image: results/sample_313.png
Train Epoch: 314 [0/60000 (0%)]	Loss: 105.047850
====> Epoch: 314 Average loss: 105.1833
torch.Size([16, 1, 28, 28])
====> Test set loss: 104.9585
save image: results/sample_314.png
Train Epoch: 315 [0/60000 (0%)]	Loss: 105.121488
====> Epoch: 315 Average loss: 105.1633
torch.Size([16, 1, 28, 28])
====> Test set loss: 104.9478
save image: results/sample_315.png
Train Epoch: 316 [0/60000 (0%)]	Loss: 104.993863
====> Epoch: 316 Average loss: 105.1565
torch.Size([16, 1, 28, 28])
====> Test set loss: 104.8989
save image: results/sample_316.png
Train Epoch: 317 [0/60000 (0%)]	Loss: 105.067750
====> Epoch: 317 Average loss: 105.1719
torch.Size([16, 1, 28, 28])
====> Test set loss: 104.9422
save image: results/sample_317.png
Train Epoch: 318 [0/60000 (0%)]	Loss: 105.265650
====> Epoch: 318 Average loss: 105.1577
torch.Size([16, 1, 28, 28])
====> Test set loss: 104.8644
save image: results/sample_318.png
Train Epoch: 319 [0/60000 (0%)]	Loss: 105.440287
====> Epoch: 319 Average loss: 105.1566
torch.Size([16, 1, 28, 28])
====> Test set loss: 104.9392
save image: results/sample_319.png
Train Epoch: 320 [0/60000 (0%)]	Loss: 105.107263
====> Epoch: 320 Average loss: 105.1227
torch.Size([16, 1, 28, 28])
====> Test set loss: 104.8309
save image: results/sample_320.png
Train Epoch: 321 [0/60000 (0%)]	Loss: 104.783225
====> Epoch: 321 Average loss: 105.0918
torch.Size([16, 1, 28, 28])
====> Test set loss: 104.8758
save image: results/sample_321.png
Train Epoch: 322 [0/60000 (0%)]	Loss: 104.901212
====> Epoch: 322 Average loss: 105.0775
torch.Size([16, 1, 28, 28])
====> Test set loss: 104.9080
save image: results/sample_322.png
Train Epoch: 323 [0/60000 (0%)]	Loss: 105.238600
====> Epoch: 323 Average loss: 105.0578
torch.Size([16, 1, 28, 28])
====> Test set loss: 104.8038
save image: results/sample_323.png
Train Epoch: 324 [0/60000 (0%)]	Loss: 104.673963
====> Epoch: 324 Average loss: 105.0353
torch.Size([16, 1, 28, 28])
====> Test set loss: 104.7918
save image: results/sample_324.png
Train Epoch: 325 [0/60000 (0%)]	Loss: 105.032488
====> Epoch: 325 Average loss: 105.0167
torch.Size([16, 1, 28, 28])
====> Test set loss: 104.7163
save image: results/sample_325.png
Train Epoch: 326 [0/60000 (0%)]	Loss: 104.926650
====> Epoch: 326 Average loss: 105.0130
torch.Size([16, 1, 28, 28])
====> Test set loss: 104.8321
save image: results/sample_326.png
Train Epoch: 327 [0/60000 (0%)]	Loss: 104.986975
====> Epoch: 327 Average loss: 105.0529
torch.Size([16, 1, 28, 28])
====> Test set loss: 104.7277
save image: results/sample_327.png
Train Epoch: 328 [0/60000 (0%)]	Loss: 105.247600
====> Epoch: 328 Average loss: 105.0061
torch.Size([16, 1, 28, 28])
====> Test set loss: 104.8210
save image: results/sample_328.png
Train Epoch: 329 [0/60000 (0%)]	Loss: 104.739681
====> Epoch: 329 Average loss: 105.0021
torch.Size([16, 1, 28, 28])
====> Test set loss: 104.8308
save image: results/sample_329.png
Train Epoch: 330 [0/60000 (0%)]	Loss: 104.902350
====> Epoch: 330 Average loss: 105.0373
torch.Size([16, 1, 28, 28])
====> Test set loss: 104.9578
save image: results/sample_330.png
Train Epoch: 331 [0/60000 (0%)]	Loss: 105.992537
====> Epoch: 331 Average loss: 105.0848
torch.Size([16, 1, 28, 28])
====> Test set loss: 104.9404
save image: results/sample_331.png
Train Epoch: 332 [0/60000 (0%)]	Loss: 105.418725
====> Epoch: 332 Average loss: 105.0187
torch.Size([16, 1, 28, 28])
====> Test set loss: 104.7735
save image: results/sample_332.png
Train Epoch: 333 [0/60000 (0%)]	Loss: 104.911500
====> Epoch: 333 Average loss: 104.9300
torch.Size([16, 1, 28, 28])
====> Test set loss: 104.7703
save image: results/sample_333.png
Train Epoch: 334 [0/60000 (0%)]	Loss: 104.833406
====> Epoch: 334 Average loss: 104.9113
torch.Size([16, 1, 28, 28])
====> Test set loss: 104.6564
save image: results/sample_334.png
Train Epoch: 335 [0/60000 (0%)]	Loss: 105.082487
====> Epoch: 335 Average loss: 104.9030
torch.Size([16, 1, 28, 28])
====> Test set loss: 104.6889
save image: results/sample_335.png
Train Epoch: 336 [0/60000 (0%)]	Loss: 104.727356
====> Epoch: 336 Average loss: 104.8402
torch.Size([16, 1, 28, 28])
====> Test set loss: 104.6528
save image: results/sample_336.png
Train Epoch: 337 [0/60000 (0%)]	Loss: 105.124850
====> Epoch: 337 Average loss: 104.8372
torch.Size([16, 1, 28, 28])
====> Test set loss: 104.7451
save image: results/sample_337.png
Train Epoch: 338 [0/60000 (0%)]	Loss: 105.262275
====> Epoch: 338 Average loss: 104.8404
torch.Size([16, 1, 28, 28])
====> Test set loss: 104.6029
save image: results/sample_338.png
Train Epoch: 339 [0/60000 (0%)]	Loss: 104.812825
====> Epoch: 339 Average loss: 104.8036
torch.Size([16, 1, 28, 28])
====> Test set loss: 104.6103
save image: results/sample_339.png
Train Epoch: 340 [0/60000 (0%)]	Loss: 104.973512
====> Epoch: 340 Average loss: 104.7995
torch.Size([16, 1, 28, 28])
====> Test set loss: 104.6368
save image: results/sample_340.png
Train Epoch: 341 [0/60000 (0%)]	Loss: 104.309325
====> Epoch: 341 Average loss: 104.7989
torch.Size([16, 1, 28, 28])
====> Test set loss: 104.5682
save image: results/sample_341.png
Train Epoch: 342 [0/60000 (0%)]	Loss: 104.728550
====> Epoch: 342 Average loss: 104.8013
torch.Size([16, 1, 28, 28])
====> Test set loss: 104.6623
save image: results/sample_342.png
Train Epoch: 343 [0/60000 (0%)]	Loss: 105.005888
====> Epoch: 343 Average loss: 104.7778
torch.Size([16, 1, 28, 28])
====> Test set loss: 104.6475
save image: results/sample_343.png
Train Epoch: 344 [0/60000 (0%)]	Loss: 104.608469
====> Epoch: 344 Average loss: 104.7708
torch.Size([16, 1, 28, 28])
====> Test set loss: 104.5349
save image: results/sample_344.png
Train Epoch: 345 [0/60000 (0%)]	Loss: 104.565925
====> Epoch: 345 Average loss: 104.7605
torch.Size([16, 1, 28, 28])
====> Test set loss: 104.5623
save image: results/sample_345.png
Train Epoch: 346 [0/60000 (0%)]	Loss: 104.888387
====> Epoch: 346 Average loss: 104.7390
torch.Size([16, 1, 28, 28])
====> Test set loss: 104.6302
save image: results/sample_346.png
Train Epoch: 347 [0/60000 (0%)]	Loss: 105.110275
====> Epoch: 347 Average loss: 104.7279
torch.Size([16, 1, 28, 28])
====> Test set loss: 104.5156
save image: results/sample_347.png
Train Epoch: 348 [0/60000 (0%)]	Loss: 105.317750
====> Epoch: 348 Average loss: 104.7727
torch.Size([16, 1, 28, 28])
====> Test set loss: 104.5182
save image: results/sample_348.png
Train Epoch: 349 [0/60000 (0%)]	Loss: 104.727625
====> Epoch: 349 Average loss: 104.7377
torch.Size([16, 1, 28, 28])
====> Test set loss: 104.4663
save image: results/sample_349.png
Train Epoch: 350 [0/60000 (0%)]	Loss: 104.474169
====> Epoch: 350 Average loss: 104.7447
torch.Size([16, 1, 28, 28])
====> Test set loss: 104.5978
save image: results/sample_350.png
Train Epoch: 351 [0/60000 (0%)]	Loss: 104.639737
====> Epoch: 351 Average loss: 104.6412
torch.Size([16, 1, 28, 28])
====> Test set loss: 104.4483
save image: results/sample_351.png
Train Epoch: 352 [0/60000 (0%)]	Loss: 104.354388
====> Epoch: 352 Average loss: 104.6453
torch.Size([16, 1, 28, 28])
====> Test set loss: 104.5241
save image: results/sample_352.png
Train Epoch: 353 [0/60000 (0%)]	Loss: 104.591887
====> Epoch: 353 Average loss: 104.6426
torch.Size([16, 1, 28, 28])
====> Test set loss: 104.4441
save image: results/sample_353.png
Train Epoch: 354 [0/60000 (0%)]	Loss: 104.229362
====> Epoch: 354 Average loss: 104.6410
torch.Size([16, 1, 28, 28])
====> Test set loss: 104.5695
save image: results/sample_354.png
Train Epoch: 355 [0/60000 (0%)]	Loss: 104.615837
====> Epoch: 355 Average loss: 104.5932
torch.Size([16, 1, 28, 28])
====> Test set loss: 104.5285
save image: results/sample_355.png
Train Epoch: 356 [0/60000 (0%)]	Loss: 104.523800
====> Epoch: 356 Average loss: 104.5950
torch.Size([16, 1, 28, 28])
====> Test set loss: 104.3748
save image: results/sample_356.png
Train Epoch: 357 [0/60000 (0%)]	Loss: 104.412456
====> Epoch: 357 Average loss: 104.5822
torch.Size([16, 1, 28, 28])
====> Test set loss: 104.3956
save image: results/sample_357.png
Train Epoch: 358 [0/60000 (0%)]	Loss: 104.646506
====> Epoch: 358 Average loss: 104.5731
torch.Size([16, 1, 28, 28])
====> Test set loss: 104.5100
save image: results/sample_358.png
Train Epoch: 359 [0/60000 (0%)]	Loss: 104.652075
====> Epoch: 359 Average loss: 104.5776
torch.Size([16, 1, 28, 28])
====> Test set loss: 104.5280
save image: results/sample_359.png
Train Epoch: 360 [0/60000 (0%)]	Loss: 104.780663
====> Epoch: 360 Average loss: 104.5875
torch.Size([16, 1, 28, 28])
====> Test set loss: 104.4762
save image: results/sample_360.png
Train Epoch: 361 [0/60000 (0%)]	Loss: 105.014600
====> Epoch: 361 Average loss: 104.5632
torch.Size([16, 1, 28, 28])
====> Test set loss: 104.4914
save image: results/sample_361.png
Train Epoch: 362 [0/60000 (0%)]	Loss: 105.120963
====> Epoch: 362 Average loss: 104.5561
torch.Size([16, 1, 28, 28])
====> Test set loss: 104.4448
save image: results/sample_362.png
Train Epoch: 363 [0/60000 (0%)]	Loss: 104.560113
====> Epoch: 363 Average loss: 104.5293
torch.Size([16, 1, 28, 28])
====> Test set loss: 104.3634
save image: results/sample_363.png
Train Epoch: 364 [0/60000 (0%)]	Loss: 104.472031
====> Epoch: 364 Average loss: 104.5213
torch.Size([16, 1, 28, 28])
====> Test set loss: 104.2910
save image: results/sample_364.png
Train Epoch: 365 [0/60000 (0%)]	Loss: 104.688113
====> Epoch: 365 Average loss: 104.4504
torch.Size([16, 1, 28, 28])
====> Test set loss: 104.3659
save image: results/sample_365.png
Train Epoch: 366 [0/60000 (0%)]	Loss: 104.965100
====> Epoch: 366 Average loss: 104.4860
torch.Size([16, 1, 28, 28])
====> Test set loss: 104.3431
save image: results/sample_366.png
Train Epoch: 367 [0/60000 (0%)]	Loss: 104.256094
====> Epoch: 367 Average loss: 104.4577
torch.Size([16, 1, 28, 28])
====> Test set loss: 104.2472
save image: results/sample_367.png
Train Epoch: 368 [0/60000 (0%)]	Loss: 104.356463
====> Epoch: 368 Average loss: 104.4521
torch.Size([16, 1, 28, 28])
====> Test set loss: 104.2647
save image: results/sample_368.png
Train Epoch: 369 [0/60000 (0%)]	Loss: 104.396900
====> Epoch: 369 Average loss: 104.4151
torch.Size([16, 1, 28, 28])
====> Test set loss: 104.2969
save image: results/sample_369.png
Train Epoch: 370 [0/60000 (0%)]	Loss: 104.103500
====> Epoch: 370 Average loss: 104.4160
torch.Size([16, 1, 28, 28])
====> Test set loss: 104.3616
save image: results/sample_370.png
Train Epoch: 371 [0/60000 (0%)]	Loss: 104.199906
====> Epoch: 371 Average loss: 104.4092
torch.Size([16, 1, 28, 28])
====> Test set loss: 104.3335
save image: results/sample_371.png
Train Epoch: 372 [0/60000 (0%)]	Loss: 104.176300
====> Epoch: 372 Average loss: 104.4193
torch.Size([16, 1, 28, 28])
====> Test set loss: 104.3858
save image: results/sample_372.png
Train Epoch: 373 [0/60000 (0%)]	Loss: 104.718688
====> Epoch: 373 Average loss: 104.4025
torch.Size([16, 1, 28, 28])
====> Test set loss: 104.3120
save image: results/sample_373.png
Train Epoch: 374 [0/60000 (0%)]	Loss: 104.507756
====> Epoch: 374 Average loss: 104.3641
torch.Size([16, 1, 28, 28])
====> Test set loss: 104.2635
save image: results/sample_374.png
Train Epoch: 375 [0/60000 (0%)]	Loss: 104.394519
====> Epoch: 375 Average loss: 104.3820
torch.Size([16, 1, 28, 28])
====> Test set loss: 104.2056
save image: results/sample_375.png
Train Epoch: 376 [0/60000 (0%)]	Loss: 103.992175
====> Epoch: 376 Average loss: 104.3344
torch.Size([16, 1, 28, 28])
====> Test set loss: 104.2190
save image: results/sample_376.png
Train Epoch: 377 [0/60000 (0%)]	Loss: 104.397731
====> Epoch: 377 Average loss: 104.3074
torch.Size([16, 1, 28, 28])
====> Test set loss: 104.2223
save image: results/sample_377.png
Train Epoch: 378 [0/60000 (0%)]	Loss: 104.491081
====> Epoch: 378 Average loss: 104.3297
torch.Size([16, 1, 28, 28])
====> Test set loss: 104.3335
save image: results/sample_378.png
Train Epoch: 379 [0/60000 (0%)]	Loss: 104.010125
====> Epoch: 379 Average loss: 104.3295
torch.Size([16, 1, 28, 28])
====> Test set loss: 104.2249
save image: results/sample_379.png
Train Epoch: 380 [0/60000 (0%)]	Loss: 103.871569
====> Epoch: 380 Average loss: 104.3278
torch.Size([16, 1, 28, 28])
====> Test set loss: 104.1751
save image: results/sample_380.png
Train Epoch: 381 [0/60000 (0%)]	Loss: 104.014444
====> Epoch: 381 Average loss: 104.3063
torch.Size([16, 1, 28, 28])
====> Test set loss: 104.3025
save image: results/sample_381.png
Train Epoch: 382 [0/60000 (0%)]	Loss: 104.493625
====> Epoch: 382 Average loss: 104.2978
torch.Size([16, 1, 28, 28])
====> Test set loss: 104.1967
save image: results/sample_382.png
Train Epoch: 383 [0/60000 (0%)]	Loss: 104.408663
====> Epoch: 383 Average loss: 104.3112
torch.Size([16, 1, 28, 28])
====> Test set loss: 104.1706
save image: results/sample_383.png
Train Epoch: 384 [0/60000 (0%)]	Loss: 103.926225
====> Epoch: 384 Average loss: 104.3240
torch.Size([16, 1, 28, 28])
====> Test set loss: 104.1732
save image: results/sample_384.png
Train Epoch: 385 [0/60000 (0%)]	Loss: 104.092862
====> Epoch: 385 Average loss: 104.3145
torch.Size([16, 1, 28, 28])
====> Test set loss: 104.0944
save image: results/sample_385.png
Train Epoch: 386 [0/60000 (0%)]	Loss: 104.054637
====> Epoch: 386 Average loss: 104.2688
torch.Size([16, 1, 28, 28])
====> Test set loss: 104.1367
save image: results/sample_386.png
Train Epoch: 387 [0/60000 (0%)]	Loss: 104.725175
====> Epoch: 387 Average loss: 104.2383
torch.Size([16, 1, 28, 28])
====> Test set loss: 104.1095
save image: results/sample_387.png
Train Epoch: 388 [0/60000 (0%)]	Loss: 104.125862
====> Epoch: 388 Average loss: 104.2031
torch.Size([16, 1, 28, 28])
====> Test set loss: 104.0634
save image: results/sample_388.png
Train Epoch: 389 [0/60000 (0%)]	Loss: 104.298406
====> Epoch: 389 Average loss: 104.2352
torch.Size([16, 1, 28, 28])
====> Test set loss: 104.1342
save image: results/sample_389.png
Train Epoch: 390 [0/60000 (0%)]	Loss: 104.170487
====> Epoch: 390 Average loss: 104.2415
torch.Size([16, 1, 28, 28])
====> Test set loss: 104.2132
save image: results/sample_390.png
Train Epoch: 391 [0/60000 (0%)]	Loss: 104.415956
====> Epoch: 391 Average loss: 104.2391
torch.Size([16, 1, 28, 28])
====> Test set loss: 104.2123
save image: results/sample_391.png
Train Epoch: 392 [0/60000 (0%)]	Loss: 104.631088
====> Epoch: 392 Average loss: 104.2062
torch.Size([16, 1, 28, 28])
====> Test set loss: 104.1241
save image: results/sample_392.png
Train Epoch: 393 [0/60000 (0%)]	Loss: 103.846338
====> Epoch: 393 Average loss: 104.1670
torch.Size([16, 1, 28, 28])
====> Test set loss: 104.0951
save image: results/sample_393.png
Train Epoch: 394 [0/60000 (0%)]	Loss: 103.911969
====> Epoch: 394 Average loss: 104.1878
torch.Size([16, 1, 28, 28])
====> Test set loss: 104.0241
save image: results/sample_394.png
Train Epoch: 395 [0/60000 (0%)]	Loss: 104.472988
====> Epoch: 395 Average loss: 104.1063
torch.Size([16, 1, 28, 28])
====> Test set loss: 104.0914
save image: results/sample_395.png
Train Epoch: 396 [0/60000 (0%)]	Loss: 104.117100
====> Epoch: 396 Average loss: 104.1489
torch.Size([16, 1, 28, 28])
====> Test set loss: 104.1477
save image: results/sample_396.png
Train Epoch: 397 [0/60000 (0%)]	Loss: 103.769906
====> Epoch: 397 Average loss: 104.1919
torch.Size([16, 1, 28, 28])
====> Test set loss: 104.0099
save image: results/sample_397.png
Train Epoch: 398 [0/60000 (0%)]	Loss: 103.903675
====> Epoch: 398 Average loss: 104.1556
torch.Size([16, 1, 28, 28])
====> Test set loss: 104.0138
save image: results/sample_398.png
Train Epoch: 399 [0/60000 (0%)]	Loss: 104.160069
====> Epoch: 399 Average loss: 104.1009
torch.Size([16, 1, 28, 28])
====> Test set loss: 104.0701
save image: results/sample_399.png
Train Epoch: 400 [0/60000 (0%)]	Loss: 103.895656
====> Epoch: 400 Average loss: 104.1148
torch.Size([16, 1, 28, 28])
====> Test set loss: 104.0231
save image: results/sample_400.png
Train Epoch: 401 [0/60000 (0%)]	Loss: 103.796694
====> Epoch: 401 Average loss: 104.0821
torch.Size([16, 1, 28, 28])
====> Test set loss: 103.9554
save image: results/sample_401.png
Train Epoch: 402 [0/60000 (0%)]	Loss: 104.147913
====> Epoch: 402 Average loss: 104.0831
torch.Size([16, 1, 28, 28])
====> Test set loss: 104.0033
save image: results/sample_402.png
Train Epoch: 403 [0/60000 (0%)]	Loss: 104.206031
====> Epoch: 403 Average loss: 104.0926
torch.Size([16, 1, 28, 28])
====> Test set loss: 103.9329
save image: results/sample_403.png
Train Epoch: 404 [0/60000 (0%)]	Loss: 104.195106
====> Epoch: 404 Average loss: 104.0470
torch.Size([16, 1, 28, 28])
====> Test set loss: 103.9394
save image: results/sample_404.png
Train Epoch: 405 [0/60000 (0%)]	Loss: 104.264150
====> Epoch: 405 Average loss: 104.0641
torch.Size([16, 1, 28, 28])
====> Test set loss: 104.0604
save image: results/sample_405.png
Train Epoch: 406 [0/60000 (0%)]	Loss: 104.088363
====> Epoch: 406 Average loss: 104.1004
torch.Size([16, 1, 28, 28])
====> Test set loss: 103.9638
save image: results/sample_406.png
Train Epoch: 407 [0/60000 (0%)]	Loss: 103.571838
====> Epoch: 407 Average loss: 104.0868
torch.Size([16, 1, 28, 28])
====> Test set loss: 103.9643
save image: results/sample_407.png
Train Epoch: 408 [0/60000 (0%)]	Loss: 104.207694
====> Epoch: 408 Average loss: 104.0500
torch.Size([16, 1, 28, 28])
====> Test set loss: 103.9645
save image: results/sample_408.png
Train Epoch: 409 [0/60000 (0%)]	Loss: 103.755256
====> Epoch: 409 Average loss: 104.0285
torch.Size([16, 1, 28, 28])
====> Test set loss: 103.9766
save image: results/sample_409.png
Train Epoch: 410 [0/60000 (0%)]	Loss: 104.104019
====> Epoch: 410 Average loss: 103.9995
torch.Size([16, 1, 28, 28])
====> Test set loss: 103.8962
save image: results/sample_410.png
Train Epoch: 411 [0/60000 (0%)]	Loss: 103.979663
====> Epoch: 411 Average loss: 103.9927
torch.Size([16, 1, 28, 28])
====> Test set loss: 104.0934
save image: results/sample_411.png
Train Epoch: 412 [0/60000 (0%)]	Loss: 104.105850
====> Epoch: 412 Average loss: 104.0088
torch.Size([16, 1, 28, 28])
====> Test set loss: 104.0126
save image: results/sample_412.png
Train Epoch: 413 [0/60000 (0%)]	Loss: 103.797912
====> Epoch: 413 Average loss: 104.0059
torch.Size([16, 1, 28, 28])
====> Test set loss: 103.8030
save image: results/sample_413.png
Train Epoch: 414 [0/60000 (0%)]	Loss: 103.823588
====> Epoch: 414 Average loss: 103.9452
torch.Size([16, 1, 28, 28])
====> Test set loss: 103.8430
save image: results/sample_414.png
Train Epoch: 415 [0/60000 (0%)]	Loss: 103.973775
====> Epoch: 415 Average loss: 103.9775
torch.Size([16, 1, 28, 28])
====> Test set loss: 103.8254
save image: results/sample_415.png
Train Epoch: 416 [0/60000 (0%)]	Loss: 103.803675
====> Epoch: 416 Average loss: 103.9475
torch.Size([16, 1, 28, 28])
====> Test set loss: 103.8785
save image: results/sample_416.png
Train Epoch: 417 [0/60000 (0%)]	Loss: 103.352738
====> Epoch: 417 Average loss: 103.8997
torch.Size([16, 1, 28, 28])
====> Test set loss: 103.8688
save image: results/sample_417.png
Train Epoch: 418 [0/60000 (0%)]	Loss: 104.068975
====> Epoch: 418 Average loss: 103.9000
torch.Size([16, 1, 28, 28])
====> Test set loss: 103.8470
save image: results/sample_418.png
Train Epoch: 419 [0/60000 (0%)]	Loss: 103.999162
====> Epoch: 419 Average loss: 103.9085
torch.Size([16, 1, 28, 28])
====> Test set loss: 103.7910
save image: results/sample_419.png
Train Epoch: 420 [0/60000 (0%)]	Loss: 104.013850
====> Epoch: 420 Average loss: 103.8745
torch.Size([16, 1, 28, 28])
====> Test set loss: 103.8627
save image: results/sample_420.png
Train Epoch: 421 [0/60000 (0%)]	Loss: 103.855056
====> Epoch: 421 Average loss: 103.8610
torch.Size([16, 1, 28, 28])
====> Test set loss: 103.8554
save image: results/sample_421.png
Train Epoch: 422 [0/60000 (0%)]	Loss: 103.782281
====> Epoch: 422 Average loss: 103.9100
torch.Size([16, 1, 28, 28])
====> Test set loss: 103.7713
save image: results/sample_422.png
Train Epoch: 423 [0/60000 (0%)]	Loss: 103.879706
====> Epoch: 423 Average loss: 103.8606
torch.Size([16, 1, 28, 28])
====> Test set loss: 103.8614
save image: results/sample_423.png
Train Epoch: 424 [0/60000 (0%)]	Loss: 103.956700
====> Epoch: 424 Average loss: 103.8832
torch.Size([16, 1, 28, 28])
====> Test set loss: 103.8250
save image: results/sample_424.png
Train Epoch: 425 [0/60000 (0%)]	Loss: 103.691050
====> Epoch: 425 Average loss: 103.8425
torch.Size([16, 1, 28, 28])
====> Test set loss: 103.8721
save image: results/sample_425.png
Train Epoch: 426 [0/60000 (0%)]	Loss: 103.690112
====> Epoch: 426 Average loss: 103.7897
torch.Size([16, 1, 28, 28])
====> Test set loss: 103.7942
save image: results/sample_426.png
Train Epoch: 427 [0/60000 (0%)]	Loss: 104.016850
====> Epoch: 427 Average loss: 103.8303
torch.Size([16, 1, 28, 28])
====> Test set loss: 103.8134
save image: results/sample_427.png
Train Epoch: 428 [0/60000 (0%)]	Loss: 103.655438
====> Epoch: 428 Average loss: 103.8268
torch.Size([16, 1, 28, 28])
====> Test set loss: 103.8814
save image: results/sample_428.png
Train Epoch: 429 [0/60000 (0%)]	Loss: 103.788775
====> Epoch: 429 Average loss: 103.8262
torch.Size([16, 1, 28, 28])
====> Test set loss: 103.8181
save image: results/sample_429.png
Train Epoch: 430 [0/60000 (0%)]	Loss: 103.949588
====> Epoch: 430 Average loss: 103.7888
torch.Size([16, 1, 28, 28])
====> Test set loss: 103.7545
save image: results/sample_430.png
Train Epoch: 431 [0/60000 (0%)]	Loss: 103.876900
====> Epoch: 431 Average loss: 103.7786
torch.Size([16, 1, 28, 28])
====> Test set loss: 103.8062
save image: results/sample_431.png
Train Epoch: 432 [0/60000 (0%)]	Loss: 103.838819
====> Epoch: 432 Average loss: 103.7635
torch.Size([16, 1, 28, 28])
====> Test set loss: 103.7522
save image: results/sample_432.png
Train Epoch: 433 [0/60000 (0%)]	Loss: 104.107475
====> Epoch: 433 Average loss: 103.7638
torch.Size([16, 1, 28, 28])
====> Test set loss: 103.7388
save image: results/sample_433.png
Train Epoch: 434 [0/60000 (0%)]	Loss: 104.153975
====> Epoch: 434 Average loss: 103.7692
torch.Size([16, 1, 28, 28])
====> Test set loss: 103.7160
save image: results/sample_434.png
Train Epoch: 435 [0/60000 (0%)]	Loss: 104.239338
====> Epoch: 435 Average loss: 103.7362
torch.Size([16, 1, 28, 28])
====> Test set loss: 103.8134
save image: results/sample_435.png
Train Epoch: 436 [0/60000 (0%)]	Loss: 103.616362
====> Epoch: 436 Average loss: 103.7170
torch.Size([16, 1, 28, 28])
====> Test set loss: 103.7294
save image: results/sample_436.png
Train Epoch: 437 [0/60000 (0%)]	Loss: 103.656356
====> Epoch: 437 Average loss: 103.6956
torch.Size([16, 1, 28, 28])
====> Test set loss: 103.7318
save image: results/sample_437.png
Train Epoch: 438 [0/60000 (0%)]	Loss: 103.743463
====> Epoch: 438 Average loss: 103.7059
torch.Size([16, 1, 28, 28])
====> Test set loss: 103.6947
save image: results/sample_438.png
Train Epoch: 439 [0/60000 (0%)]	Loss: 104.152587
====> Epoch: 439 Average loss: 103.7070
torch.Size([16, 1, 28, 28])
====> Test set loss: 103.7415
save image: results/sample_439.png
Train Epoch: 440 [0/60000 (0%)]	Loss: 103.812469
====> Epoch: 440 Average loss: 103.6515
torch.Size([16, 1, 28, 28])
====> Test set loss: 103.6930
save image: results/sample_440.png
Train Epoch: 441 [0/60000 (0%)]	Loss: 103.463100
====> Epoch: 441 Average loss: 103.6679
torch.Size([16, 1, 28, 28])
====> Test set loss: 103.6243
save image: results/sample_441.png
Train Epoch: 442 [0/60000 (0%)]	Loss: 103.993088
====> Epoch: 442 Average loss: 103.6737
torch.Size([16, 1, 28, 28])
====> Test set loss: 103.7255
save image: results/sample_442.png
Train Epoch: 443 [0/60000 (0%)]	Loss: 103.821506
====> Epoch: 443 Average loss: 103.6267
torch.Size([16, 1, 28, 28])
====> Test set loss: 103.6262
save image: results/sample_443.png
Train Epoch: 444 [0/60000 (0%)]	Loss: 103.727238
====> Epoch: 444 Average loss: 103.6572
torch.Size([16, 1, 28, 28])
====> Test set loss: 103.7077
save image: results/sample_444.png
Train Epoch: 445 [0/60000 (0%)]	Loss: 103.429075
====> Epoch: 445 Average loss: 103.6276
torch.Size([16, 1, 28, 28])
====> Test set loss: 103.5403
save image: results/sample_445.png
Train Epoch: 446 [0/60000 (0%)]	Loss: 103.066175
====> Epoch: 446 Average loss: 103.6520
torch.Size([16, 1, 28, 28])
====> Test set loss: 103.6544
save image: results/sample_446.png
Train Epoch: 447 [0/60000 (0%)]	Loss: 103.516162
====> Epoch: 447 Average loss: 103.5980
torch.Size([16, 1, 28, 28])
====> Test set loss: 103.6121
save image: results/sample_447.png
Train Epoch: 448 [0/60000 (0%)]	Loss: 103.255825
====> Epoch: 448 Average loss: 103.6188
torch.Size([16, 1, 28, 28])
====> Test set loss: 103.6429
save image: results/sample_448.png
Train Epoch: 449 [0/60000 (0%)]	Loss: 103.580750
====> Epoch: 449 Average loss: 103.5997
torch.Size([16, 1, 28, 28])
====> Test set loss: 103.6073
save image: results/sample_449.png
Train Epoch: 450 [0/60000 (0%)]	Loss: 103.278712
====> Epoch: 450 Average loss: 103.6198
torch.Size([16, 1, 28, 28])
====> Test set loss: 103.6466
save image: results/sample_450.png
Train Epoch: 451 [0/60000 (0%)]	Loss: 103.479313
====> Epoch: 451 Average loss: 103.6099
torch.Size([16, 1, 28, 28])
====> Test set loss: 103.7199
save image: results/sample_451.png
Train Epoch: 452 [0/60000 (0%)]	Loss: 103.474388
====> Epoch: 452 Average loss: 103.6369
torch.Size([16, 1, 28, 28])
====> Test set loss: 103.6485
save image: results/sample_452.png
Train Epoch: 453 [0/60000 (0%)]	Loss: 103.472750
====> Epoch: 453 Average loss: 103.5694
torch.Size([16, 1, 28, 28])
====> Test set loss: 103.5734
save image: results/sample_453.png
Train Epoch: 454 [0/60000 (0%)]	Loss: 102.996869
====> Epoch: 454 Average loss: 103.5885
torch.Size([16, 1, 28, 28])
====> Test set loss: 103.4992
save image: results/sample_454.png
Train Epoch: 455 [0/60000 (0%)]	Loss: 103.432581
====> Epoch: 455 Average loss: 103.5405
torch.Size([16, 1, 28, 28])
====> Test set loss: 103.7168
save image: results/sample_455.png
Train Epoch: 456 [0/60000 (0%)]	Loss: 103.803475
====> Epoch: 456 Average loss: 103.6224
torch.Size([16, 1, 28, 28])
====> Test set loss: 103.5413
save image: results/sample_456.png
Train Epoch: 457 [0/60000 (0%)]	Loss: 103.762663
====> Epoch: 457 Average loss: 103.5490
torch.Size([16, 1, 28, 28])
====> Test set loss: 103.5921
save image: results/sample_457.png
Train Epoch: 458 [0/60000 (0%)]	Loss: 103.475325
====> Epoch: 458 Average loss: 103.5408
torch.Size([16, 1, 28, 28])
====> Test set loss: 103.4848
save image: results/sample_458.png
Train Epoch: 459 [0/60000 (0%)]	Loss: 103.617662
====> Epoch: 459 Average loss: 103.5651
torch.Size([16, 1, 28, 28])
====> Test set loss: 103.4742
save image: results/sample_459.png
Train Epoch: 460 [0/60000 (0%)]	Loss: 103.302469
====> Epoch: 460 Average loss: 103.4721
torch.Size([16, 1, 28, 28])
====> Test set loss: 103.4935
save image: results/sample_460.png
Train Epoch: 461 [0/60000 (0%)]	Loss: 103.472994
====> Epoch: 461 Average loss: 103.5016
torch.Size([16, 1, 28, 28])
====> Test set loss: 103.6106
save image: results/sample_461.png
Train Epoch: 462 [0/60000 (0%)]	Loss: 103.613900
====> Epoch: 462 Average loss: 103.5176
torch.Size([16, 1, 28, 28])
====> Test set loss: 103.5683
save image: results/sample_462.png
Train Epoch: 463 [0/60000 (0%)]	Loss: 103.777062
====> Epoch: 463 Average loss: 103.5106
torch.Size([16, 1, 28, 28])
====> Test set loss: 103.6154
save image: results/sample_463.png
Train Epoch: 464 [0/60000 (0%)]	Loss: 103.433069
====> Epoch: 464 Average loss: 103.5158
torch.Size([16, 1, 28, 28])
====> Test set loss: 103.5683
save image: results/sample_464.png
Train Epoch: 465 [0/60000 (0%)]	Loss: 103.250006
====> Epoch: 465 Average loss: 103.4690
torch.Size([16, 1, 28, 28])
====> Test set loss: 103.5236
save image: results/sample_465.png
Train Epoch: 466 [0/60000 (0%)]	Loss: 103.494613
====> Epoch: 466 Average loss: 103.4491
torch.Size([16, 1, 28, 28])
====> Test set loss: 103.4080
save image: results/sample_466.png
Train Epoch: 467 [0/60000 (0%)]	Loss: 103.470906
====> Epoch: 467 Average loss: 103.4556
torch.Size([16, 1, 28, 28])
====> Test set loss: 103.5112
save image: results/sample_467.png
Train Epoch: 468 [0/60000 (0%)]	Loss: 103.635600
====> Epoch: 468 Average loss: 103.4357
torch.Size([16, 1, 28, 28])
====> Test set loss: 103.5336
save image: results/sample_468.png
Train Epoch: 469 [0/60000 (0%)]	Loss: 103.569563
====> Epoch: 469 Average loss: 103.4373
torch.Size([16, 1, 28, 28])
====> Test set loss: 103.5378
save image: results/sample_469.png
Train Epoch: 470 [0/60000 (0%)]	Loss: 103.508787
====> Epoch: 470 Average loss: 103.4397
torch.Size([16, 1, 28, 28])
====> Test set loss: 103.4827
save image: results/sample_470.png
Train Epoch: 471 [0/60000 (0%)]	Loss: 103.561956
====> Epoch: 471 Average loss: 103.4309
torch.Size([16, 1, 28, 28])
====> Test set loss: 103.4499
save image: results/sample_471.png
Train Epoch: 472 [0/60000 (0%)]	Loss: 103.286994
====> Epoch: 472 Average loss: 103.4114
torch.Size([16, 1, 28, 28])
====> Test set loss: 103.6455
save image: results/sample_472.png
Train Epoch: 473 [0/60000 (0%)]	Loss: 103.770387
====> Epoch: 473 Average loss: 103.4673
torch.Size([16, 1, 28, 28])
====> Test set loss: 103.4209
save image: results/sample_473.png
Train Epoch: 474 [0/60000 (0%)]	Loss: 103.187150
====> Epoch: 474 Average loss: 103.3695
torch.Size([16, 1, 28, 28])
====> Test set loss: 103.5671
save image: results/sample_474.png
Train Epoch: 475 [0/60000 (0%)]	Loss: 103.530769
====> Epoch: 475 Average loss: 103.3604
torch.Size([16, 1, 28, 28])
====> Test set loss: 103.4138
save image: results/sample_475.png
Train Epoch: 476 [0/60000 (0%)]	Loss: 103.256394
====> Epoch: 476 Average loss: 103.3611
torch.Size([16, 1, 28, 28])
====> Test set loss: 103.4562
save image: results/sample_476.png
Train Epoch: 477 [0/60000 (0%)]	Loss: 103.506663
====> Epoch: 477 Average loss: 103.3701
torch.Size([16, 1, 28, 28])
====> Test set loss: 103.4529
save image: results/sample_477.png
Train Epoch: 478 [0/60000 (0%)]	Loss: 103.489400
====> Epoch: 478 Average loss: 103.3920
torch.Size([16, 1, 28, 28])
====> Test set loss: 103.3715
save image: results/sample_478.png
Train Epoch: 479 [0/60000 (0%)]	Loss: 103.756725
====> Epoch: 479 Average loss: 103.3814
torch.Size([16, 1, 28, 28])
====> Test set loss: 103.4175
save image: results/sample_479.png
Train Epoch: 480 [0/60000 (0%)]	Loss: 103.212463
====> Epoch: 480 Average loss: 103.3701
torch.Size([16, 1, 28, 28])
====> Test set loss: 103.3762
save image: results/sample_480.png
Train Epoch: 481 [0/60000 (0%)]	Loss: 103.563237
====> Epoch: 481 Average loss: 103.3688
torch.Size([16, 1, 28, 28])
====> Test set loss: 103.3430
save image: results/sample_481.png
Train Epoch: 482 [0/60000 (0%)]	Loss: 103.433513
====> Epoch: 482 Average loss: 103.3526
torch.Size([16, 1, 28, 28])
====> Test set loss: 103.4099
save image: results/sample_482.png
Train Epoch: 483 [0/60000 (0%)]	Loss: 103.346987
====> Epoch: 483 Average loss: 103.3344
torch.Size([16, 1, 28, 28])
====> Test set loss: 103.4788
save image: results/sample_483.png
Train Epoch: 484 [0/60000 (0%)]	Loss: 103.243638
====> Epoch: 484 Average loss: 103.3005
torch.Size([16, 1, 28, 28])
====> Test set loss: 103.3779
save image: results/sample_484.png
Train Epoch: 485 [0/60000 (0%)]	Loss: 102.931575
====> Epoch: 485 Average loss: 103.2969
torch.Size([16, 1, 28, 28])
====> Test set loss: 103.3782
save image: results/sample_485.png
Train Epoch: 486 [0/60000 (0%)]	Loss: 103.588656
====> Epoch: 486 Average loss: 103.3431
torch.Size([16, 1, 28, 28])
====> Test set loss: 103.4603
save image: results/sample_486.png
Train Epoch: 487 [0/60000 (0%)]	Loss: 103.220394
====> Epoch: 487 Average loss: 103.2928
torch.Size([16, 1, 28, 28])
====> Test set loss: 103.3488
save image: results/sample_487.png
Train Epoch: 488 [0/60000 (0%)]	Loss: 103.686887
====> Epoch: 488 Average loss: 103.2802
torch.Size([16, 1, 28, 28])
====> Test set loss: 103.3586
save image: results/sample_488.png
Train Epoch: 489 [0/60000 (0%)]	Loss: 103.599475
====> Epoch: 489 Average loss: 103.2961
torch.Size([16, 1, 28, 28])
====> Test set loss: 103.3034
save image: results/sample_489.png
Train Epoch: 490 [0/60000 (0%)]	Loss: 103.413469
====> Epoch: 490 Average loss: 103.3064
torch.Size([16, 1, 28, 28])
====> Test set loss: 103.3018
save image: results/sample_490.png
Train Epoch: 491 [0/60000 (0%)]	Loss: 103.432575
====> Epoch: 491 Average loss: 103.2417
torch.Size([16, 1, 28, 28])
====> Test set loss: 103.3214
save image: results/sample_491.png
Train Epoch: 492 [0/60000 (0%)]	Loss: 102.917225
====> Epoch: 492 Average loss: 103.2489
torch.Size([16, 1, 28, 28])
====> Test set loss: 103.3362
save image: results/sample_492.png
Train Epoch: 493 [0/60000 (0%)]	Loss: 103.078063
====> Epoch: 493 Average loss: 103.2289
torch.Size([16, 1, 28, 28])
====> Test set loss: 103.2741
save image: results/sample_493.png
Train Epoch: 494 [0/60000 (0%)]	Loss: 103.351725
====> Epoch: 494 Average loss: 103.1956
torch.Size([16, 1, 28, 28])
====> Test set loss: 103.2083
save image: results/sample_494.png
Train Epoch: 495 [0/60000 (0%)]	Loss: 103.062056
====> Epoch: 495 Average loss: 103.2421
torch.Size([16, 1, 28, 28])
====> Test set loss: 103.4554
save image: results/sample_495.png
Train Epoch: 496 [0/60000 (0%)]	Loss: 103.243269
====> Epoch: 496 Average loss: 103.2525
torch.Size([16, 1, 28, 28])
====> Test set loss: 103.2287
save image: results/sample_496.png
Train Epoch: 497 [0/60000 (0%)]	Loss: 102.980613
====> Epoch: 497 Average loss: 103.2278
torch.Size([16, 1, 28, 28])
====> Test set loss: 103.3823
save image: results/sample_497.png
Train Epoch: 498 [0/60000 (0%)]	Loss: 103.132119
====> Epoch: 498 Average loss: 103.2216
torch.Size([16, 1, 28, 28])
====> Test set loss: 103.2407
save image: results/sample_498.png
Train Epoch: 499 [0/60000 (0%)]	Loss: 103.650200
====> Epoch: 499 Average loss: 103.1940
torch.Size([16, 1, 28, 28])
====> Test set loss: 103.2768
save image: results/sample_499.png
Train Epoch: 500 [0/60000 (0%)]	Loss: 103.114050
====> Epoch: 500 Average loss: 103.1774
torch.Size([16, 1, 28, 28])
====> Test set loss: 103.2223
save image: results/sample_500.png
