/usr/local/lib/python3.6/dist-packages/tensorboard/compat/tensorflow_stub/dtypes.py:541: FutureWarning: Passing (type, 1) or '1type' as a synonym of type is deprecated; in a future version of numpy, it will be understood as (type, (1,)) / '(1,)type'.
  _np_qint8 = np.dtype([("qint8", np.int8, 1)])
/usr/local/lib/python3.6/dist-packages/tensorboard/compat/tensorflow_stub/dtypes.py:542: FutureWarning: Passing (type, 1) or '1type' as a synonym of type is deprecated; in a future version of numpy, it will be understood as (type, (1,)) / '(1,)type'.
  _np_quint8 = np.dtype([("quint8", np.uint8, 1)])
/usr/local/lib/python3.6/dist-packages/tensorboard/compat/tensorflow_stub/dtypes.py:543: FutureWarning: Passing (type, 1) or '1type' as a synonym of type is deprecated; in a future version of numpy, it will be understood as (type, (1,)) / '(1,)type'.
  _np_qint16 = np.dtype([("qint16", np.int16, 1)])
/usr/local/lib/python3.6/dist-packages/tensorboard/compat/tensorflow_stub/dtypes.py:544: FutureWarning: Passing (type, 1) or '1type' as a synonym of type is deprecated; in a future version of numpy, it will be understood as (type, (1,)) / '(1,)type'.
  _np_quint16 = np.dtype([("quint16", np.uint16, 1)])
/usr/local/lib/python3.6/dist-packages/tensorboard/compat/tensorflow_stub/dtypes.py:545: FutureWarning: Passing (type, 1) or '1type' as a synonym of type is deprecated; in a future version of numpy, it will be understood as (type, (1,)) / '(1,)type'.
  _np_qint32 = np.dtype([("qint32", np.int32, 1)])
/usr/local/lib/python3.6/dist-packages/tensorboard/compat/tensorflow_stub/dtypes.py:550: FutureWarning: Passing (type, 1) or '1type' as a synonym of type is deprecated; in a future version of numpy, it will be understood as (type, (1,)) / '(1,)type'.
  np_resource = np.dtype([("resource", np.ubyte, 1)])
Using cache found in /root/.cache/torch/hub/pytorch_vision_v0.8.2
Files already downloaded and verified
Files already downloaded and verified
cuda:1
i
i
i
i
i
i
i
i
i
i
i
i
i
i
i
i
i
i
i
i
i
i
i
i
i
Traceback (most recent call last):
  File "lab1 - Assignment.py", line 122, in <module>
    test_score, train_score = test()
  File "lab1 - Assignment.py", line 78, in test
    for data in trainloader:
  File "/usr/local/lib/python3.6/dist-packages/torch/utils/data/dataloader.py", line 346, in __next__
    data = self.dataset_fetcher.fetch(index)  # may raise StopIteration
  File "/usr/local/lib/python3.6/dist-packages/torch/utils/data/_utils/fetch.py", line 44, in fetch
    data = [self.dataset[idx] for idx in possibly_batched_index]
  File "/usr/local/lib/python3.6/dist-packages/torch/utils/data/_utils/fetch.py", line 44, in <listcomp>
    data = [self.dataset[idx] for idx in possibly_batched_index]
  File "/usr/local/lib/python3.6/dist-packages/torchvision/datasets/cifar.py", line 122, in __getitem__
    img = Image.fromarray(img)
  File "/usr/local/lib/python3.6/dist-packages/PIL/Image.py", line 2781, in fromarray
    obj = obj.tobytes()
KeyboardInterrupt
/usr/local/lib/python3.6/dist-packages/tensorboard/compat/tensorflow_stub/dtypes.py:541: FutureWarning: Passing (type, 1) or '1type' as a synonym of type is deprecated; in a future version of numpy, it will be understood as (type, (1,)) / '(1,)type'.
  _np_qint8 = np.dtype([("qint8", np.int8, 1)])
/usr/local/lib/python3.6/dist-packages/tensorboard/compat/tensorflow_stub/dtypes.py:542: FutureWarning: Passing (type, 1) or '1type' as a synonym of type is deprecated; in a future version of numpy, it will be understood as (type, (1,)) / '(1,)type'.
  _np_quint8 = np.dtype([("quint8", np.uint8, 1)])
/usr/local/lib/python3.6/dist-packages/tensorboard/compat/tensorflow_stub/dtypes.py:543: FutureWarning: Passing (type, 1) or '1type' as a synonym of type is deprecated; in a future version of numpy, it will be understood as (type, (1,)) / '(1,)type'.
  _np_qint16 = np.dtype([("qint16", np.int16, 1)])
/usr/local/lib/python3.6/dist-packages/tensorboard/compat/tensorflow_stub/dtypes.py:544: FutureWarning: Passing (type, 1) or '1type' as a synonym of type is deprecated; in a future version of numpy, it will be understood as (type, (1,)) / '(1,)type'.
  _np_quint16 = np.dtype([("quint16", np.uint16, 1)])
/usr/local/lib/python3.6/dist-packages/tensorboard/compat/tensorflow_stub/dtypes.py:545: FutureWarning: Passing (type, 1) or '1type' as a synonym of type is deprecated; in a future version of numpy, it will be understood as (type, (1,)) / '(1,)type'.
  _np_qint32 = np.dtype([("qint32", np.int32, 1)])
/usr/local/lib/python3.6/dist-packages/tensorboard/compat/tensorflow_stub/dtypes.py:550: FutureWarning: Passing (type, 1) or '1type' as a synonym of type is deprecated; in a future version of numpy, it will be understood as (type, (1,)) / '(1,)type'.
  np_resource = np.dtype([("resource", np.ubyte, 1)])
Files already downloaded and verified
Files already downloaded and verified
Using cache found in /root/.cache/torch/hub/pytorch_vision_v0.8.2
cuda:1
i
i
Traceback (most recent call last):
  File "lab1 - Assignment.py", line 94, in <module>
    for i, data in enumerate(trainloader, 0):
  File "/usr/local/lib/python3.6/dist-packages/torch/utils/data/dataloader.py", line 346, in __next__
    data = self.dataset_fetcher.fetch(index)  # may raise StopIteration
  File "/usr/local/lib/python3.6/dist-packages/torch/utils/data/_utils/fetch.py", line 44, in fetch
    data = [self.dataset[idx] for idx in possibly_batched_index]
  File "/usr/local/lib/python3.6/dist-packages/torch/utils/data/_utils/fetch.py", line 44, in <listcomp>
    data = [self.dataset[idx] for idx in possibly_batched_index]
  File "/usr/local/lib/python3.6/dist-packages/torchvision/datasets/cifar.py", line 125, in __getitem__
    img = self.transform(img)
  File "/usr/local/lib/python3.6/dist-packages/torchvision/transforms/transforms.py", line 61, in __call__
    img = t(img)
  File "/usr/local/lib/python3.6/dist-packages/torchvision/transforms/transforms.py", line 198, in __call__
    return F.resize(img, self.size, self.interpolation)
  File "/usr/local/lib/python3.6/dist-packages/torchvision/transforms/functional.py", line 253, in resize
    return img.resize((ow, oh), interpolation)
  File "/usr/local/lib/python3.6/dist-packages/PIL/Image.py", line 1935, in resize
    return self._new(self.im.resize(size, resample, box))
KeyboardInterrupt
/usr/local/lib/python3.6/dist-packages/tensorboard/compat/tensorflow_stub/dtypes.py:541: FutureWarning: Passing (type, 1) or '1type' as a synonym of type is deprecated; in a future version of numpy, it will be understood as (type, (1,)) / '(1,)type'.
  _np_qint8 = np.dtype([("qint8", np.int8, 1)])
/usr/local/lib/python3.6/dist-packages/tensorboard/compat/tensorflow_stub/dtypes.py:542: FutureWarning: Passing (type, 1) or '1type' as a synonym of type is deprecated; in a future version of numpy, it will be understood as (type, (1,)) / '(1,)type'.
  _np_quint8 = np.dtype([("quint8", np.uint8, 1)])
/usr/local/lib/python3.6/dist-packages/tensorboard/compat/tensorflow_stub/dtypes.py:543: FutureWarning: Passing (type, 1) or '1type' as a synonym of type is deprecated; in a future version of numpy, it will be understood as (type, (1,)) / '(1,)type'.
  _np_qint16 = np.dtype([("qint16", np.int16, 1)])
/usr/local/lib/python3.6/dist-packages/tensorboard/compat/tensorflow_stub/dtypes.py:544: FutureWarning: Passing (type, 1) or '1type' as a synonym of type is deprecated; in a future version of numpy, it will be understood as (type, (1,)) / '(1,)type'.
  _np_quint16 = np.dtype([("quint16", np.uint16, 1)])
/usr/local/lib/python3.6/dist-packages/tensorboard/compat/tensorflow_stub/dtypes.py:545: FutureWarning: Passing (type, 1) or '1type' as a synonym of type is deprecated; in a future version of numpy, it will be understood as (type, (1,)) / '(1,)type'.
  _np_qint32 = np.dtype([("qint32", np.int32, 1)])
/usr/local/lib/python3.6/dist-packages/tensorboard/compat/tensorflow_stub/dtypes.py:550: FutureWarning: Passing (type, 1) or '1type' as a synonym of type is deprecated; in a future version of numpy, it will be understood as (type, (1,)) / '(1,)type'.
  np_resource = np.dtype([("resource", np.ubyte, 1)])
Files already downloaded and verified
Files already downloaded and verified
Using cache found in /root/.cache/torch/hub/pytorch_vision_v0.8.2
cuda:1
Epoch:0|Loss:575.6164519786835 2.302465807914734|Test:0.1052|Train:0.10654
Epoch:1|Loss:575.5209953784943 2.302083981513977|Test:0.1084|Train:0.10778
Epoch:2|Loss:575.34716796875 2.301388671875|Test:0.1162|Train:0.11432
Epoch:3|Loss:574.6978163719177 2.298791265487671|Test:0.1265|Train:0.12446
Epoch:4|Loss:568.7232735157013 2.274893094062805|Test:0.1491|Train:0.14932
Epoch:5|Loss:548.9848518371582 2.1959394073486327|Test:0.2334|Train:0.23118
Epoch:6|Loss:529.2875187397003 2.1171500749588015|Test:0.2595|Train:0.25632
Epoch:7|Loss:515.9306125640869 2.0637224502563476|Test:0.2631|Train:0.25846
Epoch:8|Loss:499.47510051727295 1.9979004020690918|Test:0.2747|Train:0.26884
Epoch:9|Loss:480.23320949077606 1.9209328379631043|Test:0.2886|Train:0.28428
Epoch:10|Loss:457.4655032157898 1.829862012863159|Test:0.3303|Train:0.3246
Epoch:11|Loss:437.6980496644974 1.7507921986579895|Test:0.3641|Train:0.3628
Epoch:12|Loss:422.32564318180084 1.6893025727272033|Test:0.3831|Train:0.38276
Epoch:13|Loss:410.3279597759247 1.6413118391036987|Test:0.4029|Train:0.40126
Epoch:14|Loss:399.7875019311905 1.599150007724762|Test:0.4196|Train:0.41722
Epoch:15|Loss:388.5334267616272 1.5541337070465089|Test:0.4347|Train:0.43732
Epoch:16|Loss:377.72588658332825 1.510903546333313|Test:0.4505|Train:0.4534
Epoch:17|Loss:367.5797121524811 1.4703188486099243|Test:0.4641|Train:0.4698
Epoch:18|Loss:358.04064905643463 1.4321625962257385|Test:0.483|Train:0.47938
Epoch:19|Loss:351.02088260650635 1.4040835304260253|Test:0.4905|Train:0.48998
Epoch:20|Loss:344.041166305542 1.376164665222168|Test:0.5108|Train:0.50926
Epoch:21|Loss:335.54720199108124 1.342188807964325|Test:0.525|Train:0.51974
Epoch:22|Loss:328.3607819080353 1.3134431276321412|Test:0.537|Train:0.54298
Epoch:23|Loss:320.1698443889618 1.2806793775558472|Test:0.5359|Train:0.54068
Epoch:24|Loss:313.7924301624298 1.2551697206497192|Test:0.5526|Train:0.55458
Epoch:25|Loss:306.7295445203781 1.2269181780815124|Test:0.5661|Train:0.56362
Epoch:26|Loss:302.70231503248215 1.2108092601299285|Test:0.5703|Train:0.57266
Epoch:27|Loss:296.3156073689461 1.1852624294757843|Test:0.5781|Train:0.57932
Epoch:28|Loss:290.61119759082794 1.1624447903633117|Test:0.5929|Train:0.59186
Epoch:29|Loss:286.94217336177826 1.147768693447113|Test:0.6042|Train:0.60444
Epoch:30|Loss:279.257952272892 1.117031809091568|Test:0.6061|Train:0.61042
Epoch:31|Loss:277.1996103525162 1.1087984414100647|Test:0.6078|Train:0.61196
Epoch:32|Loss:269.8576829433441 1.0794307317733765|Test:0.6188|Train:0.61974
Epoch:33|Loss:263.8819342851639 1.0555277371406555|Test:0.6198|Train:0.62608
Epoch:34|Loss:259.4599396586418 1.0378397586345673|Test:0.6355|Train:0.64268
Epoch:35|Loss:255.4232627749443 1.0216930510997773|Test:0.644|Train:0.65022
Epoch:36|Loss:248.93722695112228 0.9957489078044891|Test:0.6459|Train:0.6565
Epoch:37|Loss:245.52086186408997 0.9820834474563599|Test:0.6535|Train:0.66364
Epoch:38|Loss:239.37691992521286 0.9575076797008515|Test:0.6441|Train:0.6585
Epoch:39|Loss:236.66142684221268 0.9466457073688507|Test:0.6682|Train:0.67306
Epoch:40|Loss:231.81525766849518 0.9272610306739807|Test:0.6652|Train:0.67842
Epoch:41|Loss:227.1148660182953 0.9084594640731811|Test:0.6705|Train:0.68192
Epoch:42|Loss:222.85675674676895 0.8914270269870758|Test:0.6783|Train:0.69568
Epoch:43|Loss:218.58224487304688 0.8743289794921875|Test:0.6919|Train:0.69948
Epoch:44|Loss:214.75388211011887 0.8590155284404755|Test:0.7006|Train:0.71176
Epoch:45|Loss:209.90825992822647 0.8396330397129059|Test:0.6938|Train:0.70716
Epoch:46|Loss:206.95493668317795 0.8278197467327117|Test:0.6939|Train:0.70384
Epoch:47|Loss:203.32711136341095 0.8133084454536438|Test:0.7069|Train:0.71846
Epoch:48|Loss:199.43861746788025 0.797754469871521|Test:0.7202|Train:0.73518
Epoch:49|Loss:195.71573650836945 0.7828629460334778|Test:0.7109|Train:0.72788
Epoch:50|Loss:193.71671706438065 0.7748668682575226|Test:0.708|Train:0.7281
Epoch:51|Loss:188.9222390651703 0.7556889562606811|Test:0.7213|Train:0.73754
Epoch:52|Loss:187.06722235679626 0.7482688894271851|Test:0.7204|Train:0.7393
Epoch:53|Loss:182.65222096443176 0.730608883857727|Test:0.7297|Train:0.7518
Epoch:54|Loss:179.6609696149826 0.7186438784599304|Test:0.7437|Train:0.75934
Epoch:55|Loss:176.08591431379318 0.7043436572551728|Test:0.7438|Train:0.76248
Epoch:56|Loss:173.21914684772491 0.6928765873908996|Test:0.7449|Train:0.76016
Epoch:57|Loss:169.92306351661682 0.6796922540664673|Test:0.7385|Train:0.75732
Epoch:58|Loss:168.09553784132004 0.6723821513652801|Test:0.7475|Train:0.76518
Epoch:59|Loss:164.94416615366936 0.6597766646146774|Test:0.7502|Train:0.77162
Epoch:60|Loss:161.8137720823288 0.6472550883293152|Test:0.7545|Train:0.77806
Epoch:61|Loss:160.7646819651127 0.6430587278604507|Test:0.7546|Train:0.77422
Epoch:62|Loss:159.86888787150383 0.6394755514860153|Test:0.7533|Train:0.77566
Epoch:63|Loss:155.82908681035042 0.6233163472414017|Test:0.7614|Train:0.78096
Epoch:64|Loss:153.29959586262703 0.6131983834505081|Test:0.7693|Train:0.79476
Epoch:65|Loss:151.21498224139214 0.6048599289655685|Test:0.7691|Train:0.79508
Epoch:66|Loss:150.08714845776558 0.6003485938310623|Test:0.7605|Train:0.78522
Epoch:67|Loss:148.01188936829567 0.5920475574731827|Test:0.7785|Train:0.80326
Epoch:68|Loss:146.20214426517487 0.5848085770606994|Test:0.767|Train:0.79862
Epoch:69|Loss:142.39217233657837 0.5695686893463134|Test:0.7793|Train:0.80874
Epoch:70|Loss:141.24116656184196 0.5649646662473679|Test:0.7743|Train:0.79992
Epoch:71|Loss:139.87304389476776 0.559492175579071|Test:0.7775|Train:0.80618
Epoch:72|Loss:138.0746420621872 0.5522985682487488|Test:0.7816|Train:0.81432
Epoch:73|Loss:137.06346702575684 0.5482538681030273|Test:0.776|Train:0.8077
Epoch:74|Loss:135.4794350862503 0.5419177403450012|Test:0.7873|Train:0.81474
Epoch:75|Loss:132.1858016550541 0.5287432066202163|Test:0.7831|Train:0.8156
Epoch:76|Loss:129.94411051273346 0.5197764420509339|Test:0.7872|Train:0.8194
Epoch:77|Loss:130.31501775979996 0.5212600710391998|Test:0.791|Train:0.82362
Epoch:78|Loss:128.50001111626625 0.514000044465065|Test:0.7881|Train:0.82392
Epoch:79|Loss:127.9557982981205 0.511823193192482|Test:0.7899|Train:0.8249
Epoch:80|Loss:124.92538484930992 0.49970153939723966|Test:0.7916|Train:0.8346
Epoch:81|Loss:122.23138073086739 0.4889255229234695|Test:0.7897|Train:0.83124
Epoch:82|Loss:122.50310719013214 0.4900124287605286|Test:0.7969|Train:0.83488
Epoch:83|Loss:120.97217586636543 0.48388870346546176|Test:0.7998|Train:0.83536
Epoch:84|Loss:119.85675698518753 0.4794270279407501|Test:0.796|Train:0.83838
Epoch:85|Loss:118.24999314546585 0.4729999725818634|Test:0.7916|Train:0.83166
Epoch:86|Loss:115.76394692063332 0.46305578768253325|Test:0.7946|Train:0.8415
Epoch:87|Loss:116.00557926297188 0.4640223170518875|Test:0.8004|Train:0.84568
Epoch:88|Loss:113.21878376603127 0.4528751350641251|Test:0.8026|Train:0.84498
Epoch:89|Loss:112.09077098965645 0.4483630839586258|Test:0.8061|Train:0.84776
Epoch:90|Loss:111.44744393229485 0.4457897757291794|Test:0.8048|Train:0.84932
Epoch:91|Loss:108.79839384555817 0.4351935753822327|Test:0.8053|Train:0.85258
Epoch:92|Loss:106.82547307014465 0.42730189228057863|Test:0.8089|Train:0.85592
Epoch:93|Loss:106.93668454885483 0.4277467381954193|Test:0.8026|Train:0.84796
Epoch:94|Loss:105.45913302898407 0.4218365321159363|Test:0.8047|Train:0.85322
Epoch:95|Loss:105.65688952803612 0.4226275581121445|Test:0.8071|Train:0.85494
Epoch:96|Loss:104.14398992061615 0.4165759596824646|Test:0.8075|Train:0.85596
Epoch:97|Loss:102.06250500679016 0.40825002002716065|Test:0.8083|Train:0.85762
Epoch:98|Loss:101.74179449677467 0.4069671779870987|Test:0.8089|Train:0.85414
Epoch:99|Loss:101.21315029263496 0.40485260117053984|Test:0.8134|Train:0.85976
Epoch:100|Loss:98.5959554463625 0.39438382178545|Test:0.8109|Train:0.86282
Epoch:101|Loss:98.16511881351471 0.39266047525405884|Test:0.8113|Train:0.86874
Epoch:102|Loss:96.59302550554276 0.38637210202217104|Test:0.8165|Train:0.87008
Epoch:103|Loss:95.68680900335312 0.3827472360134125|Test:0.8246|Train:0.86718
Epoch:104|Loss:94.20242314040661 0.37680969256162644|Test:0.8138|Train:0.86672
Epoch:105|Loss:94.44481900334358 0.37777927601337435|Test:0.8199|Train:0.87528
Epoch:106|Loss:92.02788753807545 0.3681115501523018|Test:0.8115|Train:0.86084
Epoch:107|Loss:92.45210672914982 0.36980842691659926|Test:0.817|Train:0.87466
Epoch:108|Loss:89.8920459151268 0.3595681836605072|Test:0.8138|Train:0.86992
Epoch:109|Loss:90.81553226709366 0.36326212906837463|Test:0.8207|Train:0.8776
Epoch:110|Loss:88.76747614145279 0.35506990456581117|Test:0.8215|Train:0.88274
Epoch:111|Loss:86.24173539876938 0.3449669415950775|Test:0.8199|Train:0.88422
Epoch:112|Loss:85.87087208032608 0.3434834883213043|Test:0.8276|Train:0.88168
Epoch:113|Loss:86.0019605755806 0.3440078423023224|Test:0.8209|Train:0.88504
Epoch:114|Loss:84.77005286514759 0.33908021146059036|Test:0.8326|Train:0.88758
Epoch:115|Loss:83.40412618219852 0.3336165047287941|Test:0.8286|Train:0.88942
Epoch:116|Loss:82.22600327432156 0.32890401309728623|Test:0.8166|Train:0.88014
Epoch:117|Loss:81.70001527667046 0.3268000611066818|Test:0.8198|Train:0.88376
Epoch:118|Loss:81.49283307790756 0.3259713323116302|Test:0.828|Train:0.89226
Epoch:119|Loss:79.48298113048077 0.3179319245219231|Test:0.8317|Train:0.89418
Epoch:120|Loss:79.58751568198204 0.31835006272792815|Test:0.8284|Train:0.89372
Epoch:121|Loss:79.27861978113651 0.31711447912454604|Test:0.8318|Train:0.89242
Epoch:122|Loss:78.85532274842262 0.3154212909936905|Test:0.8212|Train:0.8886
Epoch:123|Loss:77.4329895824194 0.3097319583296776|Test:0.8316|Train:0.89514
Epoch:124|Loss:75.53076630830765 0.30212306523323057|Test:0.8277|Train:0.89632
Epoch:125|Loss:74.1214989721775 0.29648599588871|Test:0.8307|Train:0.89466
Epoch:126|Loss:74.18904860317707 0.2967561944127083|Test:0.8291|Train:0.894
Epoch:127|Loss:73.1813784390688 0.2927255137562752|Test:0.8339|Train:0.89714
Epoch:128|Loss:71.97988042235374 0.287919521689415|Test:0.8301|Train:0.8995
Epoch:129|Loss:69.91207315027714 0.2796482926011086|Test:0.8306|Train:0.90128
Epoch:130|Loss:70.80020707845688 0.28320082831382754|Test:0.8348|Train:0.9052
Epoch:131|Loss:70.09963537752628 0.2803985415101051|Test:0.828|Train:0.9018
Epoch:132|Loss:68.90527851879597 0.27562111407518386|Test:0.831|Train:0.90162
Epoch:133|Loss:69.12469017505646 0.27649876070022583|Test:0.8293|Train:0.90904
Epoch:134|Loss:67.20091731846333 0.2688036692738533|Test:0.8349|Train:0.91142
Epoch:135|Loss:67.50138713419437 0.2700055485367775|Test:0.8289|Train:0.90698
Epoch:136|Loss:65.92957372963428 0.26371829491853715|Test:0.8302|Train:0.9095
Epoch:137|Loss:64.4073988944292 0.2576295955777168|Test:0.8282|Train:0.90924
Epoch:138|Loss:64.70162035524845 0.25880648142099383|Test:0.8296|Train:0.90616
Epoch:139|Loss:64.30758300423622 0.2572303320169449|Test:0.8317|Train:0.9106
Epoch:140|Loss:63.29525025188923 0.2531810010075569|Test:0.8364|Train:0.91372
Epoch:141|Loss:62.813943691551685 0.25125577476620675|Test:0.8355|Train:0.91288
Epoch:142|Loss:61.00093178451061 0.24400372713804244|Test:0.8336|Train:0.9148
Epoch:143|Loss:61.467970713973045 0.24587188285589218|Test:0.8355|Train:0.91702
Epoch:144|Loss:60.617906637489796 0.24247162654995918|Test:0.8315|Train:0.91964
Epoch:145|Loss:59.56723329424858 0.23826893317699432|Test:0.8383|Train:0.92328
Epoch:146|Loss:59.747985899448395 0.23899194359779358|Test:0.8402|Train:0.9199
Epoch:147|Loss:58.0423042178154 0.2321692168712616|Test:0.8396|Train:0.92216
Epoch:148|Loss:57.55776031315327 0.23023104125261307|Test:0.8395|Train:0.92112
Epoch:149|Loss:56.01629015803337 0.2240651606321335|Test:0.84|Train:0.92806
Epoch:150|Loss:55.641024865210056 0.22256409946084021|Test:0.8392|Train:0.92572
Epoch:151|Loss:55.66537860035896 0.22266151440143586|Test:0.8378|Train:0.92488
Epoch:152|Loss:54.710251331329346 0.2188410053253174|Test:0.8382|Train:0.92328
Epoch:153|Loss:54.342494301497936 0.21736997720599174|Test:0.8333|Train:0.92448
Epoch:154|Loss:54.216088473796844 0.21686435389518738|Test:0.8392|Train:0.92788
Epoch:155|Loss:52.90319177508354 0.21161276710033416|Test:0.8352|Train:0.92354
Epoch:156|Loss:51.95524599403143 0.20782098397612572|Test:0.8396|Train:0.93092
Epoch:157|Loss:51.88049092143774 0.20752196368575096|Test:0.8384|Train:0.92908
Epoch:158|Loss:50.1579949259758 0.2006319797039032|Test:0.8407|Train:0.93006
Epoch:159|Loss:50.878056563436985 0.20351222625374793|Test:0.8409|Train:0.93124
Epoch:160|Loss:48.93602666258812 0.19574410665035247|Test:0.8372|Train:0.93136
Epoch:161|Loss:48.976279355585575 0.1959051174223423|Test:0.8376|Train:0.93062
Epoch:162|Loss:48.21842923015356 0.19287371692061425|Test:0.8336|Train:0.93074
Epoch:163|Loss:47.43473145365715 0.1897389258146286|Test:0.8361|Train:0.93378
Epoch:164|Loss:47.811684370040894 0.19124673748016358|Test:0.8412|Train:0.93776
Epoch:165|Loss:46.58479293435812 0.18633917173743247|Test:0.8426|Train:0.93838
Epoch:166|Loss:46.00785244256258 0.18403140977025031|Test:0.839|Train:0.93296
Epoch:167|Loss:45.994624733924866 0.18397849893569945|Test:0.8481|Train:0.94078
Epoch:168|Loss:44.44242186844349 0.17776968747377395|Test:0.8412|Train:0.93808
Epoch:169|Loss:45.64385672658682 0.1825754269063473|Test:0.8444|Train:0.93806
Epoch:170|Loss:43.92648424953222 0.1757059369981289|Test:0.8393|Train:0.93952
Epoch:171|Loss:43.19259425252676 0.17277037701010703|Test:0.8406|Train:0.94342
Epoch:172|Loss:43.029527723789215 0.17211811089515686|Test:0.84|Train:0.94084
Epoch:173|Loss:41.6958229765296 0.1667832919061184|Test:0.8457|Train:0.9423
Epoch:174|Loss:41.74353655427694 0.16697414621710777|Test:0.8387|Train:0.94188
Epoch:175|Loss:41.91425542533398 0.1676570217013359|Test:0.8411|Train:0.94228
Epoch:176|Loss:40.89013459533453 0.16356053838133813|Test:0.8457|Train:0.9454
Epoch:177|Loss:41.46361941099167 0.16585447764396669|Test:0.8456|Train:0.94376
Epoch:178|Loss:40.59321892261505 0.16237287569046022|Test:0.8426|Train:0.94608
Epoch:179|Loss:39.70648064464331 0.15882592257857323|Test:0.844|Train:0.94244
Epoch:180|Loss:39.720508985221386 0.15888203594088554|Test:0.8431|Train:0.94236
Epoch:181|Loss:39.052252039313316 0.15620900815725328|Test:0.845|Train:0.94678
Epoch:182|Loss:38.57779682427645 0.1543111872971058|Test:0.8455|Train:0.94972
Epoch:183|Loss:37.99733638763428 0.1519893455505371|Test:0.8486|Train:0.9507
Epoch:184|Loss:38.188553512096405 0.15275421404838563|Test:0.8431|Train:0.95142
Epoch:185|Loss:38.06829150766134 0.15227316603064536|Test:0.8409|Train:0.95192
Epoch:186|Loss:36.36764199286699 0.14547056797146798|Test:0.8444|Train:0.94908
Epoch:187|Loss:35.76150040328503 0.1430460016131401|Test:0.8444|Train:0.95022
Epoch:188|Loss:35.4968395344913 0.1419873581379652|Test:0.8446|Train:0.95138
Epoch:189|Loss:36.27087585628033 0.1450835034251213|Test:0.8485|Train:0.95344
Epoch:190|Loss:34.59095003455877 0.1383638001382351|Test:0.847|Train:0.95218
Epoch:191|Loss:34.14912870898843 0.13659651483595373|Test:0.8419|Train:0.94714
Epoch:192|Loss:33.728946305811405 0.13491578522324563|Test:0.8485|Train:0.95576
Epoch:193|Loss:34.91764601692557 0.1396705840677023|Test:0.8514|Train:0.95668
Epoch:194|Loss:32.32359038665891 0.12929436154663562|Test:0.8451|Train:0.95272
Epoch:195|Loss:33.29485560208559 0.13317942240834235|Test:0.8509|Train:0.95684
Epoch:196|Loss:33.32873308286071 0.13331493233144284|Test:0.8471|Train:0.95392
Epoch:197|Loss:33.36118333414197 0.13344473333656787|Test:0.843|Train:0.9527
Epoch:198|Loss:33.057823963463306 0.13223129585385324|Test:0.8415|Train:0.95272
Epoch:199|Loss:31.712670799344778 0.1268506831973791|Test:0.8458|Train:0.95438
Epoch:200|Loss:30.89898642525077 0.12359594570100307|Test:0.8473|Train:0.95804
Epoch:201|Loss:30.53607128933072 0.12214428515732288|Test:0.8467|Train:0.95382
Epoch:202|Loss:31.099872671067715 0.12439949068427086|Test:0.8506|Train:0.96066
Epoch:203|Loss:30.43544266745448 0.12174177066981792|Test:0.8492|Train:0.9583
Epoch:204|Loss:30.097306586802006 0.12038922634720803|Test:0.852|Train:0.96086
Epoch:205|Loss:30.117444075644016 0.12046977630257606|Test:0.8489|Train:0.95854
Epoch:206|Loss:28.650801233947277 0.11460320493578911|Test:0.8498|Train:0.96484
Epoch:207|Loss:28.36184137687087 0.11344736550748348|Test:0.8409|Train:0.95774
Epoch:208|Loss:28.420900765806437 0.11368360306322575|Test:0.8467|Train:0.96016
Epoch:209|Loss:29.226943839341402 0.11690777535736561|Test:0.8482|Train:0.96134
Epoch:210|Loss:27.604606360197067 0.11041842544078827|Test:0.8468|Train:0.96168
Epoch:211|Loss:26.67968225851655 0.1067187290340662|Test:0.8489|Train:0.96088
Epoch:212|Loss:27.080485861748457 0.10832194344699383|Test:0.8455|Train:0.96276
Epoch:213|Loss:26.868754420429468 0.10747501768171787|Test:0.8527|Train:0.96342
Epoch:214|Loss:27.095094483345747 0.10838037793338298|Test:0.8495|Train:0.96248
Epoch:215|Loss:26.394486352801323 0.1055779454112053|Test:0.8499|Train:0.96336
Epoch:216|Loss:25.814246032387018 0.10325698412954808|Test:0.8479|Train:0.96232
Epoch:217|Loss:26.502214569598436 0.10600885827839375|Test:0.847|Train:0.96498
Epoch:218|Loss:25.37468995526433 0.10149875982105731|Test:0.8462|Train:0.96598
Epoch:219|Loss:25.259901214390993 0.10103960485756397|Test:0.8464|Train:0.96576
Epoch:220|Loss:26.012481354176998 0.10404992541670799|Test:0.847|Train:0.96488
Epoch:221|Loss:25.283611960709095 0.10113444784283639|Test:0.8489|Train:0.96682
Epoch:222|Loss:24.70087046548724 0.09880348186194897|Test:0.8488|Train:0.9647
Epoch:223|Loss:24.533509992063046 0.09813403996825218|Test:0.8504|Train:0.9669
Epoch:224|Loss:23.806109972298145 0.09522443988919257|Test:0.849|Train:0.96782
Epoch:225|Loss:23.688204061239958 0.09475281624495983|Test:0.8442|Train:0.96758
Epoch:226|Loss:23.40344812348485 0.0936137924939394|Test:0.8504|Train:0.96792
Epoch:227|Loss:23.556455116719007 0.09422582046687603|Test:0.8442|Train:0.9671
Epoch:228|Loss:24.14921237900853 0.09659684951603413|Test:0.8495|Train:0.96644
Epoch:229|Loss:23.19206727296114 0.09276826909184456|Test:0.854|Train:0.97076
Epoch:230|Loss:22.62727392464876 0.09050909569859504|Test:0.8514|Train:0.9686
Epoch:231|Loss:22.36145976372063 0.08944583905488253|Test:0.8559|Train:0.96968
Epoch:232|Loss:22.325761444866657 0.08930304577946663|Test:0.8542|Train:0.96822
Epoch:233|Loss:22.187236703932285 0.08874894681572915|Test:0.8423|Train:0.96814
Epoch:234|Loss:22.13220690190792 0.08852882760763169|Test:0.8552|Train:0.96882
Epoch:235|Loss:21.652696765959263 0.08661078706383706|Test:0.8533|Train:0.97006
Epoch:236|Loss:21.88234408572316 0.08752937634289265|Test:0.8528|Train:0.96696
Epoch:237|Loss:21.129865374416113 0.08451946149766446|Test:0.8499|Train:0.97256
Epoch:238|Loss:21.043511904776096 0.08417404761910438|Test:0.8473|Train:0.9686
Epoch:239|Loss:21.362476402893662 0.08544990561157464|Test:0.8511|Train:0.96898
Epoch:240|Loss:20.64081083610654 0.08256324334442615|Test:0.849|Train:0.96868
Epoch:241|Loss:20.457608504220843 0.08183043401688338|Test:0.856|Train:0.97388
Epoch:242|Loss:19.636662559583783 0.07854665023833514|Test:0.8515|Train:0.97514
Epoch:243|Loss:20.10598207823932 0.08042392831295729|Test:0.8552|Train:0.97212
Epoch:244|Loss:19.803097043186426 0.0792123881727457|Test:0.8543|Train:0.97278
Epoch:245|Loss:19.927702244371176 0.0797108089774847|Test:0.8486|Train:0.97216
Epoch:246|Loss:20.00667640566826 0.08002670562267303|Test:0.8552|Train:0.9729
Epoch:247|Loss:19.377794217318296 0.07751117686927318|Test:0.8489|Train:0.96894
Epoch:248|Loss:20.258849997073412 0.08103539998829365|Test:0.8544|Train:0.97296
Epoch:249|Loss:18.597453273832798 0.07438981309533119|Test:0.8498|Train:0.9736
Epoch:250|Loss:19.866724360734224 0.0794668974429369|Test:0.8496|Train:0.97364
Epoch:251|Loss:18.63860230706632 0.07455440922826528|Test:0.8524|Train:0.97638
Epoch:252|Loss:19.379943538457155 0.07751977415382862|Test:0.8531|Train:0.97466
Epoch:253|Loss:18.172774398699403 0.07269109759479761|Test:0.857|Train:0.97474
Epoch:254|Loss:19.15293806605041 0.07661175226420164|Test:0.8506|Train:0.97726
Epoch:255|Loss:18.428501138463616 0.07371400455385446|Test:0.844|Train:0.97276
Epoch:256|Loss:18.146510584279895 0.07258604233711959|Test:0.8546|Train:0.97484
Epoch:257|Loss:18.42495392076671 0.07369981568306684|Test:0.8519|Train:0.97574
Epoch:258|Loss:17.716968910768628 0.07086787564307451|Test:0.8487|Train:0.97514
Epoch:259|Loss:17.41735453158617 0.06966941812634468|Test:0.8517|Train:0.97428
Epoch:260|Loss:17.039668183773756 0.06815867273509503|Test:0.8506|Train:0.97512
Epoch:261|Loss:17.321624763309956 0.06928649905323982|Test:0.8546|Train:0.97846
Epoch:262|Loss:18.119284618645906 0.07247713847458362|Test:0.8505|Train:0.97516
Epoch:263|Loss:16.828797325491905 0.06731518930196762|Test:0.8557|Train:0.97864
Epoch:264|Loss:16.9423646312207 0.0677694585248828|Test:0.8532|Train:0.97736
Epoch:265|Loss:17.102227170020342 0.06840890868008137|Test:0.8564|Train:0.97802
Epoch:266|Loss:16.874026464298368 0.06749610585719347|Test:0.8539|Train:0.97672
Epoch:267|Loss:16.860319457948208 0.06744127783179284|Test:0.8538|Train:0.98028
Epoch:268|Loss:16.786847220733762 0.06714738888293505|Test:0.8568|Train:0.9787
Epoch:269|Loss:16.711122050881386 0.06684448820352554|Test:0.8528|Train:0.97688
Epoch:270|Loss:15.984731482341886 0.06393892592936755|Test:0.8505|Train:0.97382
Epoch:271|Loss:15.689937841147184 0.06275975136458874|Test:0.8575|Train:0.98226
Epoch:272|Loss:15.940784219652414 0.06376313687860966|Test:0.8564|Train:0.98076
Epoch:273|Loss:14.665056829340756 0.05866022731736303|Test:0.8511|Train:0.98138
Epoch:274|Loss:14.767625574022532 0.05907050229609013|Test:0.8537|Train:0.97998
Epoch:275|Loss:15.007172420620918 0.06002868968248367|Test:0.8538|Train:0.9793
Epoch:276|Loss:15.201579561457038 0.060806318245828155|Test:0.8566|Train:0.98042
Epoch:277|Loss:15.175168663263321 0.06070067465305328|Test:0.8519|Train:0.9806
Epoch:278|Loss:15.50621122866869 0.06202484491467476|Test:0.8523|Train:0.97938
Epoch:279|Loss:15.063636422157288 0.06025454568862915|Test:0.8567|Train:0.9811
Epoch:280|Loss:14.732391463592649 0.05892956585437059|Test:0.8519|Train:0.97524
Epoch:281|Loss:15.151445761322975 0.0606057830452919|Test:0.8535|Train:0.98196
Epoch:282|Loss:14.507696807384491 0.058030787229537965|Test:0.8505|Train:0.97734
Epoch:283|Loss:14.411896193400025 0.0576475847736001|Test:0.8562|Train:0.98044
Epoch:284|Loss:14.029161498881876 0.05611664599552751|Test:0.8547|Train:0.98036
Epoch:285|Loss:14.526743937283754 0.058106975749135016|Test:0.8498|Train:0.98142
Epoch:286|Loss:13.98215629439801 0.05592862517759204|Test:0.858|Train:0.98204
Epoch:287|Loss:13.35893719829619 0.05343574879318476|Test:0.855|Train:0.9786
Epoch:288|Loss:14.576324110850692 0.058305296443402765|Test:0.8603|Train:0.9821
Epoch:289|Loss:13.104569779708982 0.052418279118835925|Test:0.8575|Train:0.98222
Epoch:290|Loss:13.871207615360618 0.05548483046144247|Test:0.8578|Train:0.98064
Epoch:291|Loss:13.638674892485142 0.054554699569940565|Test:0.8549|Train:0.98042
Epoch:292|Loss:12.40823491383344 0.04963293965533376|Test:0.8555|Train:0.98188
Epoch:293|Loss:13.680912331677973 0.05472364932671189|Test:0.8578|Train:0.98434
Epoch:294|Loss:13.622858950868249 0.054491435803472994|Test:0.8616|Train:0.98384
Epoch:295|Loss:13.00801098253578 0.052032043930143115|Test:0.8525|Train:0.98048
Epoch:296|Loss:13.26588236540556 0.05306352946162224|Test:0.8561|Train:0.98378
Epoch:297|Loss:12.807034968398511 0.05122813987359404|Test:0.8581|Train:0.98288
Epoch:298|Loss:12.895507446490228 0.051582029785960916|Test:0.856|Train:0.98278
Epoch:299|Loss:13.561798548325896 0.05424719419330359|Test:0.8532|Train:0.98034
Finished Training of AlexNet
