Figure(1600x1600)
Epoch: [0/10000], Batch Num: [0/4]
Discriminator Loss: 1.3877, Generator Loss: 0.7042
D(x): 0.4997, D(G(z)): 0.5004
Figure(1600x1600)
Epoch: [1/10000], Batch Num: [0/4]
Discriminator Loss: 1.2372, Generator Loss: 0.7276
D(x): 0.5767, D(G(z)): 0.4966
Figure(1600x1600)
Epoch: [2/10000], Batch Num: [0/4]
Discriminator Loss: 1.1057, Generator Loss: 0.8397
D(x): 0.6232, D(G(z)): 0.4683
Figure(1600x1600)
Epoch: [3/10000], Batch Num: [0/4]
Discriminator Loss: 0.8823, Generator Loss: 1.0528
D(x): 0.6732, D(G(z)): 0.3844
Figure(1600x1600)
Epoch: [4/10000], Batch Num: [0/4]
Discriminator Loss: 0.6695, Generator Loss: 1.3057
D(x): 0.7354, D(G(z)): 0.3027
Figure(1600x1600)
Epoch: [5/10000], Batch Num: [0/4]
Discriminator Loss: 0.4906, Generator Loss: 1.5728
D(x): 0.7948, D(G(z)): 0.2290
Figure(1600x1600)
Epoch: [6/10000], Batch Num: [0/4]
Discriminator Loss: 0.3657, Generator Loss: 1.8301
D(x): 0.8424, D(G(z)): 0.1760
Figure(1600x1600)
Epoch: [7/10000], Batch Num: [0/4]
Discriminator Loss: 0.2776, Generator Loss: 2.0862
D(x): 0.8784, D(G(z)): 0.1373
Figure(1600x1600)
Epoch: [8/10000], Batch Num: [0/4]
Discriminator Loss: 0.2149, Generator Loss: 2.3257
D(x): 0.9042, D(G(z)): 0.1077
Figure(1600x1600)
Epoch: [9/10000], Batch Num: [0/4]
Discriminator Loss: 0.1864, Generator Loss: 2.5471
D(x): 0.9118, D(G(z)): 0.0895
Figure(1600x1600)
Epoch: [10/10000], Batch Num: [0/4]
Discriminator Loss: 0.1378, Generator Loss: 2.7868
D(x): 0.9356, D(G(z)): 0.0686
Figure(1600x1600)
Epoch: [11/10000], Batch Num: [0/4]
Discriminator Loss: 0.1147, Generator Loss: 2.9224
D(x): 0.9462, D(G(z)): 0.0576
Figure(1600x1600)
Epoch: [12/10000], Batch Num: [0/4]
Discriminator Loss: 0.6713, Generator Loss: 3.1213
D(x): 0.9449, D(G(z)): 0.4268
Figure(1600x1600)
Epoch: [13/10000], Batch Num: [0/4]
Discriminator Loss: 0.1558, Generator Loss: 3.1019
D(x): 0.9487, D(G(z)): 0.0952
Figure(1600x1600)
Epoch: [14/10000], Batch Num: [0/4]
Discriminator Loss: 0.1027, Generator Loss: 3.3025
D(x): 0.9587, D(G(z)): 0.0583
Figure(1600x1600)
Epoch: [15/10000], Batch Num: [0/4]
Discriminator Loss: 0.0903, Generator Loss: 3.4328
D(x): 0.9662, D(G(z)): 0.0539
Figure(1600x1600)
Epoch: [16/10000], Batch Num: [0/4]
Discriminator Loss: 0.0778, Generator Loss: 3.5575
D(x): 0.9664, D(G(z)): 0.0423
Figure(1600x1600)
Epoch: [17/10000], Batch Num: [0/4]
Discriminator Loss: 0.0684, Generator Loss: 3.7805
D(x): 0.9706, D(G(z)): 0.0375
Figure(1600x1600)
Epoch: [18/10000], Batch Num: [0/4]
Discriminator Loss: 0.0505, Generator Loss: 3.9808
D(x): 0.9742, D(G(z)): 0.0240
Figure(1600x1600)
Epoch: [19/10000], Batch Num: [0/4]
Discriminator Loss: 0.0643, Generator Loss: 4.0081
D(x): 0.9750, D(G(z)): 0.0379
Figure(1600x1600)
Epoch: [20/10000], Batch Num: [0/4]
Discriminator Loss: 0.0394, Generator Loss: 4.1395
D(x): 0.9819, D(G(z)): 0.0208
Figure(1600x1600)
Epoch: [21/10000], Batch Num: [0/4]
Discriminator Loss: 0.0392, Generator Loss: 4.2326
D(x): 0.9823, D(G(z)): 0.0211
Figure(1600x1600)
Epoch: [22/10000], Batch Num: [0/4]
Discriminator Loss: 0.0388, Generator Loss: 4.3215
D(x): 0.9805, D(G(z)): 0.0189
Figure(1600x1600)
Epoch: [23/10000], Batch Num: [0/4]
Discriminator Loss: 0.0366, Generator Loss: 4.2413
D(x): 0.9788, D(G(z)): 0.0150
Figure(1600x1600)
Epoch: [24/10000], Batch Num: [0/4]
Discriminator Loss: 1.2059, Generator Loss: 1.6851
D(x): 0.4935, D(G(z)): 0.3003
Figure(1600x1600)
Epoch: [25/10000], Batch Num: [0/4]
Discriminator Loss: 1.0237, Generator Loss: 3.6702
D(x): 0.8798, D(G(z)): 0.5170
Figure(1600x1600)
Epoch: [26/10000], Batch Num: [0/4]
Discriminator Loss: 1.0571, Generator Loss: 1.4250
D(x): 0.5124, D(G(z)): 0.2246
Figure(1600x1600)
Epoch: [27/10000], Batch Num: [0/4]
Discriminator Loss: 3.5286, Generator Loss: 3.1729
D(x): 0.0349, D(G(z)): 0.0149
Figure(1600x1600)
Epoch: [28/10000], Batch Num: [0/4]
Discriminator Loss: 1.0897, Generator Loss: 1.5605
D(x): 0.6991, D(G(z)): 0.5064
Figure(1600x1600)
Epoch: [29/10000], Batch Num: [0/4]
Discriminator Loss: 0.3352, Generator Loss: 2.4487
D(x): 0.8125, D(G(z)): 0.1028
Figure(1600x1600)
Epoch: [30/10000], Batch Num: [0/4]
Discriminator Loss: 0.6826, Generator Loss: 2.5836
D(x): 0.8535, D(G(z)): 0.3775
Figure(1600x1600)
Epoch: [31/10000], Batch Num: [0/4]
Discriminator Loss: 0.7981, Generator Loss: 3.5598
D(x): 0.9591, D(G(z)): 0.5099
Figure(1600x1600)
Epoch: [32/10000], Batch Num: [0/4]
Discriminator Loss: 0.3781, Generator Loss: 2.7001
D(x): 0.7471, D(G(z)): 0.0579
Figure(1600x1600)
Epoch: [33/10000], Batch Num: [0/4]
Discriminator Loss: 0.2049, Generator Loss: 3.4098
D(x): 0.9199, D(G(z)): 0.1089
Figure(1600x1600)
Epoch: [34/10000], Batch Num: [0/4]
Discriminator Loss: 0.4330, Generator Loss: 0.4795
D(x): 0.6957, D(G(z)): 0.0251
Figure(1600x1600)
Epoch: [35/10000], Batch Num: [0/4]
Discriminator Loss: 1.3872, Generator Loss: 1.2004
D(x): 0.5289, D(G(z)): 0.4268
Figure(1600x1600)
Epoch: [36/10000], Batch Num: [0/4]
Discriminator Loss: 0.5085, Generator Loss: 2.6354
D(x): 0.7833, D(G(z)): 0.2188
Figure(1600x1600)
Epoch: [37/10000], Batch Num: [0/4]
Discriminator Loss: 1.0801, Generator Loss: 4.3199
D(x): 0.9588, D(G(z)): 0.6183
Figure(1600x1600)
Epoch: [38/10000], Batch Num: [0/4]
Discriminator Loss: 0.9848, Generator Loss: 1.5073
D(x): 0.8356, D(G(z)): 0.5159
Figure(1600x1600)
Epoch: [39/10000], Batch Num: [0/4]
Discriminator Loss: 0.4803, Generator Loss: 2.6846
D(x): 0.8487, D(G(z)): 0.2524
Figure(1600x1600)
Epoch: [40/10000], Batch Num: [0/4]
Discriminator Loss: 0.5646, Generator Loss: 2.5990
D(x): 0.9310, D(G(z)): 0.3668
Figure(1600x1600)
Epoch: [41/10000], Batch Num: [0/4]
Discriminator Loss: 0.2575, Generator Loss: 2.6140
D(x): 0.8608, D(G(z)): 0.0928
Figure(1600x1600)
Epoch: [42/10000], Batch Num: [0/4]
Discriminator Loss: 2.5051, Generator Loss: 2.4272
D(x): 0.1118, D(G(z)): 0.0220
Figure(1600x1600)
Epoch: [43/10000], Batch Num: [0/4]
Discriminator Loss: 0.5000, Generator Loss: 2.4708
D(x): 0.7367, D(G(z)): 0.1549
Figure(1600x1600)
Epoch: [44/10000], Batch Num: [0/4]
Discriminator Loss: 0.8787, Generator Loss: 3.9350
D(x): 0.9437, D(G(z)): 0.5411
Figure(1600x1600)
Epoch: [45/10000], Batch Num: [0/4]
Discriminator Loss: 0.4215, Generator Loss: 2.6539
D(x): 0.8837, D(G(z)): 0.2467
Figure(1600x1600)
Epoch: [46/10000], Batch Num: [0/4]
Discriminator Loss: 0.3128, Generator Loss: 3.1497
D(x): 0.9168, D(G(z)): 0.1935
Figure(1600x1600)
Epoch: [47/10000], Batch Num: [0/4]
Discriminator Loss: 0.3808, Generator Loss: 3.5196
D(x): 0.9253, D(G(z)): 0.2496
Figure(1600x1600)
Epoch: [48/10000], Batch Num: [0/4]
Discriminator Loss: 0.1667, Generator Loss: 3.1488
D(x): 0.9400, D(G(z)): 0.0971
Figure(1600x1600)
Epoch: [49/10000], Batch Num: [0/4]
Discriminator Loss: 0.7132, Generator Loss: 0.3087
D(x): 0.5414, D(G(z)): 0.0289
Figure(1600x1600)
Epoch: [50/10000], Batch Num: [0/4]
Discriminator Loss: 1.0204, Generator Loss: 0.6971
D(x): 0.6751, D(G(z)): 0.4442
Figure(1600x1600)
Epoch: [51/10000], Batch Num: [0/4]
Discriminator Loss: 0.6388, Generator Loss: 1.7783
D(x): 0.7202, D(G(z)): 0.2536
Figure(1600x1600)
Epoch: [52/10000], Batch Num: [0/4]
Discriminator Loss: 1.9417, Generator Loss: 0.8588
D(x): 0.1724, D(G(z)): 0.0270
Figure(1600x1600)
Epoch: [53/10000], Batch Num: [0/4]
Discriminator Loss: 0.7692, Generator Loss: 3.1648
D(x): 0.8801, D(G(z)): 0.4474
Figure(1600x1600)
Epoch: [54/10000], Batch Num: [0/4]
Discriminator Loss: 0.3272, Generator Loss: 2.5158
D(x): 0.8781, D(G(z)): 0.1708
Figure(1600x1600)
Epoch: [55/10000], Batch Num: [0/4]
Discriminator Loss: 0.2358, Generator Loss: 3.2580
D(x): 0.8809, D(G(z)): 0.0976
Figure(1600x1600)
Epoch: [56/10000], Batch Num: [0/4]
Discriminator Loss: 1.7893, Generator Loss: 3.7612
D(x): 0.9779, D(G(z)): 0.8072
Figure(1600x1600)
Epoch: [57/10000], Batch Num: [0/4]
Discriminator Loss: 0.4865, Generator Loss: 3.0769
D(x): 0.8553, D(G(z)): 0.2575
Figure(1600x1600)
Epoch: [58/10000], Batch Num: [0/4]
Discriminator Loss: 1.2606, Generator Loss: 3.4651
D(x): 0.9635, D(G(z)): 0.6747
Figure(1600x1600)
Epoch: [59/10000], Batch Num: [0/4]
Discriminator Loss: 0.5933, Generator Loss: 1.7402
D(x): 0.6393, D(G(z)): 0.1080
Figure(1600x1600)
Epoch: [60/10000], Batch Num: [0/4]
Discriminator Loss: 0.3609, Generator Loss: 3.1868
D(x): 0.8774, D(G(z)): 0.1957
Figure(1600x1600)
Epoch: [61/10000], Batch Num: [0/4]
Discriminator Loss: 0.5829, Generator Loss: 4.1269
D(x): 0.9292, D(G(z)): 0.3773
Figure(1600x1600)
Epoch: [62/10000], Batch Num: [0/4]
Discriminator Loss: 0.2598, Generator Loss: 2.9793
D(x): 0.8695, D(G(z)): 0.1051
Figure(1600x1600)
Epoch: [63/10000], Batch Num: [0/4]
Discriminator Loss: 1.3941, Generator Loss: 3.4461
D(x): 0.9316, D(G(z)): 0.6910
Figure(1600x1600)
Epoch: [64/10000], Batch Num: [0/4]
Discriminator Loss: 0.2875, Generator Loss: 2.9000
D(x): 0.8413, D(G(z)): 0.0907
Figure(1600x1600)
Epoch: [65/10000], Batch Num: [0/4]
Discriminator Loss: 1.3309, Generator Loss: 3.6674
D(x): 0.9448, D(G(z)): 0.6835
Figure(1600x1600)
Epoch: [66/10000], Batch Num: [0/4]
Discriminator Loss: 0.5142, Generator Loss: 2.8479
D(x): 0.7492, D(G(z)): 0.1904
Figure(1600x1600)
Epoch: [67/10000], Batch Num: [0/4]
Discriminator Loss: 0.7724, Generator Loss: 4.0988
D(x): 0.9479, D(G(z)): 0.4783
Figure(1600x1600)
Epoch: [68/10000], Batch Num: [0/4]
Discriminator Loss: 0.3373, Generator Loss: 2.8291
D(x): 0.8318, D(G(z)): 0.1303
Figure(1600x1600)
Epoch: [69/10000], Batch Num: [0/4]
Discriminator Loss: 0.3623, Generator Loss: 2.0462
D(x): 0.7830, D(G(z)): 0.0950
Figure(1600x1600)
Epoch: [70/10000], Batch Num: [0/4]
Discriminator Loss: 0.7932, Generator Loss: 2.5324
D(x): 0.8329, D(G(z)): 0.4227
Figure(1600x1600)
Epoch: [71/10000], Batch Num: [0/4]
Discriminator Loss: 0.9497, Generator Loss: 4.5479
D(x): 0.9534, D(G(z)): 0.5563
Figure(1600x1600)
Epoch: [72/10000], Batch Num: [0/4]
Discriminator Loss: 0.6705, Generator Loss: 2.6810
D(x): 0.5789, D(G(z)): 0.0625
Figure(1600x1600)
Epoch: [73/10000], Batch Num: [0/4]
Discriminator Loss: 0.3558, Generator Loss: 2.5300
D(x): 0.8668, D(G(z)): 0.1779
Figure(1600x1600)
Epoch: [74/10000], Batch Num: [0/4]
Discriminator Loss: 1.4535, Generator Loss: 2.0882
D(x): 0.2944, D(G(z)): 0.0251
Figure(1600x1600)
Epoch: [75/10000], Batch Num: [0/4]
Discriminator Loss: 0.4782, Generator Loss: 3.3446
D(x): 0.9141, D(G(z)): 0.2969
Figure(1600x1600)
Epoch: [76/10000], Batch Num: [0/4]
Discriminator Loss: 0.9066, Generator Loss: 4.5154
D(x): 0.9600, D(G(z)): 0.5350
Figure(1600x1600)
Epoch: [77/10000], Batch Num: [0/4]
Discriminator Loss: 0.5388, Generator Loss: 1.6469
D(x): 0.6519, D(G(z)): 0.0594
Figure(1600x1600)
Epoch: [78/10000], Batch Num: [0/4]
Discriminator Loss: 0.4296, Generator Loss: 3.2171
D(x): 0.7839, D(G(z)): 0.1564
Figure(1600x1600)
Epoch: [79/10000], Batch Num: [0/4]
Discriminator Loss: 0.4416, Generator Loss: 2.1278
D(x): 0.7557, D(G(z)): 0.1189
Figure(1600x1600)
Epoch: [80/10000], Batch Num: [0/4]
Discriminator Loss: 1.1936, Generator Loss: 1.5628
D(x): 0.9164, D(G(z)): 0.6430
Figure(1600x1600)
Epoch: [81/10000], Batch Num: [0/4]
Discriminator Loss: 0.4679, Generator Loss: 3.1081
D(x): 0.8366, D(G(z)): 0.2375
Figure(1600x1600)
Epoch: [82/10000], Batch Num: [0/4]
Discriminator Loss: 0.6418, Generator Loss: 3.1304
D(x): 0.9142, D(G(z)): 0.4031
Figure(1600x1600)
Epoch: [83/10000], Batch Num: [0/4]
Discriminator Loss: 0.4842, Generator Loss: 2.6443
D(x): 0.7795, D(G(z)): 0.1872
Figure(1600x1600)
Epoch: [84/10000], Batch Num: [0/4]
Discriminator Loss: 0.4167, Generator Loss: 2.7694
D(x): 0.7188, D(G(z)): 0.0473
Figure(1600x1600)
Epoch: [85/10000], Batch Num: [0/4]
Discriminator Loss: 0.5334, Generator Loss: 3.6974
D(x): 0.8468, D(G(z)): 0.2742
Figure(1600x1600)
Epoch: [86/10000], Batch Num: [0/4]
Discriminator Loss: 0.4889, Generator Loss: 2.3094
D(x): 0.8980, D(G(z)): 0.2994
Figure(1600x1600)
Epoch: [87/10000], Batch Num: [0/4]
Discriminator Loss: 1.6859, Generator Loss: 1.3219
D(x): 0.2324, D(G(z)): 0.0240
Figure(1600x1600)
Epoch: [88/10000], Batch Num: [0/4]
Discriminator Loss: 0.7950, Generator Loss: 3.5622
D(x): 0.9281, D(G(z)): 0.4642
Figure(1600x1600)
Epoch: [89/10000], Batch Num: [0/4]
Discriminator Loss: 0.4906, Generator Loss: 2.6758
D(x): 0.9164, D(G(z)): 0.3137
Figure(1600x1600)
Epoch: [90/10000], Batch Num: [0/4]
Discriminator Loss: 0.3965, Generator Loss: 3.5168
D(x): 0.8924, D(G(z)): 0.2337
Figure(1600x1600)
Epoch: [91/10000], Batch Num: [0/4]
Discriminator Loss: 0.5234, Generator Loss: 3.3993
D(x): 0.9372, D(G(z)): 0.3394
Figure(1600x1600)
Epoch: [92/10000], Batch Num: [0/4]
Discriminator Loss: 0.5255, Generator Loss: 1.7704
D(x): 0.6772, D(G(z)): 0.0860
Figure(1600x1600)
Epoch: [93/10000], Batch Num: [0/4]
Discriminator Loss: 0.7560, Generator Loss: 3.9895
D(x): 0.9502, D(G(z)): 0.4737
Figure(1600x1600)
Epoch: [94/10000], Batch Num: [0/4]
Discriminator Loss: 0.5354, Generator Loss: 2.8785
D(x): 0.8682, D(G(z)): 0.3005
Figure(1600x1600)
Epoch: [95/10000], Batch Num: [0/4]
Discriminator Loss: 0.4911, Generator Loss: 2.8508
D(x): 0.7851, D(G(z)): 0.1910
Figure(1600x1600)
Epoch: [96/10000], Batch Num: [0/4]
Discriminator Loss: 1.5590, Generator Loss: 4.8450
D(x): 0.9796, D(G(z)): 0.7518
Figure(1600x1600)
Epoch: [97/10000], Batch Num: [0/4]
Discriminator Loss: 0.4468, Generator Loss: 3.6935
D(x): 0.8544, D(G(z)): 0.2327
Figure(1600x1600)
Epoch: [98/10000], Batch Num: [0/4]
Discriminator Loss: 0.4249, Generator Loss: 2.5228
D(x): 0.8799, D(G(z)): 0.2434
Figure(1600x1600)
Epoch: [99/10000], Batch Num: [0/4]
Discriminator Loss: 1.4929, Generator Loss: 1.9446
D(x): 0.2858, D(G(z)): 0.0240
Figure(1600x1600)
Epoch: [100/10000], Batch Num: [0/4]
Discriminator Loss: 0.8238, Generator Loss: 3.6675
D(x): 0.9176, D(G(z)): 0.4821
Figure(1600x1600)
Epoch: [101/10000], Batch Num: [0/4]
Discriminator Loss: 0.4104, Generator Loss: 2.9698
D(x): 0.8516, D(G(z)): 0.2040
Figure(1600x1600)
Epoch: [102/10000], Batch Num: [0/4]
Discriminator Loss: 0.5594, Generator Loss: 2.7555
D(x): 0.7852, D(G(z)): 0.2392
Figure(1600x1600)
Epoch: [103/10000], Batch Num: [0/4]
Discriminator Loss: 0.5033, Generator Loss: 1.5505
D(x): 0.6856, D(G(z)): 0.0779
Figure(1600x1600)
Epoch: [104/10000], Batch Num: [0/4]
Discriminator Loss: 0.4221, Generator Loss: 2.2960
D(x): 0.7149, D(G(z)): 0.0482
Figure(1600x1600)
Epoch: [105/10000], Batch Num: [0/4]
Discriminator Loss: 1.0141, Generator Loss: 4.6309
D(x): 0.9551, D(G(z)): 0.5747
Figure(1600x1600)
Epoch: [106/10000], Batch Num: [0/4]
Discriminator Loss: 0.6395, Generator Loss: 1.3437
D(x): 0.6190, D(G(z)): 0.0795
Figure(1600x1600)
Epoch: [107/10000], Batch Num: [0/4]
Discriminator Loss: 0.4054, Generator Loss: 3.5254
D(x): 0.9025, D(G(z)): 0.2452
Figure(1600x1600)
Epoch: [108/10000], Batch Num: [0/4]
Discriminator Loss: 0.6985, Generator Loss: 3.2208
D(x): 0.9171, D(G(z)): 0.4159
Figure(1600x1600)
Epoch: [109/10000], Batch Num: [0/4]
Discriminator Loss: 0.5199, Generator Loss: 2.1908
D(x): 0.6964, D(G(z)): 0.1188
Figure(1600x1600)
Epoch: [110/10000], Batch Num: [0/4]
Discriminator Loss: 1.5612, Generator Loss: 2.6821
D(x): 0.2608, D(G(z)): 0.0170
Figure(1600x1600)
Epoch: [111/10000], Batch Num: [0/4]
Discriminator Loss: 0.7067, Generator Loss: 3.5630
D(x): 0.9465, D(G(z)): 0.4368
Figure(1600x1600)
Epoch: [112/10000], Batch Num: [0/4]
Discriminator Loss: 0.6187, Generator Loss: 1.6164
D(x): 0.6186, D(G(z)): 0.0761
Figure(1600x1600)
Epoch: [113/10000], Batch Num: [0/4]
Discriminator Loss: 0.8723, Generator Loss: 4.5451
D(x): 0.9639, D(G(z)): 0.5246
Figure(1600x1600)
Epoch: [114/10000], Batch Num: [0/4]
Discriminator Loss: 0.4965, Generator Loss: 3.1614
D(x): 0.8924, D(G(z)): 0.2945
Figure(1600x1600)
Epoch: [115/10000], Batch Num: [0/4]
Discriminator Loss: 0.5871, Generator Loss: 1.3952
D(x): 0.6084, D(G(z)): 0.0419
Figure(1600x1600)
Epoch: [116/10000], Batch Num: [0/4]
Discriminator Loss: 0.4425, Generator Loss: 3.2072
D(x): 0.8730, D(G(z)): 0.2425
Figure(1600x1600)
Epoch: [117/10000], Batch Num: [0/4]
Discriminator Loss: 0.8120, Generator Loss: 0.8311
D(x): 0.5380, D(G(z)): 0.1162
Figure(1600x1600)
Epoch: [118/10000], Batch Num: [0/4]
Discriminator Loss: 0.6920, Generator Loss: 2.8620
D(x): 0.9670, D(G(z)): 0.4440
Figure(1600x1600)
Epoch: [119/10000], Batch Num: [0/4]
Discriminator Loss: 0.3569, Generator Loss: 3.1938
D(x): 0.8523, D(G(z)): 0.1659
Figure(1600x1600)
Epoch: [120/10000], Batch Num: [0/4]
Discriminator Loss: 0.5282, Generator Loss: 3.0434
D(x): 0.9464, D(G(z)): 0.3477
Figure(1600x1600)
Epoch: [121/10000], Batch Num: [0/4]
Discriminator Loss: 1.2254, Generator Loss: 1.0808
D(x): 0.3486, D(G(z)): 0.0347
Figure(1600x1600)
Epoch: [122/10000], Batch Num: [0/4]
Discriminator Loss: 0.4628, Generator Loss: 3.0641
D(x): 0.9237, D(G(z)): 0.3021
Figure(1600x1600)
Epoch: [123/10000], Batch Num: [0/4]
Discriminator Loss: 0.7422, Generator Loss: 1.2761
D(x): 0.5665, D(G(z)): 0.0922
Figure(1600x1600)
Epoch: [124/10000], Batch Num: [0/4]
Discriminator Loss: 0.2603, Generator Loss: 3.4879
D(x): 0.9162, D(G(z)): 0.1515
Figure(1600x1600)
Epoch: [125/10000], Batch Num: [0/4]
Discriminator Loss: 1.5370, Generator Loss: 4.9748
D(x): 0.9821, D(G(z)): 0.7314
Figure(1600x1600)
Epoch: [126/10000], Batch Num: [0/4]
Discriminator Loss: 0.4408, Generator Loss: 2.8424
D(x): 0.7191, D(G(z)): 0.0800
Figure(1600x1600)
Epoch: [127/10000], Batch Num: [0/4]
Discriminator Loss: 0.6929, Generator Loss: 3.0201
D(x): 0.9509, D(G(z)): 0.4416
Figure(1600x1600)
Epoch: [128/10000], Batch Num: [0/4]
Discriminator Loss: 0.4475, Generator Loss: 2.8886
D(x): 0.8349, D(G(z)): 0.2181
Figure(1600x1600)
Epoch: [129/10000], Batch Num: [0/4]
Discriminator Loss: 1.2800, Generator Loss: 4.5215
D(x): 0.9736, D(G(z)): 0.6842
Figure(1600x1600)
Epoch: [130/10000], Batch Num: [0/4]
Discriminator Loss: 0.3775, Generator Loss: 2.2018
D(x): 0.7815, D(G(z)): 0.1022
Figure(1600x1600)
Epoch: [131/10000], Batch Num: [0/4]
Discriminator Loss: 1.2321, Generator Loss: 1.2322
D(x): 0.3480, D(G(z)): 0.0236
Figure(1600x1600)
Epoch: [132/10000], Batch Num: [0/4]
Discriminator Loss: 0.5197, Generator Loss: 3.3974
D(x): 0.9089, D(G(z)): 0.3186
Figure(1600x1600)
Epoch: [133/10000], Batch Num: [0/4]
Discriminator Loss: 0.6247, Generator Loss: 4.4301
D(x): 0.8793, D(G(z)): 0.3603
Figure(1600x1600)
Epoch: [134/10000], Batch Num: [0/4]
Discriminator Loss: 0.3176, Generator Loss: 2.8409
D(x): 0.9078, D(G(z)): 0.1881
Figure(1600x1600)
Epoch: [135/10000], Batch Num: [0/4]
Discriminator Loss: 0.7108, Generator Loss: 1.0547
D(x): 0.5747, D(G(z)): 0.0759
Figure(1600x1600)
Epoch: [136/10000], Batch Num: [0/4]
Discriminator Loss: 0.8345, Generator Loss: 4.5784
D(x): 0.9784, D(G(z)): 0.5275
Figure(1600x1600)
Epoch: [137/10000], Batch Num: [0/4]
Discriminator Loss: 0.7312, Generator Loss: 2.7936
D(x): 0.9469, D(G(z)): 0.4680
Figure(1600x1600)
Epoch: [138/10000], Batch Num: [0/4]
Discriminator Loss: 0.6670, Generator Loss: 3.4188
D(x): 0.8674, D(G(z)): 0.3738
Figure(1600x1600)
Epoch: [139/10000], Batch Num: [0/4]
Discriminator Loss: 0.3274, Generator Loss: 2.4554
D(x): 0.7976, D(G(z)): 0.0826
Figure(1600x1600)
Epoch: [140/10000], Batch Num: [0/4]
Discriminator Loss: 0.8724, Generator Loss: 3.9063
D(x): 0.9377, D(G(z)): 0.5001
Figure(1600x1600)
Epoch: [141/10000], Batch Num: [0/4]
Discriminator Loss: 0.6229, Generator Loss: 2.3074
D(x): 0.6024, D(G(z)): 0.0676
Figure(1600x1600)
Epoch: [142/10000], Batch Num: [0/4]
Discriminator Loss: 1.2098, Generator Loss: 4.0198
D(x): 0.9791, D(G(z)): 0.6564
Figure(1600x1600)
Epoch: [143/10000], Batch Num: [0/4]
Discriminator Loss: 0.5593, Generator Loss: 1.6138
D(x): 0.6614, D(G(z)): 0.0953
Figure(1600x1600)
Epoch: [144/10000], Batch Num: [0/4]
Discriminator Loss: 0.4496, Generator Loss: 2.8429
D(x): 0.7439, D(G(z)): 0.1226
Figure(1600x1600)
Epoch: [145/10000], Batch Num: [0/4]
Discriminator Loss: 0.3772, Generator Loss: 3.3981
D(x): 0.8735, D(G(z)): 0.1992
Figure(1600x1600)
Epoch: [146/10000], Batch Num: [0/4]
Discriminator Loss: 0.6081, Generator Loss: 3.0300
D(x): 0.9398, D(G(z)): 0.3898
Figure(1600x1600)
Epoch: [147/10000], Batch Num: [0/4]
Discriminator Loss: 0.8684, Generator Loss: 4.2094
D(x): 0.9347, D(G(z)): 0.5030
Figure(1600x1600)
Epoch: [148/10000], Batch Num: [0/4]
Discriminator Loss: 0.5076, Generator Loss: 1.9112
D(x): 0.7587, D(G(z)): 0.1850
Figure(1600x1600)
Epoch: [149/10000], Batch Num: [0/4]
Discriminator Loss: 0.3564, Generator Loss: 3.3382
D(x): 0.8638, D(G(z)): 0.1770
Figure(1600x1600)
Epoch: [150/10000], Batch Num: [0/4]
Discriminator Loss: 0.4969, Generator Loss: 3.9041
D(x): 0.9525, D(G(z)): 0.3369
Figure(1600x1600)
Epoch: [151/10000], Batch Num: [0/4]
Discriminator Loss: 0.5736, Generator Loss: 4.9106
D(x): 0.5942, D(G(z)): 0.0108
Figure(1600x1600)
Epoch: [152/10000], Batch Num: [0/4]
Discriminator Loss: 1.0053, Generator Loss: 4.3074
D(x): 0.9711, D(G(z)): 0.5500
Figure(1600x1600)
Epoch: [153/10000], Batch Num: [0/4]
Discriminator Loss: 0.6796, Generator Loss: 3.6480
D(x): 0.9073, D(G(z)): 0.4105
Figure(1600x1600)
Epoch: [154/10000], Batch Num: [0/4]
Discriminator Loss: 0.4249, Generator Loss: 3.2364
D(x): 0.9248, D(G(z)): 0.2746
Figure(1600x1600)
Epoch: [155/10000], Batch Num: [0/4]
Discriminator Loss: 0.4038, Generator Loss: 2.7436
D(x): 0.8405, D(G(z)): 0.1909
Figure(1600x1600)
Epoch: [156/10000], Batch Num: [0/4]
Discriminator Loss: 1.3957, Generator Loss: 5.0348
D(x): 0.9831, D(G(z)): 0.6904
Figure(1600x1600)
Epoch: [157/10000], Batch Num: [0/4]
Discriminator Loss: 0.5993, Generator Loss: 1.6480
D(x): 0.6410, D(G(z)): 0.0909
Figure(1600x1600)
Epoch: [158/10000], Batch Num: [0/4]
Discriminator Loss: 0.3999, Generator Loss: 3.0585
D(x): 0.9113, D(G(z)): 0.2541
Figure(1600x1600)
Epoch: [159/10000], Batch Num: [0/4]
Discriminator Loss: 1.7583, Generator Loss: 4.2651
D(x): 0.9838, D(G(z)): 0.7636
Figure(1600x1600)
Epoch: [160/10000], Batch Num: [0/4]
Discriminator Loss: 0.3762, Generator Loss: 2.7197
D(x): 0.7789, D(G(z)): 0.0978
Figure(1600x1600)
Epoch: [161/10000], Batch Num: [0/4]
Discriminator Loss: 0.7096, Generator Loss: 3.8052
D(x): 0.9301, D(G(z)): 0.4385
Figure(1600x1600)
Epoch: [162/10000], Batch Num: [0/4]
Discriminator Loss: 0.3244, Generator Loss: 3.1822
D(x): 0.9062, D(G(z)): 0.1942
Figure(1600x1600)
Epoch: [163/10000], Batch Num: [0/4]
Discriminator Loss: 1.6069, Generator Loss: 4.3310
D(x): 0.9844, D(G(z)): 0.7355
Figure(1600x1600)
Epoch: [164/10000], Batch Num: [0/4]
Discriminator Loss: 0.4971, Generator Loss: 3.3357
D(x): 0.8467, D(G(z)): 0.2508
Figure(1600x1600)
Epoch: [165/10000], Batch Num: [0/4]
Discriminator Loss: 0.4924, Generator Loss: 3.4022
D(x): 0.7753, D(G(z)): 0.1768
Figure(1600x1600)
Epoch: [166/10000], Batch Num: [0/4]
Discriminator Loss: 1.5392, Generator Loss: 4.4122
D(x): 0.9509, D(G(z)): 0.7083
Figure(1600x1600)
Epoch: [167/10000], Batch Num: [0/4]
Discriminator Loss: 0.4685, Generator Loss: 2.0831
D(x): 0.7605, D(G(z)): 0.1509
Figure(1600x1600)
Epoch: [168/10000], Batch Num: [0/4]
Discriminator Loss: 0.7678, Generator Loss: 3.5094
D(x): 0.5244, D(G(z)): 0.0260
Figure(1600x1600)
Epoch: [169/10000], Batch Num: [0/4]
Discriminator Loss: 0.3925, Generator Loss: 3.3118
D(x): 0.9493, D(G(z)): 0.2718
Figure(1600x1600)
Epoch: [170/10000], Batch Num: [0/4]
Discriminator Loss: 0.7314, Generator Loss: 1.4065
D(x): 0.6265, D(G(z)): 0.1901
Figure(1600x1600)
Epoch: [171/10000], Batch Num: [0/4]
Discriminator Loss: 0.7218, Generator Loss: 3.6807
D(x): 0.9610, D(G(z)): 0.4491
Figure(1600x1600)
Epoch: [172/10000], Batch Num: [0/4]
Discriminator Loss: 0.3717, Generator Loss: 2.9535
D(x): 0.8581, D(G(z)): 0.1831
Figure(1600x1600)
Epoch: [173/10000], Batch Num: [0/4]
Discriminator Loss: 0.5336, Generator Loss: 3.5028
D(x): 0.8637, D(G(z)): 0.2921
Figure(1600x1600)
Epoch: [174/10000], Batch Num: [0/4]
Discriminator Loss: 0.4367, Generator Loss: 2.9205
D(x): 0.9073, D(G(z)): 0.2661
Figure(1600x1600)
Epoch: [175/10000], Batch Num: [0/4]
Discriminator Loss: 1.2806, Generator Loss: 6.0134
D(x): 0.9851, D(G(z)): 0.6677
Figure(1600x1600)
Epoch: [176/10000], Batch Num: [0/4]
Discriminator Loss: 0.7497, Generator Loss: 1.5367
D(x): 0.5876, D(G(z)): 0.1393
Figure(1600x1600)
Epoch: [177/10000], Batch Num: [0/4]
Discriminator Loss: 0.4453, Generator Loss: 4.0271
D(x): 0.8730, D(G(z)): 0.2417
Figure(1600x1600)
Epoch: [178/10000], Batch Num: [0/4]
Discriminator Loss: 0.8831, Generator Loss: 4.0421
D(x): 0.9420, D(G(z)): 0.5064
Figure(1600x1600)
Epoch: [179/10000], Batch Num: [0/4]
Discriminator Loss: 0.5629, Generator Loss: 1.5320
D(x): 0.6720, D(G(z)): 0.1139
Figure(1600x1600)
Epoch: [180/10000], Batch Num: [0/4]
Discriminator Loss: 1.5285, Generator Loss: 4.4556
D(x): 0.9861, D(G(z)): 0.7278
Figure(1600x1600)
Epoch: [181/10000], Batch Num: [0/4]
Discriminator Loss: 0.3595, Generator Loss: 2.7829
D(x): 0.8297, D(G(z)): 0.1417
Figure(1600x1600)
Epoch: [182/10000], Batch Num: [0/4]
Discriminator Loss: 0.5749, Generator Loss: 1.1842
D(x): 0.6934, D(G(z)): 0.1570
Figure(1600x1600)
Epoch: [183/10000], Batch Num: [0/4]
Discriminator Loss: 0.8272, Generator Loss: 4.1222
D(x): 0.9710, D(G(z)): 0.4824
Figure(1600x1600)
Epoch: [184/10000], Batch Num: [0/4]
Discriminator Loss: 1.4551, Generator Loss: 1.2446
D(x): 0.2886, D(G(z)): 0.0329
Figure(1600x1600)
Epoch: [185/10000], Batch Num: [0/4]
Discriminator Loss: 0.9817, Generator Loss: 3.7461
D(x): 0.9658, D(G(z)): 0.5538
Figure(1600x1600)
Epoch: [186/10000], Batch Num: [0/4]
Discriminator Loss: 0.4175, Generator Loss: 2.2552
D(x): 0.7954, D(G(z)): 0.1503
Figure(1600x1600)
Epoch: [187/10000], Batch Num: [0/4]
Discriminator Loss: 0.9365, Generator Loss: 3.9349
D(x): 0.9666, D(G(z)): 0.5550
Figure(1600x1600)
Epoch: [188/10000], Batch Num: [0/4]
Discriminator Loss: 0.4548, Generator Loss: 3.0154
D(x): 0.9442, D(G(z)): 0.3075
Figure(1600x1600)
Epoch: [189/10000], Batch Num: [0/4]
Discriminator Loss: 0.3709, Generator Loss: 2.7288
D(x): 0.8532, D(G(z)): 0.1718
Figure(1600x1600)
Epoch: [190/10000], Batch Num: [0/4]
Discriminator Loss: 0.4270, Generator Loss: 2.8568
D(x): 0.8458, D(G(z)): 0.2122
Figure(1600x1600)
Epoch: [191/10000], Batch Num: [0/4]
Discriminator Loss: 0.5062, Generator Loss: 4.3294
D(x): 0.9431, D(G(z)): 0.3315
Figure(1600x1600)
Epoch: [192/10000], Batch Num: [0/4]
Discriminator Loss: 0.5236, Generator Loss: 3.7957
D(x): 0.9506, D(G(z)): 0.3378
Figure(1600x1600)
Epoch: [193/10000], Batch Num: [0/4]
Discriminator Loss: 0.5766, Generator Loss: 2.2688
D(x): 0.6278, D(G(z)): 0.0664
Figure(1600x1600)
Epoch: [194/10000], Batch Num: [0/4]
Discriminator Loss: 0.6303, Generator Loss: 5.0330
D(x): 0.9669, D(G(z)): 0.4065
Figure(1600x1600)
Epoch: [195/10000], Batch Num: [0/4]
Discriminator Loss: 0.3545, Generator Loss: 3.4874
D(x): 0.7795, D(G(z)): 0.0823
Figure(1600x1600)
Epoch: [196/10000], Batch Num: [0/4]
Discriminator Loss: 0.4360, Generator Loss: 1.6733
D(x): 0.7504, D(G(z)): 0.1198
Figure(1600x1600)
Epoch: [197/10000], Batch Num: [0/4]
Discriminator Loss: 0.4383, Generator Loss: 3.1611
D(x): 0.7077, D(G(z)): 0.0584
Figure(1600x1600)
Epoch: [198/10000], Batch Num: [0/4]
Discriminator Loss: 0.5596, Generator Loss: 3.8392
D(x): 0.9395, D(G(z)): 0.3447
Figure(1600x1600)
Epoch: [199/10000], Batch Num: [0/4]
Discriminator Loss: 0.3912, Generator Loss: 4.0415
D(x): 0.9292, D(G(z)): 0.2582
Figure(1600x1600)
Epoch: [200/10000], Batch Num: [0/4]
Discriminator Loss: 1.1003, Generator Loss: 2.8905
D(x): 0.4032, D(G(z)): 0.0136
Figure(1600x1600)
Epoch: [201/10000], Batch Num: [0/4]
Discriminator Loss: 0.4610, Generator Loss: 2.6136
D(x): 0.8076, D(G(z)): 0.1833
Figure(1600x1600)
Epoch: [202/10000], Batch Num: [0/4]
Discriminator Loss: 1.8627, Generator Loss: 3.9613
D(x): 0.9727, D(G(z)): 0.7884
Figure(1600x1600)
Epoch: [203/10000], Batch Num: [0/4]
Discriminator Loss: 1.0353, Generator Loss: 1.9303
D(x): 0.4171, D(G(z)): 0.0333
Figure(1600x1600)
Epoch: [204/10000], Batch Num: [0/4]
Discriminator Loss: 1.0073, Generator Loss: 4.0196
D(x): 0.9509, D(G(z)): 0.5602
Figure(1600x1600)
Epoch: [205/10000], Batch Num: [0/4]
Discriminator Loss: 0.5378, Generator Loss: 3.4654
D(x): 0.9193, D(G(z)): 0.3356
Figure(1600x1600)
Epoch: [206/10000], Batch Num: [0/4]
Discriminator Loss: 0.7046, Generator Loss: 3.8324
D(x): 0.9360, D(G(z)): 0.4304
Figure(1600x1600)
Epoch: [207/10000], Batch Num: [0/4]
Discriminator Loss: 0.3433, Generator Loss: 2.8968
D(x): 0.8485, D(G(z)): 0.1485
Figure(1600x1600)
Epoch: [208/10000], Batch Num: [0/4]
Discriminator Loss: 0.7946, Generator Loss: 4.0787
D(x): 0.9524, D(G(z)): 0.4681
Figure(1600x1600)
Epoch: [209/10000], Batch Num: [0/4]
Discriminator Loss: 0.3762, Generator Loss: 3.3987
D(x): 0.8857, D(G(z)): 0.1996
Figure(1600x1600)
Epoch: [210/10000], Batch Num: [0/4]
Discriminator Loss: 0.3951, Generator Loss: 2.7185
D(x): 0.7656, D(G(z)): 0.1016
Figure(1600x1600)
Epoch: [211/10000], Batch Num: [0/4]
Discriminator Loss: 0.4460, Generator Loss: 4.4680
D(x): 0.9258, D(G(z)): 0.2792
Figure(1600x1600)
Epoch: [212/10000], Batch Num: [0/4]
Discriminator Loss: 0.7115, Generator Loss: 4.5013
D(x): 0.9753, D(G(z)): 0.4439
Figure(1600x1600)
Epoch: [213/10000], Batch Num: [0/4]
Discriminator Loss: 0.4208, Generator Loss: 3.6321
D(x): 0.9191, D(G(z)): 0.2556
Figure(1600x1600)
Epoch: [214/10000], Batch Num: [0/4]
Discriminator Loss: 1.0222, Generator Loss: 5.1988
D(x): 0.9378, D(G(z)): 0.5408
Figure(1600x1600)
Epoch: [215/10000], Batch Num: [0/4]
Discriminator Loss: 0.3490, Generator Loss: 3.2673
D(x): 0.8659, D(G(z)): 0.1678
Figure(1600x1600)
Epoch: [216/10000], Batch Num: [0/4]
Discriminator Loss: 0.9583, Generator Loss: 4.5957
D(x): 0.9798, D(G(z)): 0.5453
Figure(1600x1600)
Epoch: [217/10000], Batch Num: [0/4]
Discriminator Loss: 0.5259, Generator Loss: 1.6457
D(x): 0.6830, D(G(z)): 0.0744
Figure(1600x1600)
Epoch: [218/10000], Batch Num: [0/4]
Discriminator Loss: 0.6276, Generator Loss: 4.0458
D(x): 0.9306, D(G(z)): 0.3865
Figure(1600x1600)
Epoch: [219/10000], Batch Num: [0/4]
Discriminator Loss: 0.4674, Generator Loss: 3.6742
D(x): 0.9114, D(G(z)): 0.2857
Figure(1600x1600)
Epoch: [220/10000], Batch Num: [0/4]
Discriminator Loss: 0.6373, Generator Loss: 4.6745
D(x): 0.9684, D(G(z)): 0.4132
Figure(1600x1600)
Epoch: [221/10000], Batch Num: [0/4]
Discriminator Loss: 0.2776, Generator Loss: 3.2300
D(x): 0.8316, D(G(z)): 0.0754
Figure(1600x1600)
Epoch: [222/10000], Batch Num: [0/4]
Discriminator Loss: 0.6286, Generator Loss: 5.2715
D(x): 0.9823, D(G(z)): 0.4131
Figure(1600x1600)
Epoch: [223/10000], Batch Num: [0/4]
Discriminator Loss: 0.3649, Generator Loss: 3.5331
D(x): 0.8901, D(G(z)): 0.2014
Figure(1600x1600)
Epoch: [224/10000], Batch Num: [0/4]
Discriminator Loss: 0.2197, Generator Loss: 4.4115
D(x): 0.9439, D(G(z)): 0.1436
Figure(1600x1600)
Epoch: [225/10000], Batch Num: [0/4]
Discriminator Loss: 0.7661, Generator Loss: 5.6214
D(x): 0.9923, D(G(z)): 0.4617
Figure(1600x1600)
Epoch: [226/10000], Batch Num: [0/4]
Discriminator Loss: 1.1498, Generator Loss: 4.5171
D(x): 0.3917, D(G(z)): 0.0029
Figure(1600x1600)
Epoch: [227/10000], Batch Num: [0/4]
Discriminator Loss: 2.7850, Generator Loss: 6.8925
D(x): 0.9970, D(G(z)): 0.8865
Figure(1600x1600)
Epoch: [228/10000], Batch Num: [0/4]
Discriminator Loss: 1.2082, Generator Loss: 2.8196
D(x): 0.7361, D(G(z)): 0.4966
Figure(1600x1600)
Epoch: [229/10000], Batch Num: [0/4]
Discriminator Loss: 1.0878, Generator Loss: 2.4791
D(x): 0.7610, D(G(z)): 0.4637
Figure(1600x1600)
Epoch: [230/10000], Batch Num: [0/4]
Discriminator Loss: 1.0142, Generator Loss: 2.2301
D(x): 0.6989, D(G(z)): 0.4153
Figure(1600x1600)
Epoch: [231/10000], Batch Num: [0/4]
Discriminator Loss: 0.9352, Generator Loss: 1.6222
D(x): 0.4933, D(G(z)): 0.1017
Figure(1600x1600)
Epoch: [232/10000], Batch Num: [0/4]
Discriminator Loss: 0.4779, Generator Loss: 2.4391
D(x): 0.8498, D(G(z)): 0.2434
Figure(1600x1600)
Epoch: [233/10000], Batch Num: [0/4]
Discriminator Loss: 0.5100, Generator Loss: 3.2571
D(x): 0.7802, D(G(z)): 0.2041
Figure(1600x1600)
Epoch: [234/10000], Batch Num: [0/4]
Discriminator Loss: 0.4096, Generator Loss: 3.0019
D(x): 0.8011, D(G(z)): 0.1533
Figure(1600x1600)
Epoch: [235/10000], Batch Num: [0/4]
Discriminator Loss: 0.3187, Generator Loss: 3.0625
D(x): 0.8629, D(G(z)): 0.1461
Figure(1600x1600)
Epoch: [236/10000], Batch Num: [0/4]
Discriminator Loss: 0.7664, Generator Loss: 4.5431
D(x): 0.9644, D(G(z)): 0.4762
Figure(1600x1600)
Epoch: [237/10000], Batch Num: [0/4]
Discriminator Loss: 0.3864, Generator Loss: 2.3947
D(x): 0.7483, D(G(z)): 0.0628
Figure(1600x1600)
Epoch: [238/10000], Batch Num: [0/4]
Discriminator Loss: 0.5233, Generator Loss: 3.7315
D(x): 0.9467, D(G(z)): 0.3455
Figure(1600x1600)
Epoch: [239/10000], Batch Num: [0/4]
Discriminator Loss: 0.3275, Generator Loss: 2.7054
D(x): 0.8296, D(G(z)): 0.1204
Figure(1600x1600)
Epoch: [240/10000], Batch Num: [0/4]
Discriminator Loss: 0.4425, Generator Loss: 4.0379
D(x): 0.9152, D(G(z)): 0.2716
Figure(1600x1600)
Epoch: [241/10000], Batch Num: [0/4]
Discriminator Loss: 0.2430, Generator Loss: 3.3106
D(x): 0.9148, D(G(z)): 0.1360
Figure(1600x1600)
Epoch: [242/10000], Batch Num: [0/4]
Discriminator Loss: 0.3830, Generator Loss: 3.4694
D(x): 0.9184, D(G(z)): 0.2398
Figure(1600x1600)
Epoch: [243/10000], Batch Num: [0/4]
Discriminator Loss: 0.3655, Generator Loss: 4.3333
D(x): 0.9627, D(G(z)): 0.2594
Figure(1600x1600)
Epoch: [244/10000], Batch Num: [0/4]
Discriminator Loss: 0.4433, Generator Loss: 4.1631
D(x): 0.9695, D(G(z)): 0.3013
Figure(1600x1600)
Epoch: [245/10000], Batch Num: [0/4]
Discriminator Loss: 0.3093, Generator Loss: 3.4262
D(x): 0.8877, D(G(z)): 0.1612
Figure(1600x1600)
Epoch: [246/10000], Batch Num: [0/4]
Discriminator Loss: 1.0425, Generator Loss: 6.2865
D(x): 0.9845, D(G(z)): 0.5624
Figure(1600x1600)
Epoch: [247/10000], Batch Num: [0/4]
Discriminator Loss: 0.2979, Generator Loss: 3.7380
D(x): 0.9512, D(G(z)): 0.2020
Figure(1600x1600)
Epoch: [248/10000], Batch Num: [0/4]
Discriminator Loss: 0.3902, Generator Loss: 2.0368
D(x): 0.7362, D(G(z)): 0.0479
Figure(1600x1600)
Epoch: [249/10000], Batch Num: [0/4]
Discriminator Loss: 0.7910, Generator Loss: 6.1549
D(x): 0.9866, D(G(z)): 0.4888
Figure(1600x1600)
Epoch: [250/10000], Batch Num: [0/4]
Discriminator Loss: 0.4545, Generator Loss: 4.9391
D(x): 0.9507, D(G(z)): 0.2892
Figure(1600x1600)
Epoch: [251/10000], Batch Num: [0/4]
Discriminator Loss: 0.8834, Generator Loss: 3.8284
D(x): 0.9743, D(G(z)): 0.4933
Figure(1600x1600)
Epoch: [252/10000], Batch Num: [0/4]
Discriminator Loss: 0.4822, Generator Loss: 3.6395
D(x): 0.7935, D(G(z)): 0.1727
Figure(1600x1600)
Epoch: [253/10000], Batch Num: [0/4]
Discriminator Loss: 0.4311, Generator Loss: 2.7679
D(x): 0.9199, D(G(z)): 0.2680
Figure(1600x1600)
Epoch: [254/10000], Batch Num: [0/4]
Discriminator Loss: 0.6432, Generator Loss: 4.5354
D(x): 0.9454, D(G(z)): 0.3875
Figure(1600x1600)
Epoch: [255/10000], Batch Num: [0/4]
Discriminator Loss: 0.3350, Generator Loss: 3.6115
D(x): 0.8748, D(G(z)): 0.1662
Figure(1600x1600)
Epoch: [256/10000], Batch Num: [0/4]
Discriminator Loss: 0.3488, Generator Loss: 2.9420
D(x): 0.7612, D(G(z)): 0.0471
Figure(1600x1600)
Epoch: [257/10000], Batch Num: [0/4]
Discriminator Loss: 0.3415, Generator Loss: 3.1239
D(x): 0.9168, D(G(z)): 0.2055
Figure(1600x1600)
Epoch: [258/10000], Batch Num: [0/4]
Discriminator Loss: 0.3280, Generator Loss: 4.7182
D(x): 0.9580, D(G(z)): 0.2328
Figure(1600x1600)
Epoch: [259/10000], Batch Num: [0/4]
Discriminator Loss: 0.4944, Generator Loss: 2.1596
D(x): 0.6535, D(G(z)): 0.0292
Figure(1600x1600)
Epoch: [260/10000], Batch Num: [0/4]
Discriminator Loss: 1.3566, Generator Loss: 6.9943
D(x): 0.9913, D(G(z)): 0.6743
Figure(1600x1600)
Epoch: [261/10000], Batch Num: [0/4]
Discriminator Loss: 0.3423, Generator Loss: 2.6354
D(x): 0.7784, D(G(z)): 0.0655
Figure(1600x1600)
Epoch: [262/10000], Batch Num: [0/4]
Discriminator Loss: 0.2715, Generator Loss: 3.0754
D(x): 0.8275, D(G(z)): 0.0651
Figure(1600x1600)
Epoch: [263/10000], Batch Num: [0/4]
Discriminator Loss: 0.4741, Generator Loss: 4.0895
D(x): 0.9579, D(G(z)): 0.3132
Figure(1600x1600)
Epoch: [264/10000], Batch Num: [0/4]
Discriminator Loss: 0.2643, Generator Loss: 4.0955
D(x): 0.9450, D(G(z)): 0.1763
Figure(1600x1600)
Epoch: [265/10000], Batch Num: [0/4]
Discriminator Loss: 0.7807, Generator Loss: 6.2643
D(x): 0.9851, D(G(z)): 0.4884
Figure(1600x1600)
Epoch: [266/10000], Batch Num: [0/4]
Discriminator Loss: 0.2964, Generator Loss: 2.6752
D(x): 0.8433, D(G(z)): 0.0929
Figure(1600x1600)
Epoch: [267/10000], Batch Num: [0/4]
Discriminator Loss: 0.2166, Generator Loss: 4.0250
D(x): 0.9218, D(G(z)): 0.1153
Figure(1600x1600)
Epoch: [268/10000], Batch Num: [0/4]
Discriminator Loss: 0.2327, Generator Loss: 3.4971
D(x): 0.8427, D(G(z)): 0.0469
Figure(1600x1600)
Epoch: [269/10000], Batch Num: [0/4]
Discriminator Loss: 0.2139, Generator Loss: 3.4301
D(x): 0.9042, D(G(z)): 0.0988
Figure(1600x1600)
Epoch: [270/10000], Batch Num: [0/4]
Discriminator Loss: 0.2401, Generator Loss: 3.6985
D(x): 0.9586, D(G(z)): 0.1687
Figure(1600x1600)
Epoch: [271/10000], Batch Num: [0/4]
Discriminator Loss: 0.1743, Generator Loss: 3.6807
D(x): 0.8898, D(G(z)): 0.0517
Figure(1600x1600)
Epoch: [272/10000], Batch Num: [0/4]
Discriminator Loss: 0.2499, Generator Loss: 4.4473
D(x): 0.9768, D(G(z)): 0.1869
Figure(1600x1600)
Epoch: [273/10000], Batch Num: [0/4]
Discriminator Loss: 0.3699, Generator Loss: 5.4270
D(x): 0.9785, D(G(z)): 0.2634
Figure(1600x1600)
Epoch: [274/10000], Batch Num: [0/4]
Discriminator Loss: 1.0976, Generator Loss: 7.5982
D(x): 0.9931, D(G(z)): 0.5618
Figure(1600x1600)
Epoch: [275/10000], Batch Num: [0/4]
Discriminator Loss: 1.7302, Generator Loss: 5.7700
D(x): 0.9924, D(G(z)): 0.7184
Figure(1600x1600)
Epoch: [276/10000], Batch Num: [0/4]
Discriminator Loss: 0.4679, Generator Loss: 3.3281
D(x): 0.7459, D(G(z)): 0.1014
Figure(1600x1600)
Epoch: [277/10000], Batch Num: [0/4]
Discriminator Loss: 0.4180, Generator Loss: 2.2920
D(x): 0.7848, D(G(z)): 0.1263
Figure(1600x1600)
Epoch: [278/10000], Batch Num: [0/4]
Discriminator Loss: 1.1978, Generator Loss: 5.7930
D(x): 0.9873, D(G(z)): 0.5986
Figure(1600x1600)
Epoch: [279/10000], Batch Num: [0/4]
Discriminator Loss: 0.3064, Generator Loss: 4.3793
D(x): 0.7836, D(G(z)): 0.0218
Figure(1600x1600)
Epoch: [280/10000], Batch Num: [0/4]
Discriminator Loss: 0.2121, Generator Loss: 3.6418
D(x): 0.8488, D(G(z)): 0.0344
Figure(1600x1600)
Epoch: [281/10000], Batch Num: [0/4]
Discriminator Loss: 0.1836, Generator Loss: 2.2361
D(x): 0.9399, D(G(z)): 0.1013
Figure(1600x1600)
Epoch: [282/10000], Batch Num: [0/4]
Discriminator Loss: 0.3354, Generator Loss: 3.3650
D(x): 0.9203, D(G(z)): 0.1974
Figure(1600x1600)
Epoch: [283/10000], Batch Num: [0/4]
Discriminator Loss: 0.2413, Generator Loss: 2.8802
D(x): 0.8766, D(G(z)): 0.0907
Figure(1600x1600)
Epoch: [284/10000], Batch Num: [0/4]
Discriminator Loss: 0.3006, Generator Loss: 4.6492
D(x): 0.9722, D(G(z)): 0.2122
Figure(1600x1600)
Epoch: [285/10000], Batch Num: [0/4]
Discriminator Loss: 0.2078, Generator Loss: 4.2968
D(x): 0.9472, D(G(z)): 0.1325
Figure(1600x1600)
Epoch: [286/10000], Batch Num: [0/4]
Discriminator Loss: 0.1708, Generator Loss: 4.0957
D(x): 0.8950, D(G(z)): 0.0539
Figure(1600x1600)
Epoch: [287/10000], Batch Num: [0/4]
Discriminator Loss: 0.2346, Generator Loss: 4.3524
D(x): 0.9535, D(G(z)): 0.1601
Figure(1600x1600)
Epoch: [288/10000], Batch Num: [0/4]
Discriminator Loss: 0.1332, Generator Loss: 3.7380
D(x): 0.9372, D(G(z)): 0.0633
Figure(1600x1600)
Epoch: [289/10000], Batch Num: [0/4]
Discriminator Loss: 0.2957, Generator Loss: 5.3532
D(x): 0.9857, D(G(z)): 0.2256
Figure(1600x1600)
Epoch: [290/10000], Batch Num: [0/4]
Discriminator Loss: 0.0988, Generator Loss: 3.8927
D(x): 0.9535, D(G(z)): 0.0475
Figure(1600x1600)
Epoch: [291/10000], Batch Num: [0/4]
Discriminator Loss: 0.1683, Generator Loss: 4.4955
D(x): 0.9721, D(G(z)): 0.1218
Figure(1600x1600)
Epoch: [292/10000], Batch Num: [0/4]
Discriminator Loss: 0.9707, Generator Loss: 8.0173
D(x): 0.9962, D(G(z)): 0.5497
Figure(1600x1600)
Epoch: [293/10000], Batch Num: [0/4]
Discriminator Loss: 4.7060, Generator Loss: 2.6965
D(x): 0.9993, D(G(z)): 0.9688
Figure(1600x1600)
Epoch: [294/10000], Batch Num: [0/4]
Discriminator Loss: 0.4074, Generator Loss: 3.8035
D(x): 0.8885, D(G(z)): 0.2105
Figure(1600x1600)
Epoch: [295/10000], Batch Num: [0/4]
Discriminator Loss: 0.7981, Generator Loss: 4.0434
D(x): 0.9193, D(G(z)): 0.4458
Figure(1600x1600)
Epoch: [296/10000], Batch Num: [0/4]
Discriminator Loss: 0.3507, Generator Loss: 3.6406
D(x): 0.8315, D(G(z)): 0.1292
Figure(1600x1600)
Epoch: [297/10000], Batch Num: [0/4]
Discriminator Loss: 0.3394, Generator Loss: 3.0320
D(x): 0.8346, D(G(z)): 0.1223
Figure(1600x1600)
Epoch: [298/10000], Batch Num: [0/4]
Discriminator Loss: 0.5369, Generator Loss: 4.8988
D(x): 0.9844, D(G(z)): 0.3515
Figure(1600x1600)
Epoch: [299/10000], Batch Num: [0/4]
Discriminator Loss: 0.2800, Generator Loss: 4.1890
D(x): 0.9707, D(G(z)): 0.1986
Figure(1600x1600)
Epoch: [300/10000], Batch Num: [0/4]
Discriminator Loss: 0.1664, Generator Loss: 3.5740
D(x): 0.9371, D(G(z)): 0.0735
Figure(1600x1600)
Epoch: [301/10000], Batch Num: [0/4]
Discriminator Loss: 1.3493, Generator Loss: 7.4184
D(x): 0.9893, D(G(z)): 0.6563
Figure(1600x1600)
Epoch: [302/10000], Batch Num: [0/4]
Discriminator Loss: 0.3274, Generator Loss: 3.2506
D(x): 0.8555, D(G(z)): 0.1418
Figure(1600x1600)
Epoch: [303/10000], Batch Num: [0/4]
Discriminator Loss: 0.8374, Generator Loss: 5.5215
D(x): 0.9831, D(G(z)): 0.4994
Figure(1600x1600)
Epoch: [304/10000], Batch Num: [0/4]
Discriminator Loss: 0.3806, Generator Loss: 4.3628
D(x): 0.9537, D(G(z)): 0.2480
Figure(1600x1600)
Epoch: [305/10000], Batch Num: [0/4]
Discriminator Loss: 0.2622, Generator Loss: 3.2785
D(x): 0.8220, D(G(z)): 0.0496
Figure(1600x1600)
Epoch: [306/10000], Batch Num: [0/4]
Discriminator Loss: 0.4683, Generator Loss: 5.1069
D(x): 0.9849, D(G(z)): 0.3304
Figure(1600x1600)
Epoch: [307/10000], Batch Num: [0/4]
Discriminator Loss: 0.1130, Generator Loss: 4.4698
D(x): 0.9525, D(G(z)): 0.0593
Figure(1600x1600)
Epoch: [308/10000], Batch Num: [0/4]
Discriminator Loss: 0.1368, Generator Loss: 3.8123
D(x): 0.9616, D(G(z)): 0.0885
Figure(1600x1600)
Epoch: [309/10000], Batch Num: [0/4]
Discriminator Loss: 0.1773, Generator Loss: 4.1690
D(x): 0.9654, D(G(z)): 0.1241
Figure(1600x1600)
Epoch: [310/10000], Batch Num: [0/4]
Discriminator Loss: 0.1456, Generator Loss: 3.9675
D(x): 0.9438, D(G(z)): 0.0784
Figure(1600x1600)
Epoch: [311/10000], Batch Num: [0/4]
Discriminator Loss: 0.1913, Generator Loss: 3.8560
D(x): 0.9684, D(G(z)): 0.1383
Figure(1600x1600)
Epoch: [312/10000], Batch Num: [0/4]
Discriminator Loss: 0.1613, Generator Loss: 3.5705
D(x): 0.9274, D(G(z)): 0.0772
Figure(1600x1600)
Epoch: [313/10000], Batch Num: [0/4]
Discriminator Loss: 0.2193, Generator Loss: 4.3584
D(x): 0.9780, D(G(z)): 0.1635
Figure(1600x1600)
Epoch: [314/10000], Batch Num: [0/4]
Discriminator Loss: 0.1100, Generator Loss: 4.2305
D(x): 0.9574, D(G(z)): 0.0609
Figure(1600x1600)
Epoch: [315/10000], Batch Num: [0/4]
Discriminator Loss: 0.1864, Generator Loss: 4.5563
D(x): 0.9768, D(G(z)): 0.1397
Figure(1600x1600)
Epoch: [316/10000], Batch Num: [0/4]
Discriminator Loss: 0.1538, Generator Loss: 4.6235
D(x): 0.9787, D(G(z)): 0.1190
Figure(1600x1600)
Epoch: [317/10000], Batch Num: [0/4]
Discriminator Loss: 0.1388, Generator Loss: 4.1174
D(x): 0.9743, D(G(z)): 0.1024
Traceback (most recent call last):
  File "DCGAN-face.py", line 262, in <module>
    logger.save_models(generator, discriminator, epoch)
  File "/root/RTML/2021JanRTML/lab7/logger.py", line 118, in save_models
    '{}/G_epoch_{}'.format(out_dir, epoch))
  File "/usr/local/lib/python3.6/dist-packages/torch/serialization.py", line 224, in save
    return _with_file_like(f, "wb", lambda f: _save(obj, f, pickle_module, pickle_protocol))
  File "/usr/local/lib/python3.6/dist-packages/torch/serialization.py", line 152, in _with_file_like
    f.close()
KeyboardInterrupt
